<?xml version="1.0" encoding="utf-8"?>
<coverage line-rate="0.9067000000000001" branch-rate="0.7533" version="1.9" timestamp="1606900736" lines-covered="632" lines-valid="697" branches-covered="113" branches-valid="150">
  <sources>
    <source>C:\Users\User\</source>
  </sources>
  <packages>
    <package name="Kupid" line-rate="0.838" branch-rate="0.7533" complexity="175">
      <classes>
        <class name="Kupid.Chat" filename="Source\Repos\VerifikacijaIValidacijaSoftvera-Vjezbe1\Kupid\Kupid\Chat.cs" line-rate="0.875" branch-rate="0.5" complexity="14">
          <methods>
            <method name="get_Korisnici" signature="()" line-rate="1" branch-rate="1" complexity="1">
              <lines>
                <line number="21" hits="7" branch="False" />
              </lines>
            </method>
            <method name="get_Poruke" signature="()" line-rate="1" branch-rate="1" complexity="1">
              <lines>
                <line number="26" hits="16" branch="False" />
              </lines>
            </method>
            <method name="get_PocetakChata" signature="()" line-rate="1" branch-rate="1" complexity="1">
              <lines>
                <line number="31" hits="3" branch="False" />
              </lines>
            </method>
            <method name="set_PocetakChata" signature="(System.DateTime)" line-rate="0.8" branch-rate="0.5" complexity="2">
              <lines>
                <line number="33" hits="30" branch="False" />
                <line number="34" hits="30" branch="True" condition-coverage="50% (1/2)">
                  <conditions>
                    <condition number="14" type="jump" coverage="50%" />
                  </conditions>
                </line>
                <line number="35" hits="0" branch="False" />
                <line number="37" hits="30" branch="False" />
                <line number="38" hits="30" branch="False" />
              </lines>
            </method>
            <method name="get_NajnovijaPoruka" signature="()" line-rate="0" branch-rate="1" complexity="1">
              <lines>
                <line number="43" hits="0" branch="False" />
              </lines>
            </method>
            <method name="set_NajnovijaPoruka" signature="(System.DateTime)" line-rate="0.8" branch-rate="0.5" complexity="2">
              <lines>
                <line number="45" hits="4" branch="False" />
                <line number="46" hits="4" branch="True" condition-coverage="50% (1/2)">
                  <conditions>
                    <condition number="14" type="jump" coverage="50%" />
                  </conditions>
                </line>
                <line number="47" hits="0" branch="False" />
                <line number="49" hits="4" branch="False" />
                <line number="50" hits="4" branch="False" />
              </lines>
            </method>
            <method name="DodajNovuPoruku" signature="(Kupid.Korisnik,Kupid.Korisnik,System.String)" line-rate="0.8332999999999999" branch-rate="0.5" complexity="4">
              <lines>
                <line number="84" hits="29" branch="False" />
                <line number="85" hits="29" branch="True" condition-coverage="50% (2/4)">
                  <conditions>
                    <condition number="7" type="jump" coverage="50%" />
                    <condition number="25" type="jump" coverage="50%" />
                  </conditions>
                </line>
                <line number="86" hits="0" branch="False" />
                <line number="88" hits="29" branch="False" />
                <line number="89" hits="28" branch="False" />
                <line number="91" hits="28" branch="False" />
              </lines>
            </method>
            <method name=".ctor" signature="(Kupid.Korisnik,Kupid.Korisnik)" line-rate="1" branch-rate="1" complexity="1">
              <lines>
                <line number="57" hits="15" branch="False" />
                <line number="58" hits="15" branch="False" />
                <line number="59" hits="15" branch="False" />
                <line number="60" hits="15" branch="False" />
                <line number="61" hits="15" branch="False" />
                <line number="62" hits="15" branch="False" />
              </lines>
            </method>
            <method name=".ctor" signature="()" line-rate="1" branch-rate="1" complexity="1">
              <lines>
                <line number="64" hits="8" branch="False" />
                <line number="65" hits="8" branch="False" />
                <line number="66" hits="8" branch="False" />
                <line number="67" hits="8" branch="False" />
                <line number="68" hits="8" branch="False" />
                <line number="69" hits="8" branch="False" />
              </lines>
            </method>
          </methods>
          <lines>
            <line number="21" hits="7" branch="False" />
            <line number="26" hits="16" branch="False" />
            <line number="31" hits="3" branch="False" />
            <line number="33" hits="30" branch="False" />
            <line number="34" hits="30" branch="True" condition-coverage="50% (1/2)">
              <conditions>
                <condition number="14" type="jump" coverage="50%" />
              </conditions>
            </line>
            <line number="35" hits="0" branch="False" />
            <line number="37" hits="30" branch="False" />
            <line number="38" hits="30" branch="False" />
            <line number="43" hits="0" branch="False" />
            <line number="45" hits="4" branch="False" />
            <line number="46" hits="4" branch="True" condition-coverage="50% (1/2)">
              <conditions>
                <condition number="14" type="jump" coverage="50%" />
              </conditions>
            </line>
            <line number="47" hits="0" branch="False" />
            <line number="49" hits="4" branch="False" />
            <line number="50" hits="4" branch="False" />
            <line number="84" hits="29" branch="False" />
            <line number="85" hits="29" branch="True" condition-coverage="50% (2/4)">
              <conditions>
                <condition number="7" type="jump" coverage="50%" />
                <condition number="25" type="jump" coverage="50%" />
              </conditions>
            </line>
            <line number="86" hits="0" branch="False" />
            <line number="88" hits="29" branch="False" />
            <line number="89" hits="28" branch="False" />
            <line number="91" hits="28" branch="False" />
            <line number="57" hits="15" branch="False" />
            <line number="58" hits="15" branch="False" />
            <line number="59" hits="15" branch="False" />
            <line number="60" hits="15" branch="False" />
            <line number="61" hits="15" branch="False" />
            <line number="62" hits="15" branch="False" />
            <line number="64" hits="8" branch="False" />
            <line number="65" hits="8" branch="False" />
            <line number="66" hits="8" branch="False" />
            <line number="67" hits="8" branch="False" />
            <line number="68" hits="8" branch="False" />
            <line number="69" hits="8" branch="False" />
          </lines>
        </class>
        <class name="Kupid.GrupniChat" filename="Source\Repos\VerifikacijaIValidacijaSoftvera-Vjezbe1\Kupid\Kupid\GrupniChat.cs" line-rate="1" branch-rate="1" complexity="12">
          <methods>
            <method name="PosaljiPorukuViseKorisnika" signature="(Kupid.Korisnik,System.Collections.Generic.List`1&lt;Kupid.Korisnik&gt;,System.String)" line-rate="1" branch-rate="1" complexity="10">
              <lines>
                <line number="29" hits="4" branch="False" />
                <line number="30" hits="4" branch="True" condition-coverage="100% (8/8)">
                  <conditions>
                    <condition number="2" type="jump" coverage="100%" />
                    <condition number="5" type="jump" coverage="100%" />
                    <condition number="14" type="jump" coverage="100%" />
                    <condition number="27" type="jump" coverage="100%" />
                  </conditions>
                </line>
                <line number="31" hits="3" branch="False" />
                <line number="33" hits="11" branch="True" condition-coverage="100% (2/2)">
                  <conditions>
                    <condition number="99" type="jump" coverage="100%" />
                  </conditions>
                </line>
                <line number="34" hits="4" branch="False" />
                <line number="35" hits="4" branch="False" />
                <line number="36" hits="4" branch="False" />
                <line number="37" hits="4" branch="False" />
                <line number="38" hits="1" branch="False" />
              </lines>
            </method>
            <method name=".ctor" signature="(System.Collections.Generic.List`1&lt;Kupid.Korisnik&gt;)" line-rate="1" branch-rate="1" complexity="2">
              <lines>
                <line number="12" hits="7" branch="False" />
                <line number="13" hits="7" branch="False" />
                <line number="14" hits="7" branch="True" condition-coverage="100% (2/2)">
                  <conditions>
                    <condition number="14" type="jump" coverage="100%" />
                  </conditions>
                </line>
                <line number="15" hits="1" branch="False" />
                <line number="18" hits="6" branch="False" />
                <line number="20" hits="7" branch="False" />
                <line number="21" hits="7" branch="False" />
                <line number="22" hits="7" branch="False" />
              </lines>
            </method>
          </methods>
          <lines>
            <line number="29" hits="4" branch="False" />
            <line number="30" hits="4" branch="True" condition-coverage="100% (8/8)">
              <conditions>
                <condition number="2" type="jump" coverage="100%" />
                <condition number="5" type="jump" coverage="100%" />
                <condition number="14" type="jump" coverage="100%" />
                <condition number="27" type="jump" coverage="100%" />
              </conditions>
            </line>
            <line number="31" hits="3" branch="False" />
            <line number="33" hits="11" branch="True" condition-coverage="100% (2/2)">
              <conditions>
                <condition number="99" type="jump" coverage="100%" />
              </conditions>
            </line>
            <line number="34" hits="4" branch="False" />
            <line number="35" hits="4" branch="False" />
            <line number="36" hits="4" branch="False" />
            <line number="37" hits="4" branch="False" />
            <line number="38" hits="1" branch="False" />
            <line number="12" hits="7" branch="False" />
            <line number="13" hits="7" branch="False" />
            <line number="14" hits="7" branch="True" condition-coverage="100% (2/2)">
              <conditions>
                <condition number="14" type="jump" coverage="100%" />
              </conditions>
            </line>
            <line number="15" hits="1" branch="False" />
            <line number="18" hits="6" branch="False" />
            <line number="20" hits="7" branch="False" />
            <line number="21" hits="7" branch="False" />
            <line number="22" hits="7" branch="False" />
          </lines>
        </class>
        <class name="Kupid.Komunikator" filename="Source\Repos\VerifikacijaIValidacijaSoftvera-Vjezbe1\Kupid\Kupid\Komunikator.cs" line-rate="0.6516" branch-rate="0.5832999999999999" complexity="75">
          <methods>
            <method name="get_Korisnici" signature="()" line-rate="1" branch-rate="1" complexity="1">
              <lines>
                <line number="20" hits="4" branch="False" />
              </lines>
            </method>
            <method name="get_Razgovori" signature="()" line-rate="1" branch-rate="1" complexity="1">
              <lines>
                <line number="25" hits="8" branch="False" />
              </lines>
            </method>
            <method name="RadSaKorisnikom" signature="(Kupid.Korisnik,System.Int32)" line-rate="0.3333" branch-rate="0.1875" complexity="16">
              <lines>
                <line number="43" hits="6" branch="False" />
                <line number="44" hits="6" branch="True" condition-coverage="50% (1/2)">
                  <conditions>
                    <condition number="20" type="jump" coverage="50%" />
                  </conditions>
                </line>
                <line number="45" hits="6" branch="False" />
                <line number="46" hits="9" branch="False" />
                <line number="47" hits="6" branch="True" condition-coverage="50% (1/2)">
                  <conditions>
                    <condition number="53" type="jump" coverage="50%" />
                  </conditions>
                </line>
                <line number="48" hits="0" branch="False" />
                <line number="50" hits="6" branch="False" />
                <line number="51" hits="6" branch="False" />
                <line number="52" hits="0" branch="True" condition-coverage="50% (1/2)">
                  <conditions>
                    <condition number="98" type="jump" coverage="50%" />
                  </conditions>
                </line>
                <line number="53" hits="0" branch="False" />
                <line number="54" hits="0" branch="False" />
                <line number="55" hits="0" branch="True" condition-coverage="0% (0/2)">
                  <conditions>
                    <condition number="138" type="jump" coverage="0%" />
                  </conditions>
                </line>
                <line number="56" hits="0" branch="False" />
                <line number="58" hits="0" branch="False" />
                <line number="60" hits="0" branch="False" />
                <line number="61" hits="0" branch="True" condition-coverage="0% (0/2)">
                  <conditions>
                    <condition number="274" type="jump" coverage="0%" />
                  </conditions>
                </line>
                <line number="62" hits="0" branch="False" />
                <line number="63" hits="0" branch="True" condition-coverage="0% (0/4)">
                  <conditions>
                    <condition number="216" type="jump" coverage="0%" />
                    <condition number="254" type="jump" coverage="0%" />
                  </conditions>
                </line>
                <line number="64" hits="0" branch="False" />
                <line number="65" hits="0" branch="False" />
                <line number="67" hits="0" branch="True" condition-coverage="0% (0/2)">
                  <conditions>
                    <condition number="335" type="jump" coverage="0%" />
                  </conditions>
                </line>
                <line number="68" hits="0" branch="False" />
                <line number="69" hits="0" branch="False" />
                <line number="70" hits="6" branch="False" />
              </lines>
            </method>
            <method name="DodavanjeRazgovora" signature="(System.Collections.Generic.List`1&lt;Kupid.Korisnik&gt;,System.Boolean)" line-rate="0" branch-rate="0" complexity="10">
              <lines>
                <line number="73" hits="0" branch="False" />
                <line number="74" hits="0" branch="True" condition-coverage="0% (0/8)">
                  <conditions>
                    <condition number="2" type="jump" coverage="0%" />
                    <condition number="11" type="jump" coverage="0%" />
                    <condition number="14" type="jump" coverage="0%" />
                    <condition number="33" type="jump" coverage="0%" />
                  </conditions>
                </line>
                <line number="75" hits="0" branch="False" />
                <line number="77" hits="0" branch="True" condition-coverage="0% (0/2)">
                  <conditions>
                    <condition number="49" type="jump" coverage="0%" />
                  </conditions>
                </line>
                <line number="78" hits="0" branch="False" />
                <line number="81" hits="0" branch="False" />
                <line number="82" hits="0" branch="False" />
              </lines>
            </method>
            <method name="IzlistavanjeSvihPorukaSaSadržajem" signature="(System.String)" line-rate="0.9166" branch-rate="0.9285" complexity="14">
              <lines>
                <line number="91" hits="3" branch="False" />
                <line number="92" hits="3" branch="False" />
                <line number="94" hits="0" branch="True" condition-coverage="50% (1/2)">
                  <conditions>
                    <condition number="13" type="jump" coverage="50%" />
                  </conditions>
                </line>
                <line number="95" hits="4" branch="True" condition-coverage="100% (2/2)">
                  <conditions>
                    <condition number="42" type="jump" coverage="100%" />
                  </conditions>
                </line>
                <line number="96" hits="24" branch="True" condition-coverage="100% (2/2)">
                  <conditions>
                    <condition number="224" type="jump" coverage="100%" />
                  </conditions>
                </line>
                <line number="97" hits="84" branch="True" condition-coverage="100% (2/2)">
                  <conditions>
                    <condition number="197" type="jump" coverage="100%" />
                  </conditions>
                </line>
                <line number="98" hits="22" branch="True" condition-coverage="100% (6/6)">
                  <conditions>
                    <condition number="123" type="jump" coverage="100%" />
                    <condition number="147" type="jump" coverage="100%" />
                    <condition number="178" type="jump" coverage="100%" />
                  </conditions>
                </line>
                <line number="99" hits="6" branch="False" />
                <line number="100" hits="22" branch="False" />
                <line number="101" hits="6" branch="False" />
                <line number="102" hits="2" branch="False" />
                <line number="103" hits="2" branch="False" />
              </lines>
            </method>
            <method name="DaLiJeSpajanjeUspjesno" signature="(Kupid.Chat,Kupid.IRecenzija)" line-rate="0.75" branch-rate="0.5" complexity="6">
              <lines>
                <line number="106" hits="1" branch="False" />
                <line number="107" hits="1" branch="True" condition-coverage="50% (1/2)">
                  <conditions>
                    <condition number="12" type="jump" coverage="50%" />
                  </conditions>
                </line>
                <line number="108" hits="0" branch="False" />
                <line number="110" hits="2" branch="True" condition-coverage="50% (2/4)">
                  <conditions>
                    <condition number="67" type="jump" coverage="50%" />
                    <condition number="90" type="jump" coverage="50%" />
                  </conditions>
                </line>
                <line number="111" hits="1" branch="False" />
                <line number="112" hits="1" branch="False" />
                <line number="115" hits="0" branch="False" />
                <line number="116" hits="1" branch="False" />
              </lines>
            </method>
            <method name="SpajanjeKorisnika" signature="()" line-rate="0.8387" branch-rate="0.8845999999999999" complexity="26">
              <lines>
                <line number="119" hits="3" branch="False" />
                <line number="120" hits="3" branch="False" />
                <line number="121" hits="21" branch="True" condition-coverage="100% (2/2)">
                  <conditions>
                    <condition number="410" type="jump" coverage="100%" />
                  </conditions>
                </line>
                <line number="122" hits="6" branch="False" />
                <line number="123" hits="34" branch="True" condition-coverage="100% (2/2)">
                  <conditions>
                    <condition number="380" type="jump" coverage="100%" />
                  </conditions>
                </line>
                <line number="124" hits="10" branch="False" />
                <line number="125" hits="10" branch="True" condition-coverage="100% (8/8)">
                  <conditions>
                    <condition number="76" type="jump" coverage="100%" />
                    <condition number="111" type="jump" coverage="100%" />
                    <condition number="146" type="jump" coverage="100%" />
                    <condition number="180" type="jump" coverage="100%" />
                  </conditions>
                </line>
                <line number="126" hits="4" branch="False" />
                <line number="128" hits="4" branch="False" />
                <line number="129" hits="4" branch="True" condition-coverage="100% (2/2)">
                  <conditions>
                    <condition number="217" type="jump" coverage="100%" />
                  </conditions>
                </line>
                <line number="130" hits="2" branch="False" />
                <line number="131" hits="8" branch="True" condition-coverage="100% (2/2)">
                  <conditions>
                    <condition number="322" type="jump" coverage="100%" />
                  </conditions>
                </line>
                <line number="132" hits="2" branch="False" />
                <line number="133" hits="2" branch="True" condition-coverage="50% (2/4)">
                  <conditions>
                    <condition number="260" type="jump" coverage="50%" />
                    <condition number="285" type="jump" coverage="50%" />
                  </conditions>
                </line>
                <line number="134" hits="0" branch="False" />
                <line number="135" hits="0" branch="False" />
                <line number="136" hits="0" branch="False" />
                <line number="137" hits="0" branch="False" />
                <line number="138" hits="4" branch="True" condition-coverage="50% (1/2)">
                  <conditions>
                    <condition number="310" type="jump" coverage="50%" />
                  </conditions>
                </line>
                <line number="140" hits="0" branch="False" />
                <line number="141" hits="2" branch="False" />
                <line number="143" hits="2" branch="False" />
                <line number="144" hits="2" branch="False" />
                <line number="145" hits="2" branch="False" />
                <line number="146" hits="2" branch="False" />
                <line number="147" hits="4" branch="False" />
                <line number="148" hits="14" branch="True" condition-coverage="100% (2/2)">
                  <conditions>
                    <condition number="368" type="jump" coverage="100%" />
                  </conditions>
                </line>
                <line number="150" hits="6" branch="False" />
                <line number="151" hits="6" branch="False" />
                <line number="152" hits="4" branch="True" condition-coverage="100% (2/2)">
                  <conditions>
                    <condition number="440" type="jump" coverage="100%" />
                  </conditions>
                </line>
                <line number="153" hits="2" branch="False" />
              </lines>
            </method>
            <method name=".ctor" signature="()" line-rate="1" branch-rate="1" complexity="1">
              <lines>
                <line number="32" hits="7" branch="False" />
                <line number="33" hits="7" branch="False" />
                <line number="34" hits="7" branch="False" />
                <line number="35" hits="7" branch="False" />
                <line number="36" hits="7" branch="False" />
              </lines>
            </method>
          </methods>
          <lines>
            <line number="20" hits="4" branch="False" />
            <line number="25" hits="8" branch="False" />
            <line number="43" hits="6" branch="False" />
            <line number="44" hits="6" branch="True" condition-coverage="50% (1/2)">
              <conditions>
                <condition number="20" type="jump" coverage="50%" />
              </conditions>
            </line>
            <line number="45" hits="6" branch="False" />
            <line number="46" hits="9" branch="False" />
            <line number="47" hits="6" branch="True" condition-coverage="50% (1/2)">
              <conditions>
                <condition number="53" type="jump" coverage="50%" />
              </conditions>
            </line>
            <line number="48" hits="0" branch="False" />
            <line number="50" hits="6" branch="False" />
            <line number="51" hits="6" branch="False" />
            <line number="52" hits="0" branch="True" condition-coverage="50% (1/2)">
              <conditions>
                <condition number="98" type="jump" coverage="50%" />
              </conditions>
            </line>
            <line number="53" hits="0" branch="False" />
            <line number="54" hits="0" branch="False" />
            <line number="55" hits="0" branch="True" condition-coverage="0% (0/2)">
              <conditions>
                <condition number="138" type="jump" coverage="0%" />
              </conditions>
            </line>
            <line number="56" hits="0" branch="False" />
            <line number="58" hits="0" branch="False" />
            <line number="60" hits="0" branch="False" />
            <line number="61" hits="0" branch="True" condition-coverage="0% (0/2)">
              <conditions>
                <condition number="274" type="jump" coverage="0%" />
              </conditions>
            </line>
            <line number="62" hits="0" branch="False" />
            <line number="63" hits="0" branch="True" condition-coverage="0% (0/4)">
              <conditions>
                <condition number="216" type="jump" coverage="0%" />
                <condition number="254" type="jump" coverage="0%" />
              </conditions>
            </line>
            <line number="64" hits="0" branch="False" />
            <line number="65" hits="0" branch="False" />
            <line number="67" hits="0" branch="True" condition-coverage="0% (0/2)">
              <conditions>
                <condition number="335" type="jump" coverage="0%" />
              </conditions>
            </line>
            <line number="68" hits="0" branch="False" />
            <line number="69" hits="0" branch="False" />
            <line number="70" hits="6" branch="False" />
            <line number="73" hits="0" branch="False" />
            <line number="74" hits="0" branch="True" condition-coverage="0% (0/8)">
              <conditions>
                <condition number="2" type="jump" coverage="0%" />
                <condition number="11" type="jump" coverage="0%" />
                <condition number="14" type="jump" coverage="0%" />
                <condition number="33" type="jump" coverage="0%" />
              </conditions>
            </line>
            <line number="75" hits="0" branch="False" />
            <line number="77" hits="0" branch="True" condition-coverage="0% (0/2)">
              <conditions>
                <condition number="49" type="jump" coverage="0%" />
              </conditions>
            </line>
            <line number="78" hits="0" branch="False" />
            <line number="81" hits="0" branch="False" />
            <line number="82" hits="0" branch="False" />
            <line number="91" hits="3" branch="False" />
            <line number="92" hits="3" branch="False" />
            <line number="94" hits="0" branch="True" condition-coverage="50% (1/2)">
              <conditions>
                <condition number="13" type="jump" coverage="50%" />
              </conditions>
            </line>
            <line number="95" hits="4" branch="True" condition-coverage="100% (2/2)">
              <conditions>
                <condition number="42" type="jump" coverage="100%" />
              </conditions>
            </line>
            <line number="96" hits="24" branch="True" condition-coverage="100% (2/2)">
              <conditions>
                <condition number="224" type="jump" coverage="100%" />
              </conditions>
            </line>
            <line number="97" hits="84" branch="True" condition-coverage="100% (2/2)">
              <conditions>
                <condition number="197" type="jump" coverage="100%" />
              </conditions>
            </line>
            <line number="98" hits="22" branch="True" condition-coverage="100% (6/6)">
              <conditions>
                <condition number="123" type="jump" coverage="100%" />
                <condition number="147" type="jump" coverage="100%" />
                <condition number="178" type="jump" coverage="100%" />
              </conditions>
            </line>
            <line number="99" hits="6" branch="False" />
            <line number="100" hits="22" branch="False" />
            <line number="101" hits="6" branch="False" />
            <line number="102" hits="2" branch="False" />
            <line number="103" hits="2" branch="False" />
            <line number="106" hits="1" branch="False" />
            <line number="107" hits="1" branch="True" condition-coverage="50% (1/2)">
              <conditions>
                <condition number="12" type="jump" coverage="50%" />
              </conditions>
            </line>
            <line number="108" hits="0" branch="False" />
            <line number="110" hits="2" branch="True" condition-coverage="50% (2/4)">
              <conditions>
                <condition number="67" type="jump" coverage="50%" />
                <condition number="90" type="jump" coverage="50%" />
              </conditions>
            </line>
            <line number="111" hits="1" branch="False" />
            <line number="112" hits="1" branch="False" />
            <line number="115" hits="0" branch="False" />
            <line number="116" hits="1" branch="False" />
            <line number="119" hits="3" branch="False" />
            <line number="120" hits="3" branch="False" />
            <line number="121" hits="21" branch="True" condition-coverage="100% (2/2)">
              <conditions>
                <condition number="410" type="jump" coverage="100%" />
              </conditions>
            </line>
            <line number="122" hits="6" branch="False" />
            <line number="123" hits="34" branch="True" condition-coverage="100% (2/2)">
              <conditions>
                <condition number="380" type="jump" coverage="100%" />
              </conditions>
            </line>
            <line number="124" hits="10" branch="False" />
            <line number="125" hits="10" branch="True" condition-coverage="100% (8/8)">
              <conditions>
                <condition number="76" type="jump" coverage="100%" />
                <condition number="111" type="jump" coverage="100%" />
                <condition number="146" type="jump" coverage="100%" />
                <condition number="180" type="jump" coverage="100%" />
              </conditions>
            </line>
            <line number="126" hits="4" branch="False" />
            <line number="128" hits="4" branch="False" />
            <line number="129" hits="4" branch="True" condition-coverage="100% (2/2)">
              <conditions>
                <condition number="217" type="jump" coverage="100%" />
              </conditions>
            </line>
            <line number="130" hits="2" branch="False" />
            <line number="131" hits="8" branch="True" condition-coverage="100% (2/2)">
              <conditions>
                <condition number="322" type="jump" coverage="100%" />
              </conditions>
            </line>
            <line number="132" hits="2" branch="False" />
            <line number="133" hits="2" branch="True" condition-coverage="50% (2/4)">
              <conditions>
                <condition number="260" type="jump" coverage="50%" />
                <condition number="285" type="jump" coverage="50%" />
              </conditions>
            </line>
            <line number="134" hits="0" branch="False" />
            <line number="135" hits="0" branch="False" />
            <line number="136" hits="0" branch="False" />
            <line number="137" hits="0" branch="False" />
            <line number="138" hits="4" branch="True" condition-coverage="50% (1/2)">
              <conditions>
                <condition number="310" type="jump" coverage="50%" />
              </conditions>
            </line>
            <line number="140" hits="0" branch="False" />
            <line number="141" hits="2" branch="False" />
            <line number="143" hits="2" branch="False" />
            <line number="144" hits="2" branch="False" />
            <line number="145" hits="2" branch="False" />
            <line number="146" hits="2" branch="False" />
            <line number="147" hits="4" branch="False" />
            <line number="148" hits="14" branch="True" condition-coverage="100% (2/2)">
              <conditions>
                <condition number="368" type="jump" coverage="100%" />
              </conditions>
            </line>
            <line number="150" hits="6" branch="False" />
            <line number="151" hits="6" branch="False" />
            <line number="152" hits="4" branch="True" condition-coverage="100% (2/2)">
              <conditions>
                <condition number="440" type="jump" coverage="100%" />
              </conditions>
            </line>
            <line number="153" hits="2" branch="False" />
            <line number="32" hits="7" branch="False" />
            <line number="33" hits="7" branch="False" />
            <line number="34" hits="7" branch="False" />
            <line number="35" hits="7" branch="False" />
            <line number="36" hits="7" branch="False" />
          </lines>
        </class>
        <class name="Kupid.Korisnik" filename="Source\Repos\VerifikacijaIValidacijaSoftvera-Vjezbe1\Kupid\Kupid\Korisnik.cs" line-rate="0.9577" branch-rate="0.9687" complexity="44">
          <methods>
            <method name="get_Ime" signature="()" line-rate="1" branch-rate="1" complexity="1">
              <lines>
                <line number="33" hits="47" branch="False" />
              </lines>
            </method>
            <method name="set_Ime" signature="(System.String)" line-rate="1" branch-rate="1" complexity="4">
              <lines>
                <line number="35" hits="84" branch="False" />
                <line number="36" hits="84" branch="True" condition-coverage="100% (4/4)">
                  <conditions>
                    <condition number="7" type="jump" coverage="100%" />
                    <condition number="24" type="jump" coverage="100%" />
                  </conditions>
                </line>
                <line number="37" hits="2" branch="False" />
                <line number="39" hits="82" branch="False" />
                <line number="40" hits="82" branch="False" />
              </lines>
            </method>
            <method name="get_Password" signature="()" line-rate="1" branch-rate="1" complexity="1">
              <lines>
                <line number="45" hits="2" branch="False" />
              </lines>
            </method>
            <method name="set_Password" signature="(System.String)" line-rate="1" branch-rate="1" complexity="10">
              <lines>
                <line number="47" hits="86" branch="False" />
                <line number="48" hits="86" branch="True" condition-coverage="100% (10/10)">
                  <conditions>
                    <condition number="7" type="jump" coverage="100%" />
                    <condition number="16" type="jump" coverage="100%" />
                    <condition number="29" type="jump" coverage="100%" />
                    <condition number="42" type="jump" coverage="100%" />
                    <condition number="60" type="jump" coverage="100%" />
                  </conditions>
                </line>
                <line number="49" hits="86" branch="False" />
                <line number="50" hits="5" branch="False" />
                <line number="52" hits="81" branch="False" />
                <line number="53" hits="81" branch="False" />
              </lines>
            </method>
            <method name="get_Lokacija" signature="()" line-rate="1" branch-rate="1" complexity="1">
              <lines>
                <line number="58" hits="20" branch="False" />
              </lines>
            </method>
            <method name="set_Lokacija" signature="(Kupid.Lokacija)" line-rate="1" branch-rate="1" complexity="1">
              <lines>
                <line number="59" hits="82" branch="False" />
              </lines>
            </method>
            <method name="get_ZeljenaLokacija" signature="()" line-rate="1" branch-rate="1" complexity="1">
              <lines>
                <line number="64" hits="16" branch="False" />
              </lines>
            </method>
            <method name="set_ZeljenaLokacija" signature="(Kupid.Lokacija)" line-rate="1" branch-rate="1" complexity="1">
              <lines>
                <line number="65" hits="82" branch="False" />
              </lines>
            </method>
            <method name="get_Godine" signature="()" line-rate="1" branch-rate="1" complexity="1">
              <lines>
                <line number="70" hits="14" branch="False" />
              </lines>
            </method>
            <method name="set_Godine" signature="(System.Int32)" line-rate="1" branch-rate="1" complexity="2">
              <lines>
                <line number="72" hits="89" branch="False" />
                <line number="73" hits="89" branch="True" condition-coverage="100% (2/2)">
                  <conditions>
                    <condition number="8" type="jump" coverage="100%" />
                  </conditions>
                </line>
                <line number="74" hits="1" branch="False" />
                <line number="76" hits="88" branch="False" />
                <line number="77" hits="88" branch="False" />
              </lines>
            </method>
            <method name="get_ZeljeniMinGodina" signature="()" line-rate="1" branch-rate="1" complexity="1">
              <lines>
                <line number="82" hits="7" branch="False" />
              </lines>
            </method>
            <method name="set_ZeljeniMinGodina" signature="(System.Int32)" line-rate="1" branch-rate="1" complexity="4">
              <lines>
                <line number="84" hits="84" branch="False" />
                <line number="85" hits="84" branch="True" condition-coverage="100% (4/4)">
                  <conditions>
                    <condition number="11" type="jump" coverage="100%" />
                    <condition number="29" type="jump" coverage="100%" />
                  </conditions>
                </line>
                <line number="86" hits="2" branch="False" />
                <line number="88" hits="82" branch="False" />
                <line number="89" hits="82" branch="False" />
              </lines>
            </method>
            <method name="get_ZeljeniMaxGodina" signature="()" line-rate="1" branch-rate="1" complexity="1">
              <lines>
                <line number="94" hits="8" branch="False" />
              </lines>
            </method>
            <method name="set_ZeljeniMaxGodina" signature="(System.Int32)" line-rate="1" branch-rate="1" complexity="4">
              <lines>
                <line number="96" hits="84" branch="False" />
                <line number="97" hits="84" branch="True" condition-coverage="100% (4/4)">
                  <conditions>
                    <condition number="10" type="jump" coverage="100%" />
                    <condition number="29" type="jump" coverage="100%" />
                  </conditions>
                </line>
                <line number="98" hits="2" branch="False" />
                <line number="100" hits="82" branch="False" />
                <line number="101" hits="82" branch="False" />
              </lines>
            </method>
            <method name="get_Razvod" signature="()" line-rate="1" branch-rate="1" complexity="1">
              <lines>
                <line number="106" hits="2" branch="False" />
              </lines>
            </method>
            <method name="set_Razvod" signature="(System.Boolean)" line-rate="1" branch-rate="1" complexity="1">
              <lines>
                <line number="107" hits="82" branch="False" />
              </lines>
            </method>
            <method name="PromjenaParametara" signature="(System.Boolean)" line-rate="0.8125" branch-rate="0.75" complexity="4">
              <lines>
                <line number="153" hits="3" branch="False" />
                <line number="154" hits="3" branch="True" condition-coverage="100% (2/2)">
                  <conditions>
                    <condition number="4" type="jump" coverage="100%" />
                  </conditions>
                </line>
                <line number="155" hits="1" branch="False" />
                <line number="156" hits="1" branch="False" />
                <line number="157" hits="1" branch="False" />
                <line number="158" hits="1" branch="False" />
                <line number="159" hits="1" branch="False" />
                <line number="161" hits="2" branch="False" />
                <line number="162" hits="4" branch="True" condition-coverage="50% (1/2)">
                  <conditions>
                    <condition number="62" type="jump" coverage="50%" />
                  </conditions>
                </line>
                <line number="164" hits="0" branch="False" />
                <line number="165" hits="0" branch="False" />
                <line number="166" hits="0" branch="False" />
                <line number="167" hits="2" branch="False" />
                <line number="168" hits="2" branch="False" />
                <line number="169" hits="2" branch="False" />
                <line number="170" hits="3" branch="False" />
              </lines>
            </method>
            <method name=".ctor" signature="(System.String,System.String,Kupid.Lokacija,Kupid.Lokacija,System.Int32,System.Boolean,System.Int32,System.Int32)" line-rate="1" branch-rate="1" complexity="4">
              <lines>
                <line number="114" hits="81" branch="False" />
                <line number="115" hits="81" branch="False" />
                <line number="116" hits="81" branch="False" />
                <line number="117" hits="81" branch="False" />
                <line number="118" hits="81" branch="False" />
                <line number="119" hits="81" branch="False" />
                <line number="120" hits="81" branch="False" />
                <line number="122" hits="81" branch="True" condition-coverage="100% (2/2)">
                  <conditions>
                    <condition number="58" type="jump" coverage="100%" />
                  </conditions>
                </line>
                <line number="123" hits="76" branch="False" />
                <line number="125" hits="5" branch="False" />
                <line number="127" hits="81" branch="True" condition-coverage="100% (2/2)">
                  <conditions>
                    <condition number="88" type="jump" coverage="100%" />
                  </conditions>
                </line>
                <line number="128" hits="42" branch="False" />
                <line number="130" hits="39" branch="False" />
                <line number="132" hits="81" branch="False" />
                <line number="133" hits="81" branch="False" />
              </lines>
            </method>
            <method name=".ctor" signature="()" line-rate="1" branch-rate="1" complexity="1">
              <lines>
                <line number="135" hits="20" branch="False" />
                <line number="136" hits="20" branch="False" />
                <line number="138" hits="20" branch="False" />
              </lines>
            </method>
          </methods>
          <lines>
            <line number="33" hits="47" branch="False" />
            <line number="35" hits="84" branch="False" />
            <line number="36" hits="84" branch="True" condition-coverage="100% (4/4)">
              <conditions>
                <condition number="7" type="jump" coverage="100%" />
                <condition number="24" type="jump" coverage="100%" />
              </conditions>
            </line>
            <line number="37" hits="2" branch="False" />
            <line number="39" hits="82" branch="False" />
            <line number="40" hits="82" branch="False" />
            <line number="45" hits="2" branch="False" />
            <line number="47" hits="86" branch="False" />
            <line number="48" hits="86" branch="True" condition-coverage="100% (10/10)">
              <conditions>
                <condition number="7" type="jump" coverage="100%" />
                <condition number="16" type="jump" coverage="100%" />
                <condition number="29" type="jump" coverage="100%" />
                <condition number="42" type="jump" coverage="100%" />
                <condition number="60" type="jump" coverage="100%" />
              </conditions>
            </line>
            <line number="49" hits="86" branch="False" />
            <line number="50" hits="5" branch="False" />
            <line number="52" hits="81" branch="False" />
            <line number="53" hits="81" branch="False" />
            <line number="58" hits="20" branch="False" />
            <line number="59" hits="82" branch="False" />
            <line number="64" hits="16" branch="False" />
            <line number="65" hits="82" branch="False" />
            <line number="70" hits="14" branch="False" />
            <line number="72" hits="89" branch="False" />
            <line number="73" hits="89" branch="True" condition-coverage="100% (2/2)">
              <conditions>
                <condition number="8" type="jump" coverage="100%" />
              </conditions>
            </line>
            <line number="74" hits="1" branch="False" />
            <line number="76" hits="88" branch="False" />
            <line number="77" hits="88" branch="False" />
            <line number="82" hits="7" branch="False" />
            <line number="84" hits="84" branch="False" />
            <line number="85" hits="84" branch="True" condition-coverage="100% (4/4)">
              <conditions>
                <condition number="11" type="jump" coverage="100%" />
                <condition number="29" type="jump" coverage="100%" />
              </conditions>
            </line>
            <line number="86" hits="2" branch="False" />
            <line number="88" hits="82" branch="False" />
            <line number="89" hits="82" branch="False" />
            <line number="94" hits="8" branch="False" />
            <line number="96" hits="84" branch="False" />
            <line number="97" hits="84" branch="True" condition-coverage="100% (4/4)">
              <conditions>
                <condition number="10" type="jump" coverage="100%" />
                <condition number="29" type="jump" coverage="100%" />
              </conditions>
            </line>
            <line number="98" hits="2" branch="False" />
            <line number="100" hits="82" branch="False" />
            <line number="101" hits="82" branch="False" />
            <line number="106" hits="2" branch="False" />
            <line number="107" hits="82" branch="False" />
            <line number="153" hits="3" branch="False" />
            <line number="154" hits="3" branch="True" condition-coverage="100% (2/2)">
              <conditions>
                <condition number="4" type="jump" coverage="100%" />
              </conditions>
            </line>
            <line number="155" hits="1" branch="False" />
            <line number="156" hits="1" branch="False" />
            <line number="157" hits="1" branch="False" />
            <line number="158" hits="1" branch="False" />
            <line number="159" hits="1" branch="False" />
            <line number="161" hits="2" branch="False" />
            <line number="162" hits="4" branch="True" condition-coverage="50% (1/2)">
              <conditions>
                <condition number="62" type="jump" coverage="50%" />
              </conditions>
            </line>
            <line number="164" hits="0" branch="False" />
            <line number="165" hits="0" branch="False" />
            <line number="166" hits="0" branch="False" />
            <line number="167" hits="2" branch="False" />
            <line number="168" hits="2" branch="False" />
            <line number="169" hits="2" branch="False" />
            <line number="170" hits="3" branch="False" />
            <line number="114" hits="81" branch="False" />
            <line number="115" hits="81" branch="False" />
            <line number="116" hits="81" branch="False" />
            <line number="117" hits="81" branch="False" />
            <line number="118" hits="81" branch="False" />
            <line number="119" hits="81" branch="False" />
            <line number="120" hits="81" branch="False" />
            <line number="122" hits="81" branch="True" condition-coverage="100% (2/2)">
              <conditions>
                <condition number="58" type="jump" coverage="100%" />
              </conditions>
            </line>
            <line number="123" hits="76" branch="False" />
            <line number="125" hits="5" branch="False" />
            <line number="127" hits="81" branch="True" condition-coverage="100% (2/2)">
              <conditions>
                <condition number="88" type="jump" coverage="100%" />
              </conditions>
            </line>
            <line number="128" hits="42" branch="False" />
            <line number="130" hits="39" branch="False" />
            <line number="132" hits="81" branch="False" />
            <line number="133" hits="81" branch="False" />
            <line number="135" hits="20" branch="False" />
            <line number="136" hits="20" branch="False" />
            <line number="138" hits="20" branch="False" />
          </lines>
        </class>
        <class name="Kupid.Poruka" filename="Source\Repos\VerifikacijaIValidacijaSoftvera-Vjezbe1\Kupid\Kupid\Poruka.cs" line-rate="0.9393" branch-rate="0.9229999999999999" complexity="29">
          <methods>
            <method name="get_Posiljalac" signature="()" line-rate="1" branch-rate="1" complexity="1">
              <lines>
                <line number="18" hits="9" branch="False" />
              </lines>
            </method>
            <method name="get_Primalac" signature="()" line-rate="1" branch-rate="1" complexity="1">
              <lines>
                <line number="22" hits="9" branch="False" />
              </lines>
            </method>
            <method name="get_Sadrzaj" signature="()" line-rate="1" branch-rate="1" complexity="1">
              <lines>
                <line number="26" hits="26" branch="False" />
              </lines>
            </method>
            <method name="set_Sadrzaj" signature="(System.String)" line-rate="1" branch-rate="1" complexity="4">
              <lines>
                <line number="28" hits="47" branch="False" />
                <line number="29" hits="47" branch="True" condition-coverage="100% (4/4)">
                  <conditions>
                    <condition number="7" type="jump" coverage="100%" />
                    <condition number="25" type="jump" coverage="100%" />
                  </conditions>
                </line>
                <line number="30" hits="3" branch="False" />
                <line number="32" hits="44" branch="False" />
                <line number="33" hits="44" branch="False" />
              </lines>
            </method>
            <method name="IzračunajKompatibilnostKorisnika" signature="()" line-rate="0.8823000000000001" branch-rate="0.8887999999999999" complexity="18">
              <lines>
                <line number="63" hits="3" branch="False" />
                <line number="64" hits="3" branch="False" />
                <line number="65" hits="3" branch="False" />
                <line number="66" hits="3" branch="False" />
                <line number="67" hits="3" branch="False" />
                <line number="68" hits="3" branch="False" />
                <line number="69" hits="5" branch="True" condition-coverage="100% (2/2)">
                  <conditions>
                    <condition number="40" type="jump" coverage="100%" />
                  </conditions>
                </line>
                <line number="70" hits="2" branch="True" condition-coverage="100% (2/2)">
                  <conditions>
                    <condition number="86" type="jump" coverage="100%" />
                  </conditions>
                </line>
                <line number="71" hits="2" branch="True" condition-coverage="100% (2/2)">
                  <conditions>
                    <condition number="118" type="jump" coverage="100%" />
                  </conditions>
                </line>
                <line number="72" hits="2" branch="True" condition-coverage="100% (2/2)">
                  <conditions>
                    <condition number="150" type="jump" coverage="100%" />
                  </conditions>
                </line>
                <line number="73" hits="0" branch="True" condition-coverage="50% (1/2)">
                  <conditions>
                    <condition number="182" type="jump" coverage="50%" />
                  </conditions>
                </line>
                <line number="74" hits="2" branch="True" condition-coverage="100% (2/2)">
                  <conditions>
                    <condition number="192" type="jump" coverage="100%" />
                  </conditions>
                </line>
                <line number="75" hits="2" branch="True" condition-coverage="100% (2/2)">
                  <conditions>
                    <condition number="211" type="jump" coverage="100%" />
                  </conditions>
                </line>
                <line number="76" hits="2" branch="True" condition-coverage="100% (2/2)">
                  <conditions>
                    <condition number="230" type="jump" coverage="100%" />
                  </conditions>
                </line>
                <line number="77" hits="0" branch="True" condition-coverage="50% (1/2)">
                  <conditions>
                    <condition number="250" type="jump" coverage="50%" />
                  </conditions>
                </line>
                <line number="78" hits="1" branch="False" />
                <line number="79" hits="3" branch="False" />
              </lines>
            </method>
            <method name=".ctor" signature="(Kupid.Korisnik,Kupid.Korisnik,System.String)" line-rate="1" branch-rate="1" complexity="4">
              <lines>
                <line number="40" hits="46" branch="False" />
                <line number="41" hits="46" branch="False" />
                <line number="42" hits="46" branch="True" condition-coverage="100% (4/4)">
                  <conditions>
                    <condition number="9" type="jump" coverage="100%" />
                    <condition number="20" type="jump" coverage="100%" />
                  </conditions>
                </line>
                <line number="43" hits="2" branch="False" />
                <line number="45" hits="44" branch="False" />
                <line number="46" hits="44" branch="False" />
                <line number="47" hits="44" branch="False" />
                <line number="48" hits="43" branch="False" />
              </lines>
            </method>
          </methods>
          <lines>
            <line number="18" hits="9" branch="False" />
            <line number="22" hits="9" branch="False" />
            <line number="26" hits="26" branch="False" />
            <line number="28" hits="47" branch="False" />
            <line number="29" hits="47" branch="True" condition-coverage="100% (4/4)">
              <conditions>
                <condition number="7" type="jump" coverage="100%" />
                <condition number="25" type="jump" coverage="100%" />
              </conditions>
            </line>
            <line number="30" hits="3" branch="False" />
            <line number="32" hits="44" branch="False" />
            <line number="33" hits="44" branch="False" />
            <line number="63" hits="3" branch="False" />
            <line number="64" hits="3" branch="False" />
            <line number="65" hits="3" branch="False" />
            <line number="66" hits="3" branch="False" />
            <line number="67" hits="3" branch="False" />
            <line number="68" hits="3" branch="False" />
            <line number="69" hits="5" branch="True" condition-coverage="100% (2/2)">
              <conditions>
                <condition number="40" type="jump" coverage="100%" />
              </conditions>
            </line>
            <line number="70" hits="2" branch="True" condition-coverage="100% (2/2)">
              <conditions>
                <condition number="86" type="jump" coverage="100%" />
              </conditions>
            </line>
            <line number="71" hits="2" branch="True" condition-coverage="100% (2/2)">
              <conditions>
                <condition number="118" type="jump" coverage="100%" />
              </conditions>
            </line>
            <line number="72" hits="2" branch="True" condition-coverage="100% (2/2)">
              <conditions>
                <condition number="150" type="jump" coverage="100%" />
              </conditions>
            </line>
            <line number="73" hits="0" branch="True" condition-coverage="50% (1/2)">
              <conditions>
                <condition number="182" type="jump" coverage="50%" />
              </conditions>
            </line>
            <line number="74" hits="2" branch="True" condition-coverage="100% (2/2)">
              <conditions>
                <condition number="192" type="jump" coverage="100%" />
              </conditions>
            </line>
            <line number="75" hits="2" branch="True" condition-coverage="100% (2/2)">
              <conditions>
                <condition number="211" type="jump" coverage="100%" />
              </conditions>
            </line>
            <line number="76" hits="2" branch="True" condition-coverage="100% (2/2)">
              <conditions>
                <condition number="230" type="jump" coverage="100%" />
              </conditions>
            </line>
            <line number="77" hits="0" branch="True" condition-coverage="50% (1/2)">
              <conditions>
                <condition number="250" type="jump" coverage="50%" />
              </conditions>
            </line>
            <line number="78" hits="1" branch="False" />
            <line number="79" hits="3" branch="False" />
            <line number="40" hits="46" branch="False" />
            <line number="41" hits="46" branch="False" />
            <line number="42" hits="46" branch="True" condition-coverage="100% (4/4)">
              <conditions>
                <condition number="9" type="jump" coverage="100%" />
                <condition number="20" type="jump" coverage="100%" />
              </conditions>
            </line>
            <line number="43" hits="2" branch="False" />
            <line number="45" hits="44" branch="False" />
            <line number="46" hits="44" branch="False" />
            <line number="47" hits="44" branch="False" />
            <line number="48" hits="43" branch="False" />
          </lines>
        </class>
        <class name="Kupid.Recenzija" filename="Source\Repos\VerifikacijaIValidacijaSoftvera-Vjezbe1\Kupid\Kupid\Recenzija.cs" line-rate="1" branch-rate="1" complexity="1">
          <methods>
            <method name="DajUtisak" signature="()" line-rate="1" branch-rate="1" complexity="1">
              <lines>
                <line number="14" hits="1" branch="False" />
                <line number="15" hits="1" branch="False" />
                <line number="16" hits="1" branch="False" />
                <line number="17" hits="1" branch="False" />
                <line number="18" hits="1" branch="False" />
              </lines>
            </method>
          </methods>
          <lines>
            <line number="14" hits="1" branch="False" />
            <line number="15" hits="1" branch="False" />
            <line number="16" hits="1" branch="False" />
            <line number="17" hits="1" branch="False" />
            <line number="18" hits="1" branch="False" />
          </lines>
        </class>
      </classes>
    </package>
    <package name="Unit Testovi" line-rate="0.9444" branch-rate="1" complexity="67">
      <classes>
        <class name="AutoGeneratedProgram" filename=".nuget\packages\microsoft.net.test.sdk\16.5.0\build\netcoreapp2.1\Microsoft.NET.Test.Sdk.Program.cs" line-rate="0" branch-rate="1" complexity="1">
          <methods>
            <method name="Main" signature="(System.String[])" line-rate="0" branch-rate="1" complexity="1">
              <lines>
                <line number="4" hits="0" branch="False" />
              </lines>
            </method>
          </methods>
          <lines>
            <line number="4" hits="0" branch="False" />
          </lines>
        </class>
        <class name="Unit_Testovi.NoviTestovi" filename="Source\Repos\VerifikacijaIValidacijaSoftvera-Vjezbe1\Kupid\Unit Testovi\NoviTestovi.cs" line-rate="0.9722" branch-rate="1" complexity="4">
          <methods>
            <method name="TestZamjenskiObjekti" signature="()" line-rate="1" branch-rate="1" complexity="1">
              <lines>
                <line number="14" hits="1" branch="False" />
                <line number="15" hits="1" branch="False" />
                <line number="16" hits="1" branch="False" />
                <line number="18" hits="1" branch="False" />
                <line number="19" hits="1" branch="False" />
                <line number="20" hits="1" branch="False" />
                <line number="22" hits="1" branch="False" />
                <line number="23" hits="1" branch="False" />
                <line number="25" hits="1" branch="False" />
                <line number="26" hits="1" branch="False" />
              </lines>
            </method>
            <method name="SpajanjeKorisnikaPoLokaciji" signature="()" line-rate="1" branch-rate="1" complexity="1">
              <lines>
                <line number="34" hits="1" branch="False" />
                <line number="35" hits="1" branch="False" />
                <line number="36" hits="1" branch="False" />
                <line number="38" hits="1" branch="False" />
                <line number="39" hits="1" branch="False" />
                <line number="40" hits="1" branch="False" />
                <line number="42" hits="1" branch="False" />
                <line number="44" hits="1" branch="False" />
                <line number="45" hits="1" branch="False" />
              </lines>
            </method>
            <method name="SpajanjeKorisnikaPoGodinama" signature="()" line-rate="1" branch-rate="1" complexity="1">
              <lines>
                <line number="49" hits="1" branch="False" />
                <line number="50" hits="1" branch="False" />
                <line number="51" hits="1" branch="False" />
                <line number="53" hits="1" branch="False" />
                <line number="54" hits="1" branch="False" />
                <line number="55" hits="1" branch="False" />
                <line number="57" hits="1" branch="False" />
                <line number="59" hits="1" branch="False" />
                <line number="60" hits="1" branch="False" />
              </lines>
            </method>
            <method name="SpajanjeKorisnikaIzuzetak" signature="()" line-rate="0.875" branch-rate="1" complexity="1">
              <lines>
                <line number="65" hits="1" branch="False" />
                <line number="66" hits="1" branch="False" />
                <line number="67" hits="1" branch="False" />
                <line number="69" hits="1" branch="False" />
                <line number="70" hits="1" branch="False" />
                <line number="71" hits="1" branch="False" />
                <line number="73" hits="1" branch="False" />
                <line number="74" hits="0" branch="False" />
              </lines>
            </method>
          </methods>
          <lines>
            <line number="14" hits="1" branch="False" />
            <line number="15" hits="1" branch="False" />
            <line number="16" hits="1" branch="False" />
            <line number="18" hits="1" branch="False" />
            <line number="19" hits="1" branch="False" />
            <line number="20" hits="1" branch="False" />
            <line number="22" hits="1" branch="False" />
            <line number="23" hits="1" branch="False" />
            <line number="25" hits="1" branch="False" />
            <line number="26" hits="1" branch="False" />
            <line number="34" hits="1" branch="False" />
            <line number="35" hits="1" branch="False" />
            <line number="36" hits="1" branch="False" />
            <line number="38" hits="1" branch="False" />
            <line number="39" hits="1" branch="False" />
            <line number="40" hits="1" branch="False" />
            <line number="42" hits="1" branch="False" />
            <line number="44" hits="1" branch="False" />
            <line number="45" hits="1" branch="False" />
            <line number="49" hits="1" branch="False" />
            <line number="50" hits="1" branch="False" />
            <line number="51" hits="1" branch="False" />
            <line number="53" hits="1" branch="False" />
            <line number="54" hits="1" branch="False" />
            <line number="55" hits="1" branch="False" />
            <line number="57" hits="1" branch="False" />
            <line number="59" hits="1" branch="False" />
            <line number="60" hits="1" branch="False" />
            <line number="65" hits="1" branch="False" />
            <line number="66" hits="1" branch="False" />
            <line number="67" hits="1" branch="False" />
            <line number="69" hits="1" branch="False" />
            <line number="70" hits="1" branch="False" />
            <line number="71" hits="1" branch="False" />
            <line number="73" hits="1" branch="False" />
            <line number="74" hits="0" branch="False" />
          </lines>
        </class>
        <class name="Unit_Testovi.UnitTestChat" filename="Source\Repos\VerifikacijaIValidacijaSoftvera-Vjezbe1\Kupid\Unit Testovi\UnitTestChat.cs" line-rate="0.9333" branch-rate="1" complexity="4">
          <methods>
            <method name="TestBrojPoruka" signature="()" line-rate="0.75" branch-rate="1" complexity="1">
              <lines>
                <line number="14" hits="1" branch="False" />
                <line number="15" hits="1" branch="False" />
                <line number="16" hits="1" branch="False" />
                <line number="18" hits="1" branch="False" />
                <line number="19" hits="1" branch="False" />
                <line number="20" hits="1" branch="False" />
                <line number="22" hits="0" branch="False" />
                <line number="23" hits="0" branch="False" />
              </lines>
            </method>
            <method name="TestBrojPoruka1" signature="()" line-rate="1" branch-rate="1" complexity="1">
              <lines>
                <line number="28" hits="1" branch="False" />
                <line number="29" hits="1" branch="False" />
                <line number="30" hits="1" branch="False" />
                <line number="31" hits="1" branch="False" />
                <line number="32" hits="1" branch="False" />
                <line number="34" hits="1" branch="False" />
                <line number="35" hits="1" branch="False" />
                <line number="36" hits="1" branch="False" />
                <line number="37" hits="1" branch="False" />
                <line number="38" hits="1" branch="False" />
                <line number="40" hits="1" branch="False" />
                <line number="42" hits="1" branch="False" />
              </lines>
            </method>
            <method name="TestKonstruktor" signature="()" line-rate="1" branch-rate="1" complexity="1">
              <lines>
                <line number="47" hits="1" branch="False" />
                <line number="48" hits="1" branch="False" />
                <line number="49" hits="1" branch="False" />
                <line number="50" hits="1" branch="False" />
                <line number="51" hits="1" branch="False" />
                <line number="53" hits="1" branch="False" />
              </lines>
            </method>
            <method name="TestKonstruktor1" signature="()" line-rate="1" branch-rate="1" complexity="1">
              <lines>
                <line number="57" hits="1" branch="False" />
                <line number="59" hits="1" branch="False" />
                <line number="60" hits="1" branch="False" />
                <line number="62" hits="1" branch="False" />
              </lines>
            </method>
          </methods>
          <lines>
            <line number="14" hits="1" branch="False" />
            <line number="15" hits="1" branch="False" />
            <line number="16" hits="1" branch="False" />
            <line number="18" hits="1" branch="False" />
            <line number="19" hits="1" branch="False" />
            <line number="20" hits="1" branch="False" />
            <line number="22" hits="0" branch="False" />
            <line number="23" hits="0" branch="False" />
            <line number="28" hits="1" branch="False" />
            <line number="29" hits="1" branch="False" />
            <line number="30" hits="1" branch="False" />
            <line number="31" hits="1" branch="False" />
            <line number="32" hits="1" branch="False" />
            <line number="34" hits="1" branch="False" />
            <line number="35" hits="1" branch="False" />
            <line number="36" hits="1" branch="False" />
            <line number="37" hits="1" branch="False" />
            <line number="38" hits="1" branch="False" />
            <line number="40" hits="1" branch="False" />
            <line number="42" hits="1" branch="False" />
            <line number="47" hits="1" branch="False" />
            <line number="48" hits="1" branch="False" />
            <line number="49" hits="1" branch="False" />
            <line number="50" hits="1" branch="False" />
            <line number="51" hits="1" branch="False" />
            <line number="53" hits="1" branch="False" />
            <line number="57" hits="1" branch="False" />
            <line number="59" hits="1" branch="False" />
            <line number="60" hits="1" branch="False" />
            <line number="62" hits="1" branch="False" />
          </lines>
        </class>
        <class name="Unit_Testovi.UnitTestGrupniChat" filename="Source\Repos\VerifikacijaIValidacijaSoftvera-Vjezbe1\Kupid\Unit Testovi\UnitTestGrupniChat.cs" line-rate="0.9605" branch-rate="1" complexity="7">
          <methods>
            <method name="TestKonstruktor" signature="()" line-rate="1" branch-rate="1" complexity="1">
              <lines>
                <line number="15" hits="1" branch="False" />
                <line number="16" hits="1" branch="False" />
                <line number="17" hits="1" branch="False" />
                <line number="18" hits="1" branch="False" />
                <line number="20" hits="1" branch="False" />
                <line number="21" hits="1" branch="False" />
                <line number="22" hits="1" branch="False" />
                <line number="23" hits="1" branch="False" />
                <line number="25" hits="1" branch="False" />
                <line number="26" hits="1" branch="False" />
                <line number="27" hits="1" branch="False" />
                <line number="29" hits="1" branch="False" />
              </lines>
            </method>
            <method name="TestKonstruktor1" signature="()" line-rate="1" branch-rate="1" complexity="1">
              <lines>
                <line number="34" hits="1" branch="False" />
                <line number="35" hits="1" branch="False" />
                <line number="36" hits="1" branch="False" />
                <line number="37" hits="1" branch="False" />
                <line number="38" hits="1" branch="False" />
                <line number="39" hits="1" branch="False" />
                <line number="41" hits="1" branch="False" />
                <line number="42" hits="1" branch="False" />
                <line number="43" hits="1" branch="False" />
                <line number="44" hits="1" branch="False" />
                <line number="45" hits="1" branch="False" />
                <line number="46" hits="1" branch="False" />
                <line number="48" hits="1" branch="False" />
                <line number="49" hits="1" branch="False" />
                <line number="50" hits="1" branch="False" />
                <line number="51" hits="1" branch="False" />
                <line number="52" hits="1" branch="False" />
              </lines>
            </method>
            <method name="TestKonstruktor2" signature="()" line-rate="1" branch-rate="1" complexity="1">
              <lines>
                <line number="56" hits="1" branch="False" />
                <line number="59" hits="1" branch="False" />
                <line number="61" hits="1" branch="False" />
                <line number="62" hits="1" branch="False" />
                <line number="63" hits="1" branch="False" />
              </lines>
            </method>
            <method name="TestPošaljiPorukuVišeKorisnika" signature="()" line-rate="1" branch-rate="1" complexity="1">
              <lines>
                <line number="68" hits="1" branch="False" />
                <line number="69" hits="1" branch="False" />
                <line number="70" hits="1" branch="False" />
                <line number="71" hits="1" branch="False" />
                <line number="72" hits="1" branch="False" />
                <line number="73" hits="1" branch="False" />
                <line number="75" hits="1" branch="False" />
                <line number="76" hits="1" branch="False" />
                <line number="77" hits="1" branch="False" />
                <line number="78" hits="1" branch="False" />
                <line number="79" hits="1" branch="False" />
                <line number="81" hits="1" branch="False" />
                <line number="82" hits="1" branch="False" />
                <line number="84" hits="1" branch="False" />
                <line number="85" hits="1" branch="False" />
                <line number="87" hits="1" branch="False" />
              </lines>
            </method>
            <method name="TestPošaljiPorukuVišeKorisnika1" signature="()" line-rate="0.8332999999999999" branch-rate="1" complexity="1">
              <lines>
                <line number="92" hits="1" branch="False" />
                <line number="93" hits="1" branch="False" />
                <line number="95" hits="1" branch="False" />
                <line number="97" hits="1" branch="False" />
                <line number="98" hits="1" branch="False" />
                <line number="100" hits="0" branch="False" />
              </lines>
            </method>
            <method name="TestPošaljiPorukuVišeKorisnika2" signature="()" line-rate="0.9166" branch-rate="1" complexity="1">
              <lines>
                <line number="105" hits="1" branch="False" />
                <line number="106" hits="1" branch="False" />
                <line number="107" hits="1" branch="False" />
                <line number="108" hits="1" branch="False" />
                <line number="109" hits="1" branch="False" />
                <line number="111" hits="1" branch="False" />
                <line number="112" hits="1" branch="False" />
                <line number="113" hits="1" branch="False" />
                <line number="114" hits="1" branch="False" />
                <line number="116" hits="1" branch="False" />
                <line number="117" hits="1" branch="False" />
                <line number="119" hits="0" branch="False" />
              </lines>
            </method>
            <method name="TestPošaljiPorukuVišeKorisnika3" signature="()" line-rate="0.875" branch-rate="1" complexity="1">
              <lines>
                <line number="124" hits="1" branch="False" />
                <line number="125" hits="1" branch="False" />
                <line number="127" hits="1" branch="False" />
                <line number="129" hits="1" branch="False" />
                <line number="130" hits="1" branch="False" />
                <line number="133" hits="1" branch="False" />
                <line number="134" hits="1" branch="False" />
                <line number="136" hits="0" branch="False" />
              </lines>
            </method>
          </methods>
          <lines>
            <line number="15" hits="1" branch="False" />
            <line number="16" hits="1" branch="False" />
            <line number="17" hits="1" branch="False" />
            <line number="18" hits="1" branch="False" />
            <line number="20" hits="1" branch="False" />
            <line number="21" hits="1" branch="False" />
            <line number="22" hits="1" branch="False" />
            <line number="23" hits="1" branch="False" />
            <line number="25" hits="1" branch="False" />
            <line number="26" hits="1" branch="False" />
            <line number="27" hits="1" branch="False" />
            <line number="29" hits="1" branch="False" />
            <line number="34" hits="1" branch="False" />
            <line number="35" hits="1" branch="False" />
            <line number="36" hits="1" branch="False" />
            <line number="37" hits="1" branch="False" />
            <line number="38" hits="1" branch="False" />
            <line number="39" hits="1" branch="False" />
            <line number="41" hits="1" branch="False" />
            <line number="42" hits="1" branch="False" />
            <line number="43" hits="1" branch="False" />
            <line number="44" hits="1" branch="False" />
            <line number="45" hits="1" branch="False" />
            <line number="46" hits="1" branch="False" />
[...]
            <line number="72" hits="1" branch="False" />
            <line number="75" hits="1" branch="False" />
            <line number="77" hits="1" branch="False" />
            <line number="81" hits="1" branch="False" />
            <line number="82" hits="1" branch="False" />
            <line number="83" hits="1" branch="False" />
            <line number="85" hits="1" branch="False" />
            <line number="87" hits="1" branch="False" />
            <line number="92" hits="1" branch="False" />
            <line number="93" hits="1" branch="False" />
            <line number="94" hits="1" branch="False" />
            <line number="98" hits="0" branch="False" />
            <line number="103" hits="1" branch="False" />
            <line number="104" hits="1" branch="False" />
            <line number="105" hits="1" branch="False" />
            <line number="108" hits="0" branch="False" />
            <line number="113" hits="1" branch="False" />
            <line number="114" hits="1" branch="False" />
            <line number="116" hits="1" branch="False" />
            <line number="118" hits="1" branch="False" />
            <line number="124" hits="1" branch="False" />
            <line number="125" hits="1" branch="False" />
            <line number="127" hits="1" branch="False" />
            <line number="129" hits="1" branch="False" />
            <line number="134" hits="1" branch="False" />
            <line number="135" hits="1" branch="False" />
            <line number="136" hits="1" branch="False" />
            <line number="140" hits="0" branch="False" />
            <line number="145" hits="1" branch="False" />
            <line number="146" hits="1" branch="False" />
            <line number="147" hits="1" branch="False" />
            <line number="151" hits="0" branch="False" />
            <line number="156" hits="1" branch="False" />
            <line number="157" hits="1" branch="False" />
            <line number="158" hits="1" branch="False" />
            <line number="162" hits="0" branch="False" />
            <line number="167" hits="1" branch="False" />
            <line number="168" hits="1" branch="False" />
            <line number="169" hits="1" branch="False" />
            <line number="173" hits="0" branch="False" />
            <line number="178" hits="1" branch="False" />
            <line number="179" hits="1" branch="False" />
            <line number="180" hits="1" branch="False" />
            <line number="184" hits="0" branch="False" />
            <line number="189" hits="1" branch="False" />
            <line number="190" hits="1" branch="False" />
            <line number="191" hits="1" branch="False" />
            <line number="193" hits="1" branch="False" />
            <line number="198" hits="1" branch="False" />
            <line number="199" hits="1" branch="False" />
            <line number="200" hits="1" branch="False" />
            <line number="201" hits="1" branch="False" />
            <line number="203" hits="1" branch="False" />
            <line number="208" hits="1" branch="False" />
            <line number="209" hits="1" branch="False" />
            <line number="211" hits="1" branch="False" />
            <line number="213" hits="1" branch="False" />
            <line number="219" hits="1" branch="False" />
            <line number="220" hits="1" branch="False" />
            <line number="221" hits="1" branch="False" />
            <line number="222" hits="1" branch="False" />
            <line number="224" hits="1" branch="False" />
            <line number="229" hits="1" branch="False" />
            <line number="230" hits="1" branch="False" />
            <line number="232" hits="1" branch="False" />
            <line number="234" hits="1" branch="False" />
            <line number="240" hits="1" branch="False" />
            <line number="241" hits="1" branch="False" />
            <line number="242" hits="1" branch="False" />
            <line number="245" hits="0" branch="False" />
            <line number="250" hits="1" branch="False" />
            <line number="251" hits="1" branch="False" />
            <line number="252" hits="1" branch="False" />
            <line number="253" hits="1" branch="False" />
            <line number="255" hits="1" branch="False" />
            <line number="259" hits="1" branch="False" />
            <line number="260" hits="1" branch="False" />
            <line number="262" hits="1" branch="False" />
            <line number="264" hits="1" branch="False" />
            <line number="267" hits="1" branch="False" />
            <line number="268" hits="1" branch="False" />
            <line number="269" hits="1" branch="False" />
            <line number="270" hits="1" branch="False" />
            <line number="272" hits="1" branch="False" />
            <line number="274" hits="1" branch="False" />
            <line number="278" hits="1" branch="False" />
            <line number="279" hits="1" branch="False" />
            <line number="280" hits="1" branch="False" />
            <line number="281" hits="1" branch="False" />
            <line number="283" hits="0" branch="False" />
            <line number="288" hits="1" branch="False" />
            <line number="289" hits="1" branch="False" />
            <line number="290" hits="1" branch="False" />
            <line number="291" hits="1" branch="False" />
            <line number="293" hits="0" branch="False" />
            <line number="298" hits="1" branch="False" />
            <line number="299" hits="1" branch="False" />
            <line number="301" hits="1" branch="False" />
            <line number="302" hits="1" branch="False" />
            <line number="306" hits="1" branch="False" />
            <line number="307" hits="1" branch="False" />
            <line number="308" hits="1" branch="False" />
            <line number="309" hits="1" branch="False" />
            <line number="311" hits="1" branch="False" />
            <line number="313" hits="1" branch="False" />
            <line number="317" hits="1" branch="False" />
            <line number="318" hits="1" branch="False" />
            <line number="319" hits="1" branch="False" />
            <line number="320" hits="1" branch="False" />
            <line number="322" hits="0" branch="False" />
            <line number="327" hits="1" branch="False" />
            <line number="328" hits="1" branch="False" />
            <line number="329" hits="1" branch="False" />
            <line number="330" hits="1" branch="False" />
            <line number="332" hits="0" branch="False" />
            <line number="337" hits="1" branch="False" />
            <line number="338" hits="1" branch="False" />
            <line number="340" hits="1" branch="False" />
            <line number="341" hits="1" branch="False" />
            <line number="346" hits="1" branch="False" />
            <line number="347" hits="1" branch="False" />
            <line number="348" hits="1" branch="False" />
            <line number="349" hits="1" branch="False" />
            <line number="350" hits="1" branch="False" />
            <line number="355" hits="1" branch="False" />
            <line number="356" hits="1" branch="False" />
            <line number="358" hits="1" branch="False" />
            <line number="359" hits="1" branch="False" />
          </lines>
        </class>
        <class name="Unit_Testovi.UnitTestPoruka" filename="Source\Repos\VerifikacijaIValidacijaSoftvera-Vjezbe1\Kupid\Unit Testovi\UnitTestPoruka.cs" line-rate="0.9518000000000001" branch-rate="1" complexity="13">
          <methods>
            <method name="TestKonstruktor" signature="()" line-rate="1" branch-rate="1" complexity="1">
              <lines>
                <line number="12" hits="1" branch="False" />
                <line number="13" hits="1" branch="False" />
                <line number="14" hits="1" branch="False" />
                <line number="16" hits="1" branch="False" />
                <line number="18" hits="1" branch="False" />
                <line number="19" hits="1" branch="False" />
                <line number="20" hits="1" branch="False" />
                <line number="22" hits="1" branch="False" />
              </lines>
            </method>
            <method name="TestKonstruktor1" signature="()" line-rate="0.8" branch-rate="1" complexity="1">
              <lines>
                <line number="27" hits="1" branch="False" />
                <line number="28" hits="1" branch="False" />
                <line number="29" hits="1" branch="False" />
                <line number="31" hits="1" branch="False" />
                <line number="34" hits="0" branch="False" />
              </lines>
            </method>
            <method name="TestKonstruktor2" signature="()" line-rate="0.8" branch-rate="1" complexity="1">
              <lines>
                <line number="39" hits="1" branch="False" />
                <line number="40" hits="1" branch="False" />
                <line number="41" hits="1" branch="False" />
                <line number="43" hits="1" branch="False" />
                <line number="45" hits="0" branch="False" />
              </lines>
            </method>
            <method name="TestSetterSadrzaj" signature="()" line-rate="0.8332999999999999" branch-rate="1" complexity="1">
              <lines>
                <line number="52" hits="1" branch="False" />
                <line number="53" hits="1" branch="False" />
                <line number="54" hits="1" branch="False" />
                <line number="56" hits="1" branch="False" />
                <line number="57" hits="1" branch="False" />
                <line number="58" hits="0" branch="False" />
              </lines>
            </method>
            <method name="TestSetterSadrzaj1" signature="()" line-rate="0.8332999999999999" branch-rate="1" complexity="1">
              <lines>
                <line number="63" hits="1" branch="False" />
                <line number="64" hits="1" branch="False" />
                <line number="65" hits="1" branch="False" />
                <line number="67" hits="1" branch="False" />
                <line number="68" hits="1" branch="False" />
                <line number="69" hits="0" branch="False" />
              </lines>
            </method>
            <method name="TestSetterSadrzaj2" signature="()" line-rate="1" branch-rate="1" complexity="1">
              <lines>
                <line number="74" hits="1" branch="False" />
                <line number="75" hits="1" branch="False" />
                <line number="76" hits="1" branch="False" />
                <line number="78" hits="1" branch="False" />
                <line number="79" hits="1" branch="False" />
                <line number="80" hits="1" branch="False" />
                <line number="81" hits="1" branch="False" />
              </lines>
            </method>
            <method name="TestGetterSadrzaj" signature="()" line-rate="1" branch-rate="1" complexity="1">
              <lines>
                <line number="86" hits="1" branch="False" />
                <line number="87" hits="1" branch="False" />
                <line number="88" hits="1" branch="False" />
                <line number="90" hits="1" branch="False" />
                <line number="91" hits="1" branch="False" />
                <line number="92" hits="1" branch="False" />
              </lines>
            </method>
            <method name="TestGetterPrimalac" signature="()" line-rate="1" branch-rate="1" complexity="1">
              <lines>
                <line number="97" hits="1" branch="False" />
                <line number="98" hits="1" branch="False" />
                <line number="99" hits="1" branch="False" />
                <line number="101" hits="1" branch="False" />
                <line number="102" hits="1" branch="False" />
                <line number="103" hits="1" branch="False" />
              </lines>
            </method>
            <method name="TestGetterPosiljalac" signature="()" line-rate="1" branch-rate="1" complexity="1">
              <lines>
                <line number="108" hits="1" branch="False" />
                <line number="109" hits="1" branch="False" />
                <line number="110" hits="1" branch="False" />
                <line number="112" hits="1" branch="False" />
                <line number="113" hits="1" branch="False" />
                <line number="114" hits="1" branch="False" />
              </lines>
            </method>
            <method name="StoPostoKompatibilnost" signature="()" line-rate="1" branch-rate="1" complexity="1">
              <lines>
                <line number="119" hits="1" branch="False" />
                <line number="120" hits="1" branch="False" />
                <line number="121" hits="1" branch="False" />
                <line number="123" hits="1" branch="False" />
                <line number="124" hits="1" branch="False" />
                <line number="125" hits="1" branch="False" />
                <line number="126" hits="1" branch="False" />
                <line number="128" hits="1" branch="False" />
              </lines>
            </method>
            <method name="StoPostoKompatibilnost1" signature="()" line-rate="1" branch-rate="1" complexity="1">
              <lines>
                <line number="132" hits="1" branch="False" />
                <line number="133" hits="1" branch="False" />
                <line number="134" hits="1" branch="False" />
                <line number="136" hits="1" branch="False" />
                <line number="138" hits="1" branch="False" />
                <line number="140" hits="1" branch="False" />
              </lines>
            </method>
            <method name="StoPostoKompatibilnost2" signature="()" line-rate="1" branch-rate="1" complexity="1">
              <lines>
                <line number="144" hits="1" branch="False" />
                <line number="145" hits="1" branch="False" />
                <line number="146" hits="1" branch="False" />
                <line number="148" hits="1" branch="False" />
                <line number="149" hits="1" branch="False" />
                <line number="151" hits="1" branch="False" />
                <line number="152" hits="1" branch="False" />
              </lines>
            </method>
            <method name="Kompatibilnost1" signature="()" line-rate="1" branch-rate="1" complexity="1">
              <lines>
                <line number="156" hits="1" branch="False" />
                <line number="157" hits="1" branch="False" />
                <line number="158" hits="1" branch="False" />
                <line number="160" hits="1" branch="False" />
                <line number="161" hits="1" branch="False" />
                <line number="163" hits="1" branch="False" />
                <line number="164" hits="1" branch="False" />
              </lines>
            </method>
          </methods>
          <lines>
            <line number="12" hits="1" branch="False" />
            <line number="13" hits="1" branch="False" />
            <line number="14" hits="1" branch="False" />
            <line number="16" hits="1" branch="False" />
            <line number="18" hits="1" branch="False" />
            <line number="19" hits="1" branch="False" />
            <line number="20" hits="1" branch="False" />
            <line number="22" hits="1" branch="False" />
            <line number="27" hits="1" branch="False" />
            <line number="28" hits="1" branch="False" />
            <line number="29" hits="1" branch="False" />
            <line number="31" hits="1" branch="False" />
            <line number="34" hits="0" branch="False" />
            <line number="39" hits="1" branch="False" />
            <line number="40" hits="1" branch="False" />
            <line number="41" hits="1" branch="False" />
            <line number="43" hits="1" branch="False" />
            <line number="45" hits="0" branch="False" />
            <line number="52" hits="1" branch="False" />
            <line number="53" hits="1" branch="False" />
            <line number="54" hits="1" branch="False" />
            <line number="56" hits="1" branch="False" />
            <line number="57" hits="1" branch="False" />
            <line number="58" hits="0" branch="False" />
            <line number="63" hits="1" branch="False" />
            <line number="64" hits="1" branch="False" />
            <line number="65" hits="1" branch="False" />
            <line number="67" hits="1" branch="False" />
            <line number="68" hits="1" branch="False" />
            <line number="69" hits="0" branch="False" />
            <line number="74" hits="1" branch="False" />
            <line number="75" hits="1" branch="False" />
            <line number="76" hits="1" branch="False" />
            <line number="78" hits="1" branch="False" />
            <line number="79" hits="1" branch="False" />
            <line number="80" hits="1" branch="False" />
            <line number="81" hits="1" branch="False" />
            <line number="86" hits="1" branch="False" />
            <line number="87" hits="1" branch="False" />
            <line number="88" hits="1" branch="False" />
            <line number="90" hits="1" branch="False" />
            <line number="91" hits="1" branch="False" />
            <line number="92" hits="1" branch="False" />
            <line number="97" hits="1" branch="False" />
            <line number="98" hits="1" branch="False" />
            <line number="99" hits="1" branch="False" />
            <line number="101" hits="1" branch="False" />
            <line number="102" hits="1" branch="False" />
            <line number="103" hits="1" branch="False" />
            <line number="108" hits="1" branch="False" />
            <line number="109" hits="1" branch="False" />
            <line number="110" hits="1" branch="False" />
            <line number="112" hits="1" branch="False" />
            <line number="113" hits="1" branch="False" />
            <line number="114" hits="1" branch="False" />
            <line number="119" hits="1" branch="False" />
            <line number="120" hits="1" branch="False" />
            <line number="121" hits="1" branch="False" />
            <line number="123" hits="1" branch="False" />
            <line number="124" hits="1" branch="False" />
            <line number="125" hits="1" branch="False" />
            <line number="126" hits="1" branch="False" />
            <line number="128" hits="1" branch="False" />
            <line number="132" hits="1" branch="False" />
            <line number="133" hits="1" branch="False" />
            <line number="134" hits="1" branch="False" />
            <line number="136" hits="1" branch="False" />
            <line number="138" hits="1" branch="False" />
            <line number="140" hits="1" branch="False" />
            <line number="144" hits="1" branch="False" />
            <line number="145" hits="1" branch="False" />
            <line number="146" hits="1" branch="False" />
            <line number="148" hits="1" branch="False" />
            <line number="149" hits="1" branch="False" />
            <line number="151" hits="1" branch="False" />
            <line number="152" hits="1" branch="False" />
            <line number="156" hits="1" branch="False" />
            <line number="157" hits="1" branch="False" />
            <line number="158" hits="1" branch="False" />
            <line number="160" hits="1" branch="False" />
            <line number="161" hits="1" branch="False" />
            <line number="163" hits="1" branch="False" />
            <line number="164" hits="1" branch="False" />
          </lines>
        </class>
      </classes>
    </package>
  </packages>
</coverage>