TpTrace Information: 0 : 13812, 1, 2020/12/02, 10:18:54.435, 45772307673, datacollector.dll, DataCollectorMain.Run: Starting data collector run with args: --port,50527,--parentprocessid,1400,--diag,C:\Users\User\source\repos\VerifikacijaIValidacijaSoftvera-Vjezbe1\Kupid\Unit Testovi\bin\Debug\fine-code-coverage\_outputfolder\diagnostics.datacollector.20-12-02_10-18-54_29485_4.log,--tracelevel,4
TpTrace Information: 0 : 13812, 1, 2020/12/02, 10:18:54.441, 45772328982, datacollector.dll, DataCollector: Monitoring parent process with id: '1400'
TpTrace Information: 0 : 13812, 1, 2020/12/02, 10:18:54.449, 45772408147, datacollector.dll, Trying to connect to server on socket : 127.0.0.1:50527 
TpTrace Verbose: 0 : 13812, 1, 2020/12/02, 10:18:54.465, 45772569464, datacollector.dll, SocketCommunicationManager : SetupClientAsync : Attempting to connect to the server.
TpTrace Information: 0 : 13812, 7, 2020/12/02, 10:18:54.477, 45772697246, datacollector.dll, Connected to the server successfully 
TpTrace Information: 0 : 13812, 7, 2020/12/02, 10:18:54.478, 45772699536, datacollector.dll, Using the buffer size of 16384 bytes
TpTrace Information: 0 : 13812, 1, 2020/12/02, 10:18:54.550, 45773424145, datacollector.dll, DataCollector: Start Request Processing.
TpTrace Information: 0 : 13812, 1, 2020/12/02, 10:18:54.554, 45773461993, datacollector.dll, DataCollectionRequestHandler.ProcessRequests : Datacollector received message: (DataCollection.BeforeTestRunStart) -> {
  "SettingsXml": "<RunSettings><RunConfiguration><ResultsDirectory>C:\\Users\\User\\source\\repos\\VerifikacijaIValidacijaSoftvera-Vjezbe1\\Kupid\\Unit Testovi\\bin\\Debug\\fine-code-coverage\\_outputfolder</ResultsDirectory><TargetPlatform>X64</TargetPlatform><TargetFrameworkVersion>.NETCoreApp,Version=v3.1</TargetFrameworkVersion><DesignMode>False</DesignMode><CollectSourceInformation>False</CollectSourceInformation><TestAdaptersPaths>C:\\Program Files\\dotnet\\sdk\\3.1.403\\Extensions</TestAdaptersPaths></RunConfiguration><LoggerRunSettings><Loggers><Logger friendlyName=\"blame\" enabled=\"True\" /><Logger friendlyName=\"Console\" uri=\"logger://microsoft/TestPlatform/ConsoleLogger/v1\" assemblyQualifiedName=\"Microsoft.VisualStudio.TestPlatform.CommandLine.Internal.ConsoleLogger, vstest.console, Version=15.0.0.0, Culture=neutral, PublicKeyToken=b03f5f7f11d50a3a\" codeBase=\"C:\\Program Files\\dotnet\\sdk\\3.1.403\\vstest.console.dll\" enabled=\"True\" /></Loggers></LoggerRunSettings><DataCollectionRunSettings><DataCollectors><DataCollector friendlyName=\"blame\" enabled=\"True\"><Configuration><ResultsDirectory>C:\\Users\\User\\source\\repos\\VerifikacijaIValidacijaSoftvera-Vjezbe1\\Kupid\\Unit Testovi\\bin\\Debug\\fine-code-coverage\\_outputfolder</ResultsDirectory></Configuration></DataCollector></DataCollectors></DataCollectionRunSettings></RunSettings>",
  "Sources": [
    "C:\\Users\\User\\source\\repos\\VerifikacijaIValidacijaSoftvera-Vjezbe1\\Kupid\\Unit Testovi\\bin\\Debug\\fine-code-coverage\\Unit Testovi.dll"
  ]
}
TpTrace Verbose: 0 : 13812, 1, 2020/12/02, 10:18:54.605, 45773967625, datacollector.dll, TestPluginCache: Update extensions started. Skip filter = False
TpTrace Verbose: 0 : 13812, 1, 2020/12/02, 10:18:54.605, 45773974888, datacollector.dll, TestPluginCache: Using directories for assembly resolution 'C:\Program Files\dotnet\sdk\3.1.403\Extensions'.
TpTrace Verbose: 0 : 13812, 1, 2020/12/02, 10:18:54.605, 45773976390, datacollector.dll, TestPluginCache: Updated the available extensions to 'C:\Program Files\dotnet\sdk\3.1.403\Extensions\Microsoft.TestPlatform.Extensions.BlameDataCollector.dll,C:\Program Files\dotnet\sdk\3.1.403\Extensions\Microsoft.TestPlatform.Extensions.EventLogCollector.dll'.
TpTrace Verbose: 0 : 13812, 1, 2020/12/02, 10:18:54.611, 45774037362, datacollector.dll, TestPluginCache.DiscoverTestExtensions: finding test extensions in assemblies ends with: Collector.dll TPluginInfo: Microsoft.VisualStudio.TestPlatform.Common.DataCollector.DataCollectorConfig TExtension: Microsoft.VisualStudio.TestPlatform.ObjectModel.DataCollection.DataCollector
TpTrace Verbose: 0 : 13812, 1, 2020/12/02, 10:18:54.612, 45774040359, datacollector.dll, TestPluginCache.GetExtensionPaths: Filtered extension paths: C:\Program Files\dotnet\sdk\3.1.403\Extensions\Microsoft.TestPlatform.Extensions.BlameDataCollector.dll
C:\Program Files\dotnet\sdk\3.1.403\Extensions\Microsoft.TestPlatform.Extensions.EventLogCollector.dll
TpTrace Verbose: 0 : 13812, 1, 2020/12/02, 10:18:54.612, 45774041738, datacollector.dll, TestPluginCache.GetExtensionPaths: Added default extension paths: 
TpTrace Verbose: 0 : 13812, 1, 2020/12/02, 10:18:54.612, 45774043008, datacollector.dll, TestPluginCache.GetExtensionPaths: Added unfilterableExtensionPaths: 
TpTrace Information: 0 : 13812, 1, 2020/12/02, 10:18:54.613, 45774048656, datacollector.dll, AssemblyResolver.ctor: Creating AssemblyResolver with searchDirectories C:\Program Files\dotnet\sdk\3.1.403\Extensions,C:\Program Files\dotnet\sdk\3.1.403
TpTrace Verbose: 0 : 13812, 1, 2020/12/02, 10:18:54.614, 45774064700, datacollector.dll, TestPluginCache.DiscoverTestExtensions: Discovering the extensions using extension path.
TpTrace Verbose: 0 : 13812, 1, 2020/12/02, 10:18:54.614, 45774067403, datacollector.dll, TestPluginCache.GetExtensionPaths: Filtered extension paths: C:\Program Files\dotnet\sdk\3.1.403\Extensions\Microsoft.TestPlatform.Extensions.BlameDataCollector.dll
C:\Program Files\dotnet\sdk\3.1.403\Extensions\Microsoft.TestPlatform.Extensions.EventLogCollector.dll
TpTrace Verbose: 0 : 13812, 1, 2020/12/02, 10:18:54.615, 45774068961, datacollector.dll, TestPluginCache.GetExtensionPaths: Added default extension paths: 
TpTrace Verbose: 0 : 13812, 1, 2020/12/02, 10:18:54.615, 45774070632, datacollector.dll, TestPluginCache.GetExtensionPaths: Added unfilterableExtensionPaths: 
TpTrace Verbose: 0 : 13812, 1, 2020/12/02, 10:18:54.615, 45774072210, datacollector.dll, TestPluginCache.DiscoverTestExtensions: Discovering the extensions using allExtensionPaths: C:\Program Files\dotnet\sdk\3.1.403\Extensions\Microsoft.TestPlatform.Extensions.BlameDataCollector.dll
C:\Program Files\dotnet\sdk\3.1.403\Extensions\Microsoft.TestPlatform.Extensions.EventLogCollector.dll
TpTrace Information: 0 : 13812, 1, 2020/12/02, 10:18:54.615, 45774074410, datacollector.dll, AssemblyResolver.AddSearchDirectories: Adding more searchDirectories C:\Program Files\dotnet\sdk\3.1.403\Extensions,C:\Program Files\dotnet\sdk\3.1.403
TpTrace Information: 0 : 13812, 1, 2020/12/02, 10:18:54.615, 45774076202, datacollector.dll, AssemblyResolver.AddSearchDirectories: Adding more searchDirectories C:\Program Files\dotnet\sdk\3.1.403\Extensions,C:\Program Files\dotnet\sdk\3.1.403
TpTrace Information: 0 : 13812, 1, 2020/12/02, 10:18:54.616, 45774081219, datacollector.dll, AssemblyResolver.OnResolve: Microsoft.TestPlatform.Extensions.BlameDataCollector: Resolving assembly.
TpTrace Information: 0 : 13812, 1, 2020/12/02, 10:18:54.617, 45774091270, datacollector.dll, AssemblyResolver.OnResolve: Resolved assembly: Microsoft.TestPlatform.Extensions.BlameDataCollector, from path: C:\Program Files\dotnet\sdk\3.1.403\Extensions\Microsoft.TestPlatform.Extensions.BlameDataCollector.dll
TpTrace Error: 0 : 13812, 1, 2020/12/02, 10:18:54.618, 45774099563, datacollector.dll, The type "Microsoft.TestPlatform.Extensions.BlameDataCollector.BlameCollector" defined in "Microsoft.TestPlatform.Extensions.BlameDataCollector.dll" does not have ExtensionUri attribute.
TpTrace Information: 0 : 13812, 1, 2020/12/02, 10:18:54.618, 45774105591, datacollector.dll, AssemblyResolver.OnResolve: Microsoft.TestPlatform.Extensions.EventLogCollector: Resolving assembly.
TpTrace Information: 0 : 13812, 1, 2020/12/02, 10:18:54.619, 45774112748, datacollector.dll, AssemblyResolver.OnResolve: Resolved assembly: Microsoft.TestPlatform.Extensions.EventLogCollector, from path: C:\Program Files\dotnet\sdk\3.1.403\Extensions\Microsoft.TestPlatform.Extensions.EventLogCollector.dll
TpTrace Error: 0 : 13812, 1, 2020/12/02, 10:18:54.621, 45774127762, datacollector.dll, The type "Microsoft.TestPlatform.Extensions.EventLogCollector.EventLogDataCollector" defined in "Microsoft.TestPlatform.Extensions.EventLogCollector.dll" does not have ExtensionUri attribute.
TpTrace Verbose: 0 : 13812, 1, 2020/12/02, 10:18:54.621, 45774131699, datacollector.dll, TestPluginCache: Discovered the extensions using extension path 'C:\Program Files\dotnet\sdk\3.1.403\Extensions\Microsoft.TestPlatform.Extensions.BlameDataCollector.dll,C:\Program Files\dotnet\sdk\3.1.403\Extensions\Microsoft.TestPlatform.Extensions.EventLogCollector.dll'.
TpTrace Verbose: 0 : 13812, 1, 2020/12/02, 10:18:54.621, 45774133211, datacollector.dll, TestPluginCache: Discoverers are ''.
TpTrace Verbose: 0 : 13812, 1, 2020/12/02, 10:18:54.621, 45774134451, datacollector.dll, TestPluginCache: Executors are ''.
TpTrace Verbose: 0 : 13812, 1, 2020/12/02, 10:18:54.621, 45774135630, datacollector.dll, TestPluginCache: Executors2 are ''.
TpTrace Verbose: 0 : 13812, 1, 2020/12/02, 10:18:54.621, 45774136797, datacollector.dll, TestPluginCache: Setting providers are ''.
TpTrace Verbose: 0 : 13812, 1, 2020/12/02, 10:18:54.622, 45774137973, datacollector.dll, TestPluginCache: Loggers are ''.
TpTrace Information: 0 : 13812, 1, 2020/12/02, 10:18:54.623, 45774150620, datacollector.dll, TestPluginManager.CreateTestExtension: Attempting to load test extension: Microsoft.TestPlatform.Extensions.BlameDataCollector.BlameCollector
TpTrace Error: 0 : 13812, 1, 2020/12/02, 10:18:54.623, 45774152752, datacollector.dll, The type "Microsoft.TestPlatform.Extensions.BlameDataCollector.BlameCollector" defined in "Microsoft.TestPlatform.Extensions.BlameDataCollector.dll" does not have ExtensionUri attribute.
TpTrace Information: 0 : 13812, 1, 2020/12/02, 10:18:54.629, 45774213596, datacollector.dll, Listening on Endpoint : 127.0.0.1:50529
TpTrace Information: 0 : 13812, 1, 2020/12/02, 10:18:54.637, 45774292164, datacollector.dll, DataCollectionRequestHandler.ProcessRequests : DataCollection started.
TpTrace Information: 0 : 13812, 1, 2020/12/02, 10:18:54.680, 45774723125, datacollector.dll, DataCollectionRequestHandler.ProcessRequests : Datacollector received message: (DataCollection.TestHostLaunched) -> {
  "ProcessId": 2108
}
TpTrace Information: 0 : 13812, 5, 2020/12/02, 10:18:54.984, 45777764843, datacollector.dll, Using the buffer size of 16384 bytes
TpTrace Information: 0 : 13812, 5, 2020/12/02, 10:18:54.985, 45777768217, datacollector.dll, Accepted Client request and set the flag
TpTrace Information: 0 : 13812, 7, 2020/12/02, 10:18:55.435, 45782267728, datacollector.dll, DataCollectionTestCaseEventHandler: Test case starting.
TpTrace Information: 0 : 13812, 7, 2020/12/02, 10:18:55.461, 45782531433, datacollector.dll, Blame Collector : Test Case Start
TpTrace Information: 0 : 13812, 7, 2020/12/02, 10:18:55.462, 45782542840, datacollector.dll, DataCollectionTestCaseEventHandler: Test case 'TestZamjenskiObjekti - 1f188b79-6e7d-426e-cee7-535acfae4fe2' started.
TpTrace Information: 0 : 13812, 7, 2020/12/02, 10:18:55.532, 45783241521, datacollector.dll, DataCollectionTestCaseEventHandler : Test case completing.
TpTrace Information: 0 : 13812, 7, 2020/12/02, 10:18:55.535, 45783269925, datacollector.dll, Blame Collector : Test Case End
TpTrace Error: 0 : 13812, 7, 2020/12/02, 10:18:55.552, 45783440172, datacollector.dll, DataCollectionAttachmentManager.GetAttachments: Fail to get attachments: System.Collections.Generic.KeyNotFoundException: The given key 'Microsoft.VisualStudio.TestPlatform.ObjectModel.DataCollection.DataCollectionContext' was not present in the dictionary.
   at System.Collections.Generic.Dictionary`2.get_Item(TKey key)
   at Microsoft.VisualStudio.TestPlatform.Common.DataCollector.DataCollectionAttachmentManager.GetAttachments(DataCollectionContext dataCollectionContext) 
TpTrace Information: 0 : 13812, 7, 2020/12/02, 10:18:55.555, 45783470593, datacollector.dll, DataCollectionTestCaseEventHandler: Test case 'TestZamjenskiObjekti - 1f188b79-6e7d-426e-cee7-535acfae4fe2' completed
TpTrace Information: 0 : 13812, 7, 2020/12/02, 10:18:55.564, 45783565700, datacollector.dll, DataCollectionTestCaseEventHandler: Test case starting.
TpTrace Information: 0 : 13812, 7, 2020/12/02, 10:18:55.565, 45783569888, datacollector.dll, Blame Collector : Test Case Start
TpTrace Information: 0 : 13812, 7, 2020/12/02, 10:18:55.565, 45783571955, datacollector.dll, DataCollectionTestCaseEventHandler: Test case 'SpajanjeKorisnikaPoLokaciji - e1dda49f-e3c9-5fce-6135-420a5e8838bd' started.
TpTrace Information: 0 : 13812, 7, 2020/12/02, 10:18:55.568, 45783605119, datacollector.dll, DataCollectionTestCaseEventHandler : Test case completing.
TpTrace Information: 0 : 13812, 7, 2020/12/02, 10:18:55.569, 45783609301, datacollector.dll, Blame Collector : Test Case End
TpTrace Error: 0 : 13812, 7, 2020/12/02, 10:18:55.569, 45783612016, datacollector.dll, DataCollectionAttachmentManager.GetAttachments: Fail to get attachments: System.Collections.Generic.KeyNotFoundException: The given key 'Microsoft.VisualStudio.TestPlatform.ObjectModel.DataCollection.DataCollectionContext' was not present in the dictionary.
   at System.Collections.Generic.Dictionary`2.get_Item(TKey key)
   at Microsoft.VisualStudio.TestPlatform.Common.DataCollector.DataCollectionAttachmentManager.GetAttachments(DataCollectionContext dataCollectionContext) 
TpTrace Information: 0 : 13812, 7, 2020/12/02, 10:18:55.569, 45783614292, datacollector.dll, DataCollectionTestCaseEventHandler: Test case 'SpajanjeKorisnikaPoLokaciji - e1dda49f-e3c9-5fce-6135-420a5e8838bd' completed
TpTrace Information: 0 : 13812, 7, 2020/12/02, 10:18:55.570, 45783625281, datacollector.dll, DataCollectionTestCaseEventHandler: Test case starting.
TpTrace Information: 0 : 13812, 7, 2020/12/02, 10:18:55.571, 45783628860, datacollector.dll, Blame Collector : Test Case Start
TpTrace Information: 0 : 13812, 7, 2020/12/02, 10:18:55.571, 45783630714, datacollector.dll, DataCollectionTestCaseEventHandler: Test case 'SpajanjeKorisnikaPoGodinama - 56b6acd0-dcfc-1299-e721-c2af576d3c88' started.
TpTrace Information: 0 : 13812, 7, 2020/12/02, 10:18:55.572, 45783641107, datacollector.dll, DataCollectionTestCaseEventHandler : Test case completing.
TpTrace Information: 0 : 13812, 7, 2020/12/02, 10:18:55.572, 45783644883, datacollector.dll, Blame Collector : Test Case End
TpTrace Error: 0 : 13812, 7, 2020/12/02, 10:18:55.573, 45783647814, datacollector.dll, DataCollectionAttachmentManager.GetAttachments: Fail to get attachments: System.Collections.Generic.KeyNotFoundException: The given key 'Microsoft.VisualStudio.TestPlatform.ObjectModel.DataCollection.DataCollectionContext' was not present in the dictionary.
   at System.Collections.Generic.Dictionary`2.get_Item(TKey key)
   at Microsoft.VisualStudio.TestPlatform.Common.DataCollector.DataCollectionAttachmentManager.GetAttachments(DataCollectionContext dataCollectionContext) 
TpTrace Information: 0 : 13812, 7, 2020/12/02, 10:18:55.573, 45783650596, datacollector.dll, DataCollectionTestCaseEventHandler: Test case 'SpajanjeKorisnikaPoGodinama - 56b6acd0-dcfc-1299-e721-c2af576d3c88' completed
TpTrace Information: 0 : 13812, 7, 2020/12/02, 10:18:55.574, 45783662821, datacollector.dll, DataCollectionTestCaseEventHandler: Test case starting.
TpTrace Information: 0 : 13812, 7, 2020/12/02, 10:18:55.575, 45783667804, datacollector.dll, Blame Collector : Test Case Start
TpTrace Information: 0 : 13812, 7, 2020/12/02, 10:18:55.575, 45783670455, datacollector.dll, DataCollectionTestCaseEventHandler: Test case 'SpajanjeKorisnikaIzuzetak - 7821fae6-ab52-8946-65ca-a191cf7f2311' started.
TpTrace Information: 0 : 13812, 7, 2020/12/02, 10:18:55.578, 45783702042, datacollector.dll, DataCollectionTestCaseEventHandler : Test case completing.
TpTrace Information: 0 : 13812, 7, 2020/12/02, 10:18:55.578, 45783705998, datacollector.dll, Blame Collector : Test Case End
TpTrace Error: 0 : 13812, 7, 2020/12/02, 10:18:55.579, 45783708364, datacollector.dll, DataCollectionAttachmentManager.GetAttachments: Fail to get attachments: System.Collections.Generic.KeyNotFoundException: The given key 'Microsoft.VisualStudio.TestPlatform.ObjectModel.DataCollection.DataCollectionContext' was not present in the dictionary.
   at System.Collections.Generic.Dictionary`2.get_Item(TKey key)
   at Microsoft.VisualStudio.TestPlatform.Common.DataCollector.DataCollectionAttachmentManager.GetAttachments(DataCollectionContext dataCollectionContext) 
TpTrace Information: 0 : 13812, 7, 2020/12/02, 10:18:55.579, 45783710716, datacollector.dll, DataCollectionTestCaseEventHandler: Test case 'SpajanjeKorisnikaIzuzetak - 7821fae6-ab52-8946-65ca-a191cf7f2311' completed
TpTrace Information: 0 : 13812, 7, 2020/12/02, 10:18:55.580, 45783720274, datacollector.dll, DataCollectionTestCaseEventHandler: Test case starting.
TpTrace Information: 0 : 13812, 7, 2020/12/02, 10:18:55.580, 45783723602, datacollector.dll, Blame Collector : Test Case Start
TpTrace Information: 0 : 13812, 7, 2020/12/02, 10:18:55.580, 45783725496, datacollector.dll, DataCollectionTestCaseEventHandler: Test case 'TestBrojPoruka - 1723a222-0ebe-7fb8-beb2-ad62d996c6b4' started.
TpTrace Information: 0 : 13812, 7, 2020/12/02, 10:18:55.582, 45783740021, datacollector.dll, DataCollectionTestCaseEventHandler : Test case completing.
TpTrace Information: 0 : 13812, 7, 2020/12/02, 10:18:55.582, 45783743637, datacollector.dll, Blame Collector : Test Case End
TpTrace Error: 0 : 13812, 7, 2020/12/02, 10:18:55.582, 45783745924, datacollector.dll, DataCollectionAttachmentManager.GetAttachments: Fail to get attachments: System.Collections.Generic.KeyNotFoundException: The given key 'Microsoft.VisualStudio.TestPlatform.ObjectModel.DataCollection.DataCollectionContext' was not present in the dictionary.
   at System.Collections.Generic.Dictionary`2.get_Item(TKey key)
   at Microsoft.VisualStudio.TestPlatform.Common.DataCollector.DataCollectionAttachmentManager.GetAttachments(DataCollectionContext dataCollectionContext) 
TpTrace Information: 0 : 13812, 7, 2020/12/02, 10:18:55.583, 45783747836, datacollector.dll, DataCollectionTestCaseEventHandler: Test case 'TestBrojPoruka - 1723a222-0ebe-7fb8-beb2-ad62d996c6b4' completed
TpTrace Information: 0 : 13812, 7, 2020/12/02, 10:18:55.584, 45783757564, datacollector.dll, DataCollectionTestCaseEventHandler: Test case starting.
TpTrace Information: 0 : 13812, 7, 2020/12/02, 10:18:55.584, 45783761257, datacollector.dll, Blame Collector : Test Case Start
TpTrace Information: 0 : 13812, 7, 2020/12/02, 10:18:55.584, 45783763083, datacollector.dll, DataCollectionTestCaseEventHandler: Test case 'TestBrojPoruka1 - 31f94f60-086f-be53-4b16-194ef37de5a5' started.
TpTrace Information: 0 : 13812, 7, 2020/12/02, 10:18:55.585, 45783772335, datacollector.dll, DataCollectionTestCaseEventHandler : Test case completing.
TpTrace Information: 0 : 13812, 7, 2020/12/02, 10:18:55.585, 45783775411, datacollector.dll, Blame Collector : Test Case End
TpTrace Error: 0 : 13812, 7, 2020/12/02, 10:18:55.586, 45783777740, datacollector.dll, DataCollectionAttachmentManager.GetAttachments: Fail to get attachments: System.Collections.Generic.KeyNotFoundException: The given key 'Microsoft.VisualStudio.TestPlatform.ObjectModel.DataCollection.DataCollectionContext' was not present in the dictionary.
   at System.Collections.Generic.Dictionary`2.get_Item(TKey key)
   at Microsoft.VisualStudio.TestPlatform.Common.DataCollector.DataCollectionAttachmentManager.GetAttachments(DataCollectionContext dataCollectionContext) 
TpTrace Information: 0 : 13812, 7, 2020/12/02, 10:18:55.586, 45783779574, datacollector.dll, DataCollectionTestCaseEventHandler: Test case 'TestBrojPoruka1 - 31f94f60-086f-be53-4b16-194ef37de5a5' completed
TpTrace Information: 0 : 13812, 7, 2020/12/02, 10:18:55.587, 45783788785, datacollector.dll, DataCollectionTestCaseEventHandler: Test case starting.
TpTrace Information: 0 : 13812, 7, 2020/12/02, 10:18:55.587, 45783792069, datacollector.dll, Blame Collector : Test Case Start
TpTrace Information: 0 : 13812, 7, 2020/12/02, 10:18:55.587, 45783794147, datacollector.dll, DataCollectionTestCaseEventHandler: Test case 'TestKonstruktor - d6d0279b-1922-ec4d-bf80-b2fbb8ac1a76' started.
TpTrace Information: 0 : 13812, 7, 2020/12/02, 10:18:55.588, 45783804596, datacollector.dll, DataCollectionTestCaseEventHandler : Test case completing.
TpTrace Information: 0 : 13812, 7, 2020/12/02, 10:18:55.589, 45783807927, datacollector.dll, Blame Collector : Test Case End
TpTrace Error: 0 : 13812, 7, 2020/12/02, 10:18:55.589, 45783810135, datacollector.dll, DataCollectionAttachmentManager.GetAttachments: Fail to get attachments: System.Collections.Generic.KeyNotFoundException: The given key 'Microsoft.VisualStudio.TestPlatform.ObjectModel.DataCollection.DataCollectionContext' was not present in the dictionary.
   at System.Collections.Generic.Dictionary`2.get_Item(TKey key)
   at Microsoft.VisualStudio.TestPlatform.Common.DataCollector.DataCollectionAttachmentManager.GetAttachments(DataCollectionContext dataCollectionContext) 
TpTrace Information: 0 : 13812, 7, 2020/12/02, 10:18:55.589, 45783812090, datacollector.dll, DataCollectionTestCaseEventHandler: Test case 'TestKonstruktor - d6d0279b-1922-ec4d-bf80-b2fbb8ac1a76' completed
TpTrace Information: 0 : 13812, 7, 2020/12/02, 10:18:55.590, 45783822306, datacollector.dll, DataCollectionTestCaseEventHandler: Test case starting.
TpTrace Information: 0 : 13812, 7, 2020/12/02, 10:18:55.590, 45783825625, datacollector.dll, Blame Collector : Test Case Start
TpTrace Information: 0 : 13812, 7, 2020/12/02, 10:18:55.591, 45783827460, datacollector.dll, DataCollectionTestCaseEventHandler: Test case 'TestKonstruktor1 - 91ca0cdf-ffa9-2dd4-c431-6c23019febd1' started.
TpTrace Information: 0 : 13812, 7, 2020/12/02, 10:18:55.592, 45783837600, datacollector.dll, DataCollectionTestCaseEventHandler : Test case completing.
TpTrace Information: 0 : 13812, 7, 2020/12/02, 10:18:55.592, 45783840663, datacollector.dll, Blame Collector : Test Case End
TpTrace Error: 0 : 13812, 7, 2020/12/02, 10:18:55.592, 45783842736, datacollector.dll, DataCollectionAttachmentManager.GetAttachments: Fail to get attachments: System.Collections.Generic.KeyNotFoundException: The given key 'Microsoft.VisualStudio.TestPlatform.ObjectModel.DataCollection.DataCollectionContext' was not present in the dictionary.
   at System.Collections.Generic.Dictionary`2.get_Item(TKey key)
   at Microsoft.VisualStudio.TestPlatform.Common.DataCollector.DataCollectionAttachmentManager.GetAttachments(DataCollectionContext dataCollectionContext) 
TpTrace Information: 0 : 13812, 7, 2020/12/02, 10:18:55.592, 45783844482, datacollector.dll, DataCollectionTestCaseEventHandler: Test case 'TestKonstruktor1 - 91ca0cdf-ffa9-2dd4-c431-6c23019febd1' completed
TpTrace Information: 0 : 13812, 7, 2020/12/02, 10:18:55.593, 45783853433, datacollector.dll, DataCollectionTestCaseEventHandler: Test case starting.
TpTrace Information: 0 : 13812, 7, 2020/12/02, 10:18:55.593, 45783856461, datacollector.dll, Blame Collector : Test Case Start
TpTrace Information: 0 : 13812, 7, 2020/12/02, 10:18:55.594, 45783858287, datacollector.dll, DataCollectionTestCaseEventHandler: Test case 'TestKonstruktor - 26d55cfb-87d6-42a8-442a-350f73c64b07' started.
TpTrace Information: 0 : 13812, 7, 2020/12/02, 10:18:55.599, 45783910475, datacollector.dll, DataCollectionTestCaseEventHandler : Test case completing.
TpTrace Information: 0 : 13812, 7, 2020/12/02, 10:18:55.599, 45783916264, datacollector.dll, Blame Collector : Test Case End
TpTrace Error: 0 : 13812, 7, 2020/12/02, 10:18:55.600, 45783918801, datacollector.dll, DataCollectionAttachmentManager.GetAttachments: Fail to get attachments: System.Collections.Generic.KeyNotFoundException: The given key 'Microsoft.VisualStudio.TestPlatform.ObjectModel.DataCollection.DataCollectionContext' was not present in the dictionary.
   at System.Collections.Generic.Dictionary`2.get_Item(TKey key)
   at Microsoft.VisualStudio.TestPlatform.Common.DataCollector.DataCollectionAttachmentManager.GetAttachments(DataCollectionContext dataCollectionContext) 
TpTrace Information: 0 : 13812, 7, 2020/12/02, 10:18:55.600, 45783921337, datacollector.dll, DataCollectionTestCaseEventHandler: Test case 'TestKonstruktor - 26d55cfb-87d6-42a8-442a-350f73c64b07' completed
TpTrace Information: 0 : 13812, 7, 2020/12/02, 10:18:55.630, 45784219326, datacollector.dll, DataCollectionTestCaseEventHandler: Test case starting.
TpTrace Information: 0 : 13812, 7, 2020/12/02, 10:18:55.630, 45784223709, datacollector.dll, Blame Collector : Test Case Start
TpTrace Information: 0 : 13812, 7, 2020/12/02, 10:18:55.630, 45784225619, datacollector.dll, DataCollectionTestCaseEventHandler: Test case 'TestKonstruktor1 - d70402fd-eb7a-2bee-1cb4-44083bb0d519' started.
TpTrace Information: 0 : 13812, 7, 2020/12/02, 10:18:55.631, 45784237244, datacollector.dll, DataCollectionTestCaseEventHandler : Test case completing.
TpTrace Information: 0 : 13812, 7, 2020/12/02, 10:18:55.632, 45784240910, datacollector.dll, Blame Collector : Test Case End
TpTrace Error: 0 : 13812, 7, 2020/12/02, 10:18:55.632, 45784243695, datacollector.dll, DataCollectionAttachmentManager.GetAttachments: Fail to get attachments: System.Collections.Generic.KeyNotFoundException: The given key 'Microsoft.VisualStudio.TestPlatform.ObjectModel.DataCollection.DataCollectionContext' was not present in the dictionary.
   at System.Collections.Generic.Dictionary`2.get_Item(TKey key)
   at Microsoft.VisualStudio.TestPlatform.Common.DataCollector.DataCollectionAttachmentManager.GetAttachments(DataCollectionContext dataCollectionContext) 
TpTrace Information: 0 : 13812, 7, 2020/12/02, 10:18:55.632, 45784246032, datacollector.dll, DataCollectionTestCaseEventHandler: Test case 'TestKonstruktor1 - d70402fd-eb7a-2bee-1cb4-44083bb0d519' completed
TpTrace Information: 0 : 13812, 7, 2020/12/02, 10:18:55.633, 45784257145, datacollector.dll, DataCollectionTestCaseEventHandler: Test case starting.
TpTrace Information: 0 : 13812, 7, 2020/12/02, 10:18:55.634, 45784261235, datacollector.dll, Blame Collector : Test Case Start
TpTrace Information: 0 : 13812, 7, 2020/12/02, 10:18:55.634, 45784263214, datacollector.dll, DataCollectionTestCaseEventHandler: Test case 'TestKonstruktor2 - eef941ed-d8b2-917f-4905-c746f28a1754' started.
TpTrace Information: 0 : 13812, 7, 2020/12/02, 10:18:55.635, 45784272153, datacollector.dll, DataCollectionTestCaseEventHandler : Test case completing.
TpTrace Information: 0 : 13812, 7, 2020/12/02, 10:18:55.635, 45784276206, datacollector.dll, Blame Collector : Test Case End
TpTrace Error: 0 : 13812, 7, 2020/12/02, 10:18:55.636, 45784278972, datacollector.dll, DataCollectionAttachmentManager.GetAttachments: Fail to get attachments: System.Collections.Generic.KeyNotFoundException: The given key 'Microsoft.VisualStudio.TestPlatform.ObjectModel.DataCollection.DataCollectionContext' was not present in the dictionary.
   at System.Collections.Generic.Dictionary`2.get_Item(TKey key)
   at Microsoft.VisualStudio.TestPlatform.Common.DataCollector.DataCollectionAttachmentManager.GetAttachments(DataCollectionContext dataCollectionContext) 
TpTrace Information: 0 : 13812, 7, 2020/12/02, 10:18:55.636, 45784281496, datacollector.dll, DataCollectionTestCaseEventHandler: Test case 'TestKonstruktor2 - eef941ed-d8b2-917f-4905-c746f28a1754' completed
TpTrace Information: 0 : 13812, 7, 2020/12/02, 10:18:55.638, 45784299138, datacollector.dll, DataCollectionTestCaseEventHandler: Test case starting.
TpTrace Information: 0 : 13812, 7, 2020/12/02, 10:18:55.638, 45784303523, datacollector.dll, Blame Collector : Test Case Start
TpTrace Information: 0 : 13812, 7, 2020/12/02, 10:18:55.638, 45784305544, datacollector.dll, DataCollectionTestCaseEventHandler: Test case 'TestPošaljiPorukuVišeKorisnika - 5accb75e-8e39-2311-7ea9-794bb5604f0d' started.
TpTrace Information: 0 : 13812, 7, 2020/12/02, 10:18:55.640, 45784324879, datacollector.dll, DataCollectionTestCaseEventHandler : Test case completing.
TpTrace Information: 0 : 13812, 7, 2020/12/02, 10:18:55.641, 45784329130, datacollector.dll, Blame Collector : Test Case End
TpTrace Error: 0 : 13812, 7, 2020/12/02, 10:18:55.641, 45784331628, datacollector.dll, DataCollectionAttachmentManager.GetAttachments: Fail to get attachments: System.Collections.Generic.KeyNotFoundException: The given key 'Microsoft.VisualStudio.TestPlatform.ObjectModel.DataCollection.DataCollectionContext' was not present in the dictionary.
   at System.Collections.Generic.Dictionary`2.get_Item(TKey key)
   at Microsoft.VisualStudio.TestPlatform.Common.DataCollector.DataCollectionAttachmentManager.GetAttachments(DataCollectionContext dataCollectionContext) 
TpTrace Information: 0 : 13812, 7, 2020/12/02, 10:18:55.641, 45784334111, datacollector.dll, DataCollectionTestCaseEventHandler: Test case 'TestPošaljiPorukuVišeKorisnika - 5accb75e-8e39-2311-7ea9-794bb5604f0d' completed
TpTrace Information: 0 : 13812, 7, 2020/12/02, 10:18:55.642, 45784344183, datacollector.dll, DataCollectionTestCaseEventHandler: Test case starting.
TpTrace Information: 0 : 13812, 7, 2020/12/02, 10:18:55.643, 45784347552, datacollector.dll, Blame Collector : Test Case Start
TpTrace Information: 0 : 13812, 7, 2020/12/02, 10:18:55.643, 45784349372, datacollector.dll, DataCollectionTestCaseEventHandler: Test case 'TestPošaljiPorukuVišeKorisnika1 - 31808d4d-4ba1-2a0a-dc6b-7c174ece9598' started.
TpTrace Information: 0 : 13812, 7, 2020/12/02, 10:18:55.644, 45784365509, datacollector.dll, DataCollectionTestCaseEventHandler : Test case completing.
TpTrace Information: 0 : 13812, 7, 2020/12/02, 10:18:55.645, 45784369740, datacollector.dll, Blame Collector : Test Case End
TpTrace Error: 0 : 13812, 7, 2020/12/02, 10:18:55.645, 45784372350, datacollector.dll, DataCollectionAttachmentManager.GetAttachments: Fail to get attachments: System.Collections.Generic.KeyNotFoundException: The given key 'Microsoft.VisualStudio.TestPlatform.ObjectModel.DataCollection.DataCollectionContext' was not present in the dictionary.
   at System.Collections.Generic.Dictionary`2.get_Item(TKey key)
   at Microsoft.VisualStudio.TestPlatform.Common.DataCollector.DataCollectionAttachmentManager.GetAttachments(DataCollectionContext dataCollectionContext) 
TpTrace Information: 0 : 13812, 7, 2020/12/02, 10:18:55.645, 45784374786, datacollector.dll, DataCollectionTestCaseEventHandler: Test case 'TestPošaljiPorukuVišeKorisnika1 - 31808d4d-4ba1-2a0a-dc6b-7c174ece9598' completed
TpTrace Information: 0 : 13812, 7, 2020/12/02, 10:18:55.646, 45784386121, datacollector.dll, DataCollectionTestCaseEventHandler: Test case starting.
TpTrace Information: 0 : 13812, 7, 2020/12/02, 10:18:55.647, 45784390605, datacollector.dll, Blame Collector : Test Case Start
TpTrace Information: 0 : 13812, 7, 2020/12/02, 10:18:55.647, 45784392660, datacollector.dll, DataCollectionTestCaseEventHandler: Test case 'TestPošaljiPorukuVišeKorisnika2 - 33343b7e-beb6-3482-c223-a3f979fb8d84' started.
TpTrace Information: 0 : 13812, 7, 2020/12/02, 10:18:55.649, 45784409112, datacollector.dll, DataCollectionTestCaseEventHandler : Test case completing.
TpTrace Information: 0 : 13812, 7, 2020/12/02, 10:18:55.649, 45784414463, datacollector.dll, Blame Collector : Test Case End
TpTrace Error: 0 : 13812, 7, 2020/12/02, 10:18:55.649, 45784416974, datacollector.dll, DataCollectionAttachmentManager.GetAttachments: Fail to get attachments: System.Collections.Generic.KeyNotFoundException: The given key 'Microsoft.VisualStudio.TestPlatform.ObjectModel.DataCollection.DataCollectionContext' was not present in the dictionary.
   at System.Collections.Generic.Dictionary`2.get_Item(TKey key)
   at Microsoft.VisualStudio.TestPlatform.Common.DataCollector.DataCollectionAttachmentManager.GetAttachments(DataCollectionContext dataCollectionContext) 
TpTrace Information: 0 : 13812, 7, 2020/12/02, 10:18:55.650, 45784419224, datacollector.dll, DataCollectionTestCaseEventHandler: Test case 'TestPošaljiPorukuVišeKorisnika2 - 33343b7e-beb6-3482-c223-a3f979fb8d84' completed
TpTrace Information: 0 : 13812, 7, 2020/12/02, 10:18:55.651, 45784433526, datacollector.dll, DataCollectionTestCaseEventHandler: Test case starting.
TpTrace Information: 0 : 13812, 7, 2020/12/02, 10:18:55.651, 45784436835, datacollector.dll, Blame Collector : Test Case Start
TpTrace Information: 0 : 13812, 7, 2020/12/02, 10:18:55.652, 45784438629, datacollector.dll, DataCollectionTestCaseEventHandler: Test case 'TestPošaljiPorukuVišeKorisnika3 - 42c1069e-8e5b-61fa-e9a6-baeacb27e9de' started.
TpTrace Information: 0 : 13812, 7, 2020/12/02, 10:18:55.653, 45784451280, datacollector.dll, DataCollectionTestCaseEventHandler : Test case completing.
TpTrace Information: 0 : 13812, 7, 2020/12/02, 10:18:55.653, 45784454715, datacollector.dll, Blame Collector : Test Case End
TpTrace Error: 0 : 13812, 7, 2020/12/02, 10:18:55.653, 45784456999, datacollector.dll, DataCollectionAttachmentManager.GetAttachments: Fail to get attachments: System.Collections.Generic.KeyNotFoundException: The given key 'Microsoft.VisualStudio.TestPlatform.ObjectModel.DataCollection.DataCollectionContext' was not present in the dictionary.
   at System.Collections.Generic.Dictionary`2.get_Item(TKey key)
   at Microsoft.VisualStudio.TestPlatform.Common.DataCollector.DataCollectionAttachmentManager.GetAttachments(DataCollectionContext dataCollectionContext) 
TpTrace Information: 0 : 13812, 7, 2020/12/02, 10:18:55.654, 45784459424, datacollector.dll, DataCollectionTestCaseEventHandler: Test case 'TestPošaljiPorukuVišeKorisnika3 - 42c1069e-8e5b-61fa-e9a6-baeacb27e9de' completed
TpTrace Information: 0 : 13812, 7, 2020/12/02, 10:18:55.655, 45784470739, datacollector.dll, DataCollectionTestCaseEventHandler: Test case starting.
TpTrace Information: 0 : 13812, 7, 2020/12/02, 10:18:55.655, 45784474668, datacollector.dll, Blame Collector : Test Case Start
TpTrace Information: 0 : 13812, 7, 2020/12/02, 10:18:55.655, 45784476680, datacollector.dll, DataCollectionTestCaseEventHandler: Test case 'TestIzlistavanjePoruka - 222ac65c-b2c2-11ba-9d32-061c37ba0c1f' started.
TpTrace Information: 0 : 13812, 7, 2020/12/02, 10:18:55.658, 45784498508, datacollector.dll, DataCollectionTestCaseEventHandler : Test case completing.
TpTrace Information: 0 : 13812, 7, 2020/12/02, 10:18:55.658, 45784502604, datacollector.dll, Blame Collector : Test Case End
TpTrace Error: 0 : 13812, 7, 2020/12/02, 10:18:55.658, 45784505003, datacollector.dll, DataCollectionAttachmentManager.GetAttachments: Fail to get attachments: System.Collections.Generic.KeyNotFoundException: The given key 'Microsoft.VisualStudio.TestPlatform.ObjectModel.DataCollection.DataCollectionContext' was not present in the dictionary.
   at System.Collections.Generic.Dictionary`2.get_Item(TKey key)
   at Microsoft.VisualStudio.TestPlatform.Common.DataCollector.DataCollectionAttachmentManager.GetAttachments(DataCollectionContext dataCollectionContext) 
TpTrace Information: 0 : 13812, 7, 2020/12/02, 10:18:55.658, 45784507114, datacollector.dll, DataCollectionTestCaseEventHandler: Test case 'TestIzlistavanjePoruka - 222ac65c-b2c2-11ba-9d32-061c37ba0c1f' completed
TpTrace Information: 0 : 13812, 7, 2020/12/02, 10:18:55.660, 45784522544, datacollector.dll, DataCollectionTestCaseEventHandler: Test case starting.
TpTrace Information: 0 : 13812, 7, 2020/12/02, 10:18:55.661, 45784527885, datacollector.dll, Blame Collector : Test Case Start
TpTrace Information: 0 : 13812, 7, 2020/12/02, 10:18:55.661, 45784530370, datacollector.dll, DataCollectionTestCaseEventHandler: Test case 'TestIzlistavanjePoruka1 - 8dc7441f-14ce-a7ac-62c6-f85145ac411b' started.
TpTrace Information: 0 : 13812, 7, 2020/12/02, 10:18:55.662, 45784545693, datacollector.dll, DataCollectionTestCaseEventHandler : Test case completing.
TpTrace Information: 0 : 13812, 7, 2020/12/02, 10:18:55.663, 45784549221, datacollector.dll, Blame Collector : Test Case End
TpTrace Error: 0 : 13812, 7, 2020/12/02, 10:18:55.663, 45784551596, datacollector.dll, DataCollectionAttachmentManager.GetAttachments: Fail to get attachments: System.Collections.Generic.KeyNotFoundException: The given key 'Microsoft.VisualStudio.TestPlatform.ObjectModel.DataCollection.DataCollectionContext' was not present in the dictionary.
   at System.Collections.Generic.Dictionary`2.get_Item(TKey key)
   at Microsoft.VisualStudio.TestPlatform.Common.DataCollector.DataCollectionAttachmentManager.GetAttachments(DataCollectionContext dataCollectionContext) 
TpTrace Information: 0 : 13812, 7, 2020/12/02, 10:18:55.663, 45784553618, datacollector.dll, DataCollectionTestCaseEventHandler: Test case 'TestIzlistavanjePoruka1 - 8dc7441f-14ce-a7ac-62c6-f85145ac411b' completed
TpTrace Information: 0 : 13812, 7, 2020/12/02, 10:18:55.664, 45784564446, datacollector.dll, DataCollectionTestCaseEventHandler: Test case starting.
TpTrace Information: 0 : 13812, 7, 2020/12/02, 10:18:55.665, 45784568008, datacollector.dll, Blame Collector : Test Case Start
TpTrace Information: 0 : 13812, 7, 2020/12/02, 10:18:55.665, 45784570272, datacollector.dll, DataCollectionTestCaseEventHandler: Test case 'TestIzlistavanjePoruka2 - ab78e192-0e90-fd4b-7fe3-716753f9875e' started.
TpTrace Information: 0 : 13812, 7, 2020/12/02, 10:18:55.666, 45784580784, datacollector.dll, DataCollectionTestCaseEventHandler : Test case completing.
TpTrace Information: 0 : 13812, 7, 2020/12/02, 10:18:55.666, 45784584224, datacollector.dll, Blame Collector : Test Case End
TpTrace Error: 0 : 13812, 7, 2020/12/02, 10:18:55.666, 45784586520, datacollector.dll, DataCollectionAttachmentManager.GetAttachments: Fail to get attachments: System.Collections.Generic.KeyNotFoundException: The given key 'Microsoft.VisualStudio.TestPlatform.ObjectModel.DataCollection.DataCollectionContext' was not present in the dictionary.
   at System.Collections.Generic.Dictionary`2.get_Item(TKey key)
   at Microsoft.VisualStudio.TestPlatform.Common.DataCollector.DataCollectionAttachmentManager.GetAttachments(DataCollectionContext dataCollectionContext) 
TpTrace Information: 0 : 13812, 7, 2020/12/02, 10:18:55.667, 45784588435, datacollector.dll, DataCollectionTestCaseEventHandler: Test case 'TestIzlistavanjePoruka2 - ab78e192-0e90-fd4b-7fe3-716753f9875e' completed
TpTrace Information: 0 : 13812, 7, 2020/12/02, 10:18:55.671, 45784630550, datacollector.dll, DataCollectionTestCaseEventHandler: Test case starting.
TpTrace Information: 0 : 13812, 7, 2020/12/02, 10:18:55.671, 45784634879, datacollector.dll, Blame Collector : Test Case Start
TpTrace Information: 0 : 13812, 7, 2020/12/02, 10:18:55.671, 45784636902, datacollector.dll, DataCollectionTestCaseEventHandler: Test case 'TestPromjenaParametaraSlicno - 52f0e8d1-7e55-9408-5266-5b1319cbe27a' started.
TpTrace Information: 0 : 13812, 7, 2020/12/02, 10:18:55.673, 45784656252, datacollector.dll, DataCollectionTestCaseEventHandler : Test case completing.
TpTrace Information: 0 : 13812, 7, 2020/12/02, 10:18:55.674, 45784662006, datacollector.dll, Blame Collector : Test Case End
TpTrace Error: 0 : 13812, 7, 2020/12/02, 10:18:55.674, 45784664530, datacollector.dll, DataCollectionAttachmentManager.GetAttachments: Fail to get attachments: System.Collections.Generic.KeyNotFoundException: The given key 'Microsoft.VisualStudio.TestPlatform.ObjectModel.DataCollection.DataCollectionContext' was not present in the dictionary.
   at System.Collections.Generic.Dictionary`2.get_Item(TKey key)
   at Microsoft.VisualStudio.TestPlatform.Common.DataCollector.DataCollectionAttachmentManager.GetAttachments(DataCollectionContext dataCollectionContext) 
TpTrace Information: 0 : 13812, 7, 2020/12/02, 10:18:55.674, 45784666733, datacollector.dll, DataCollectionTestCaseEventHandler: Test case 'TestPromjenaParametaraSlicno - 52f0e8d1-7e55-9408-5266-5b1319cbe27a' completed
TpTrace Information: 0 : 13812, 7, 2020/12/02, 10:18:55.676, 45784678602, datacollector.dll, DataCollectionTestCaseEventHandler: Test case starting.
TpTrace Information: 0 : 13812, 7, 2020/12/02, 10:18:55.676, 45784682032, datacollector.dll, Blame Collector : Test Case Start
TpTrace Information: 0 : 13812, 7, 2020/12/02, 10:18:55.676, 45784683838, datacollector.dll, DataCollectionTestCaseEventHandler: Test case 'TestPromjenaParametaraSlicno1 - d272ffa6-8734-a8c3-193e-abb20a18017c' started.
TpTrace Information: 0 : 13812, 7, 2020/12/02, 10:18:55.677, 45784692651, datacollector.dll, DataCollectionTestCaseEventHandler : Test case completing.
TpTrace Information: 0 : 13812, 7, 2020/12/02, 10:18:55.677, 45784696844, datacollector.dll, Blame Collector : Test Case End
TpTrace Error: 0 : 13812, 7, 2020/12/02, 10:18:55.678, 45784701502, datacollector.dll, DataCollectionAttachmentManager.GetAttachments: Fail to get attachments: System.Collections.Generic.KeyNotFoundException: The given key 'Microsoft.VisualStudio.TestPlatform.ObjectModel.DataCollection.DataCollectionContext' was not present in the dictionary.
   at System.Collections.Generic.Dictionary`2.get_Item(TKey key)
   at Microsoft.VisualStudio.TestPlatform.Common.DataCollector.DataCollectionAttachmentManager.GetAttachments(DataCollectionContext dataCollectionContext) 
TpTrace Information: 0 : 13812, 7, 2020/12/02, 10:18:55.678, 45784705046, datacollector.dll, DataCollectionTestCaseEventHandler: Test case 'TestPromjenaParametaraSlicno1 - d272ffa6-8734-a8c3-193e-abb20a18017c' completed
TpTrace Information: 0 : 13812, 7, 2020/12/02, 10:18:55.680, 45784720676, datacollector.dll, DataCollectionTestCaseEventHandler: Test case starting.
TpTrace Information: 0 : 13812, 7, 2020/12/02, 10:18:55.680, 45784724525, datacollector.dll, Blame Collector : Test Case Start
TpTrace Information: 0 : 13812, 7, 2020/12/02, 10:18:55.680, 45784726481, datacollector.dll, DataCollectionTestCaseEventHandler: Test case 'TestPromjenaParametaraSlicno2 - 9194bbee-39a6-10ef-f864-c37da6b621d8' started.
TpTrace Information: 0 : 13812, 7, 2020/12/02, 10:18:55.681, 45784736018, datacollector.dll, DataCollectionTestCaseEventHandler : Test case completing.
TpTrace Information: 0 : 13812, 7, 2020/12/02, 10:18:55.682, 45784739667, datacollector.dll, Blame Collector : Test Case End
TpTrace Error: 0 : 13812, 7, 2020/12/02, 10:18:55.682, 45784742157, datacollector.dll, DataCollectionAttachmentManager.GetAttachments: Fail to get attachments: System.Collections.Generic.KeyNotFoundException: The given key 'Microsoft.VisualStudio.TestPlatform.ObjectModel.DataCollection.DataCollectionContext' was not present in the dictionary.
   at System.Collections.Generic.Dictionary`2.get_Item(TKey key)
   at Microsoft.VisualStudio.TestPlatform.Common.DataCollector.DataCollectionAttachmentManager.GetAttachments(DataCollectionContext dataCollectionContext) 
TpTrace Information: 0 : 13812, 7, 2020/12/02, 10:18:55.682, 45784744287, datacollector.dll, DataCollectionTestCaseEventHandler: Test case 'TestPromjenaParametaraSlicno2 - 9194bbee-39a6-10ef-f864-c37da6b621d8' completed
TpTrace Information: 0 : 13812, 7, 2020/12/02, 10:18:55.683, 45784756556, datacollector.dll, DataCollectionTestCaseEventHandler: Test case starting.
TpTrace Information: 0 : 13812, 7, 2020/12/02, 10:18:55.684, 45784760922, datacollector.dll, Blame Collector : Test Case Start
TpTrace Information: 0 : 13812, 7, 2020/12/02, 10:18:55.684, 45784763022, datacollector.dll, DataCollectionTestCaseEventHandler: Test case 'TestKonstruktor - ffbf63e7-c4e1-bfba-137b-a741bb31a796' started.
TpTrace Information: 0 : 13812, 7, 2020/12/02, 10:18:55.685, 45784772658, datacollector.dll, DataCollectionTestCaseEventHandler : Test case completing.
TpTrace Information: 0 : 13812, 7, 2020/12/02, 10:18:55.686, 45784777796, datacollector.dll, Blame Collector : Test Case End
TpTrace Error: 0 : 13812, 7, 2020/12/02, 10:18:55.686, 45784781308, datacollector.dll, DataCollectionAttachmentManager.GetAttachments: Fail to get attachments: System.Collections.Generic.KeyNotFoundException: The given key 'Microsoft.VisualStudio.TestPlatform.ObjectModel.DataCollection.DataCollectionContext' was not present in the dictionary.
   at System.Collections.Generic.Dictionary`2.get_Item(TKey key)
   at Microsoft.VisualStudio.TestPlatform.Common.DataCollector.DataCollectionAttachmentManager.GetAttachments(DataCollectionContext dataCollectionContext) 
TpTrace Information: 0 : 13812, 7, 2020/12/02, 10:18:55.686, 45784784337, datacollector.dll, DataCollectionTestCaseEventHandler: Test case 'TestKonstruktor - ffbf63e7-c4e1-bfba-137b-a741bb31a796' completed
TpTrace Information: 0 : 13812, 7, 2020/12/02, 10:18:55.687, 45784796014, datacollector.dll, DataCollectionTestCaseEventHandler: Test case starting.
TpTrace Information: 0 : 13812, 7, 2020/12/02, 10:18:55.688, 45784799550, datacollector.dll, Blame Collector : Test Case Start
TpTrace Information: 0 : 13812, 7, 2020/12/02, 10:18:55.688, 45784801560, datacollector.dll, DataCollectionTestCaseEventHandler: Test case 'TestKonstruktor1 - 4ce71443-3333-5c47-d905-c033b49f5962' started.
TpTrace Information: 0 : 13812, 7, 2020/12/02, 10:18:55.689, 45784811146, datacollector.dll, DataCollectionTestCaseEventHandler : Test case completing.
TpTrace Information: 0 : 13812, 7, 2020/12/02, 10:18:55.689, 45784814804, datacollector.dll, Blame Collector : Test Case End
TpTrace Error: 0 : 13812, 7, 2020/12/02, 10:18:55.689, 45784817353, datacollector.dll, DataCollectionAttachmentManager.GetAttachments: Fail to get attachments: System.Collections.Generic.KeyNotFoundException: The given key 'Microsoft.VisualStudio.TestPlatform.ObjectModel.DataCollection.DataCollectionContext' was not present in the dictionary.
   at System.Collections.Generic.Dictionary`2.get_Item(TKey key)
   at Microsoft.VisualStudio.TestPlatform.Common.DataCollector.DataCollectionAttachmentManager.GetAttachments(DataCollectionContext dataCollectionContext) 
TpTrace Information: 0 : 13812, 7, 2020/12/02, 10:18:55.690, 45784819542, datacollector.dll, DataCollectionTestCaseEventHandler: Test case 'TestKonstruktor1 - 4ce71443-3333-5c47-d905-c033b49f5962' completed
TpTrace Information: 0 : 13812, 7, 2020/12/02, 10:18:55.691, 45784834250, datacollector.dll, DataCollectionTestCaseEventHandler: Test case starting.
TpTrace Information: 0 : 13812, 7, 2020/12/02, 10:18:55.692, 45784839538, datacollector.dll, Blame Collector : Test Case Start
TpTrace Information: 0 : 13812, 7, 2020/12/02, 10:18:55.692, 45784844257, datacollector.dll, DataCollectionTestCaseEventHandler: Test case 'TestKonstruktor2 - 11be8f91-6d6f-fbd1-bb42-d50ffef33321' started.
TpTrace Information: 0 : 13812, 7, 2020/12/02, 10:18:55.693, 45784853358, datacollector.dll, DataCollectionTestCaseEventHandler : Test case completing.
TpTrace Information: 0 : 13812, 7, 2020/12/02, 10:18:55.693, 45784856872, datacollector.dll, Blame Collector : Test Case End
TpTrace Error: 0 : 13812, 7, 2020/12/02, 10:18:55.694, 45784859615, datacollector.dll, DataCollectionAttachmentManager.GetAttachments: Fail to get attachments: System.Collections.Generic.KeyNotFoundException: The given key 'Microsoft.VisualStudio.TestPlatform.ObjectModel.DataCollection.DataCollectionContext' was not present in the dictionary.
   at System.Collections.Generic.Dictionary`2.get_Item(TKey key)
   at Microsoft.VisualStudio.TestPlatform.Common.DataCollector.DataCollectionAttachmentManager.GetAttachments(DataCollectionContext dataCollectionContext) 
TpTrace Information: 0 : 13812, 7, 2020/12/02, 10:18:55.694, 45784862205, datacollector.dll, DataCollectionTestCaseEventHandler: Test case 'TestKonstruktor2 - 11be8f91-6d6f-fbd1-bb42-d50ffef33321' completed
TpTrace Information: 0 : 13812, 7, 2020/12/02, 10:18:55.695, 45784873923, datacollector.dll, DataCollectionTestCaseEventHandler: Test case starting.
TpTrace Information: 0 : 13812, 7, 2020/12/02, 10:18:55.695, 45784877243, datacollector.dll, Blame Collector : Test Case Start
TpTrace Information: 0 : 13812, 7, 2020/12/02, 10:18:55.696, 45784879063, datacollector.dll, DataCollectionTestCaseEventHandler: Test case 'TestKonstruktor3 - e6d72b88-b44d-5832-0fac-fae121bc4bc3' started.
TpTrace Information: 0 : 13812, 7, 2020/12/02, 10:18:55.697, 45784890878, datacollector.dll, DataCollectionTestCaseEventHandler : Test case completing.
TpTrace Information: 0 : 13812, 7, 2020/12/02, 10:18:55.697, 45784894080, datacollector.dll, Blame Collector : Test Case End
TpTrace Error: 0 : 13812, 7, 2020/12/02, 10:18:55.697, 45784896264, datacollector.dll, DataCollectionAttachmentManager.GetAttachments: Fail to get attachments: System.Collections.Generic.KeyNotFoundException: The given key 'Microsoft.VisualStudio.TestPlatform.ObjectModel.DataCollection.DataCollectionContext' was not present in the dictionary.
   at System.Collections.Generic.Dictionary`2.get_Item(TKey key)
   at Microsoft.VisualStudio.TestPlatform.Common.DataCollector.DataCollectionAttachmentManager.GetAttachments(DataCollectionContext dataCollectionContext) 
TpTrace Information: 0 : 13812, 7, 2020/12/02, 10:18:55.698, 45784898127, datacollector.dll, DataCollectionTestCaseEventHandler: Test case 'TestKonstruktor3 - e6d72b88-b44d-5832-0fac-fae121bc4bc3' completed
TpTrace Information: 0 : 13812, 7, 2020/12/02, 10:18:55.699, 45784907621, datacollector.dll, DataCollectionTestCaseEventHandler: Test case starting.
TpTrace Information: 0 : 13812, 7, 2020/12/02, 10:18:55.699, 45784910921, datacollector.dll, Blame Collector : Test Case Start
TpTrace Information: 0 : 13812, 7, 2020/12/02, 10:18:55.699, 45784912665, datacollector.dll, DataCollectionTestCaseEventHandler: Test case 'TestSetterIme - 374a26dc-c44e-b40a-9e45-b91b69b81c1b' started.
TpTrace Information: 0 : 13812, 7, 2020/12/02, 10:18:55.700, 45784920611, datacollector.dll, DataCollectionTestCaseEventHandler : Test case completing.
TpTrace Information: 0 : 13812, 7, 2020/12/02, 10:18:55.700, 45784923873, datacollector.dll, Blame Collector : Test Case End
TpTrace Error: 0 : 13812, 7, 2020/12/02, 10:18:55.700, 45784926126, datacollector.dll, DataCollectionAttachmentManager.GetAttachments: Fail to get attachments: System.Collections.Generic.KeyNotFoundException: The given key 'Microsoft.VisualStudio.TestPlatform.ObjectModel.DataCollection.DataCollectionContext' was not present in the dictionary.
   at System.Collections.Generic.Dictionary`2.get_Item(TKey key)
   at Microsoft.VisualStudio.TestPlatform.Common.DataCollector.DataCollectionAttachmentManager.GetAttachments(DataCollectionContext dataCollectionContext) 
TpTrace Information: 0 : 13812, 7, 2020/12/02, 10:18:55.701, 45784927929, datacollector.dll, DataCollectionTestCaseEventHandler: Test case 'TestSetterIme - 374a26dc-c44e-b40a-9e45-b91b69b81c1b' completed
TpTrace Information: 0 : 13812, 7, 2020/12/02, 10:18:55.702, 45784937461, datacollector.dll, DataCollectionTestCaseEventHandler: Test case starting.
TpTrace Information: 0 : 13812, 7, 2020/12/02, 10:18:55.702, 45784940833, datacollector.dll, Blame Collector : Test Case Start
TpTrace Information: 0 : 13812, 7, 2020/12/02, 10:18:55.702, 45784942555, datacollector.dll, DataCollectionTestCaseEventHandler: Test case 'TestSetterIme1 - 79a3da6d-37e8-f1cd-47e7-365f8765d900' started.
TpTrace Information: 0 : 13812, 7, 2020/12/02, 10:18:55.703, 45784954167, datacollector.dll, DataCollectionTestCaseEventHandler : Test case completing.
TpTrace Information: 0 : 13812, 7, 2020/12/02, 10:18:55.704, 45784957554, datacollector.dll, Blame Collector : Test Case End
TpTrace Error: 0 : 13812, 7, 2020/12/02, 10:18:55.704, 45784961410, datacollector.dll, DataCollectionAttachmentManager.GetAttachments: Fail to get attachments: System.Collections.Generic.KeyNotFoundException: The given key 'Microsoft.VisualStudio.TestPlatform.ObjectModel.DataCollection.DataCollectionContext' was not present in the dictionary.
   at System.Collections.Generic.Dictionary`2.get_Item(TKey key)
   at Microsoft.VisualStudio.TestPlatform.Common.DataCollector.DataCollectionAttachmentManager.GetAttachments(DataCollectionContext dataCollectionContext) 
TpTrace Information: 0 : 13812, 7, 2020/12/02, 10:18:55.704, 45784964137, datacollector.dll, DataCollectionTestCaseEventHandler: Test case 'TestSetterIme1 - 79a3da6d-37e8-f1cd-47e7-365f8765d900' completed
TpTrace Information: 0 : 13812, 7, 2020/12/02, 10:18:55.711, 45785032050, datacollector.dll, DataCollectionTestCaseEventHandler: Test case starting.
TpTrace Information: 0 : 13812, 7, 2020/12/02, 10:18:55.711, 45785036159, datacollector.dll, Blame Collector : Test Case Start
TpTrace Information: 0 : 13812, 7, 2020/12/02, 10:18:55.712, 45785037979, datacollector.dll, DataCollectionTestCaseEventHandler: Test case 'TestSetterIme2 - 6d8d8146-e427-d32c-8373-b38df2a8ac26' started.
TpTrace Information: 0 : 13812, 7, 2020/12/02, 10:18:55.713, 45785051625, datacollector.dll, DataCollectionTestCaseEventHandler : Test case completing.
TpTrace Information: 0 : 13812, 7, 2020/12/02, 10:18:55.713, 45785055198, datacollector.dll, Blame Collector : Test Case End
TpTrace Error: 0 : 13812, 7, 2020/12/02, 10:18:55.714, 45785057573, datacollector.dll, DataCollectionAttachmentManager.GetAttachments: Fail to get attachments: System.Collections.Generic.KeyNotFoundException: The given key 'Microsoft.VisualStudio.TestPlatform.ObjectModel.DataCollection.DataCollectionContext' was not present in the dictionary.
   at System.Collections.Generic.Dictionary`2.get_Item(TKey key)
   at Microsoft.VisualStudio.TestPlatform.Common.DataCollector.DataCollectionAttachmentManager.GetAttachments(DataCollectionContext dataCollectionContext) 
TpTrace Information: 0 : 13812, 7, 2020/12/02, 10:18:55.714, 45785059698, datacollector.dll, DataCollectionTestCaseEventHandler: Test case 'TestSetterIme2 - 6d8d8146-e427-d32c-8373-b38df2a8ac26' completed
TpTrace Information: 0 : 13812, 7, 2020/12/02, 10:18:55.715, 45785070656, datacollector.dll, DataCollectionTestCaseEventHandler: Test case starting.
TpTrace Information: 0 : 13812, 7, 2020/12/02, 10:18:55.715, 45785074801, datacollector.dll, Blame Collector : Test Case Start
TpTrace Information: 0 : 13812, 7, 2020/12/02, 10:18:55.715, 45785076923, datacollector.dll, DataCollectionTestCaseEventHandler: Test case 'TestGetterIme - dbb5fc2e-9bc2-1540-facf-9ba0a9f4919e' started.
TpTrace Information: 0 : 13812, 7, 2020/12/02, 10:18:55.716, 45785085807, datacollector.dll, DataCollectionTestCaseEventHandler : Test case completing.
TpTrace Information: 0 : 13812, 7, 2020/12/02, 10:18:55.717, 45785089240, datacollector.dll, Blame Collector : Test Case End
TpTrace Error: 0 : 13812, 7, 2020/12/02, 10:18:55.717, 45785091560, datacollector.dll, DataCollectionAttachmentManager.GetAttachments: Fail to get attachments: System.Collections.Generic.KeyNotFoundException: The given key 'Microsoft.VisualStudio.TestPlatform.ObjectModel.DataCollection.DataCollectionContext' was not present in the dictionary.
   at System.Collections.Generic.Dictionary`2.get_Item(TKey key)
   at Microsoft.VisualStudio.TestPlatform.Common.DataCollector.DataCollectionAttachmentManager.GetAttachments(DataCollectionContext dataCollectionContext) 
TpTrace Information: 0 : 13812, 7, 2020/12/02, 10:18:55.717, 45785093453, datacollector.dll, DataCollectionTestCaseEventHandler: Test case 'TestGetterIme - dbb5fc2e-9bc2-1540-facf-9ba0a9f4919e' completed
TpTrace Information: 0 : 13812, 7, 2020/12/02, 10:18:55.718, 45785103742, datacollector.dll, DataCollectionTestCaseEventHandler: Test case starting.
TpTrace Information: 0 : 13812, 7, 2020/12/02, 10:18:55.718, 45785107208, datacollector.dll, Blame Collector : Test Case Start
TpTrace Information: 0 : 13812, 7, 2020/12/02, 10:18:55.719, 45785109040, datacollector.dll, DataCollectionTestCaseEventHandler: Test case 'TestSetterPassword - f2019265-8684-8687-bead-f225b3955090' started.
TpTrace Information: 0 : 13812, 7, 2020/12/02, 10:18:55.720, 45785118043, datacollector.dll, DataCollectionTestCaseEventHandler : Test case completing.
TpTrace Information: 0 : 13812, 7, 2020/12/02, 10:18:55.720, 45785123426, datacollector.dll, Blame Collector : Test Case End
TpTrace Error: 0 : 13812, 7, 2020/12/02, 10:18:55.720, 45785126784, datacollector.dll, DataCollectionAttachmentManager.GetAttachments: Fail to get attachments: System.Collections.Generic.KeyNotFoundException: The given key 'Microsoft.VisualStudio.TestPlatform.ObjectModel.DataCollection.DataCollectionContext' was not present in the dictionary.
   at System.Collections.Generic.Dictionary`2.get_Item(TKey key)
   at Microsoft.VisualStudio.TestPlatform.Common.DataCollector.DataCollectionAttachmentManager.GetAttachments(DataCollectionContext dataCollectionContext) 
TpTrace Information: 0 : 13812, 7, 2020/12/02, 10:18:55.721, 45785128880, datacollector.dll, DataCollectionTestCaseEventHandler: Test case 'TestSetterPassword - f2019265-8684-8687-bead-f225b3955090' completed
TpTrace Information: 0 : 13812, 7, 2020/12/02, 10:18:55.722, 45785141076, datacollector.dll, DataCollectionTestCaseEventHandler: Test case starting.
TpTrace Information: 0 : 13812, 7, 2020/12/02, 10:18:55.722, 45785144283, datacollector.dll, Blame Collector : Test Case Start
TpTrace Information: 0 : 13812, 7, 2020/12/02, 10:18:55.722, 45785146166, datacollector.dll, DataCollectionTestCaseEventHandler: Test case 'TestSetterPassword1 - 03ca5c0d-959c-6193-0662-0e74cda308a9' started.
TpTrace Information: 0 : 13812, 7, 2020/12/02, 10:18:55.724, 45785161364, datacollector.dll, DataCollectionTestCaseEventHandler : Test case completing.
TpTrace Information: 0 : 13812, 7, 2020/12/02, 10:18:55.724, 45785165796, datacollector.dll, Blame Collector : Test Case End
TpTrace Error: 0 : 13812, 7, 2020/12/02, 10:18:55.725, 45785168443, datacollector.dll, DataCollectionAttachmentManager.GetAttachments: Fail to get attachments: System.Collections.Generic.KeyNotFoundException: The given key 'Microsoft.VisualStudio.TestPlatform.ObjectModel.DataCollection.DataCollectionContext' was not present in the dictionary.
   at System.Collections.Generic.Dictionary`2.get_Item(TKey key)
   at Microsoft.VisualStudio.TestPlatform.Common.DataCollector.DataCollectionAttachmentManager.GetAttachments(DataCollectionContext dataCollectionContext) 
TpTrace Information: 0 : 13812, 7, 2020/12/02, 10:18:55.725, 45785170871, datacollector.dll, DataCollectionTestCaseEventHandler: Test case 'TestSetterPassword1 - 03ca5c0d-959c-6193-0662-0e74cda308a9' completed
TpTrace Information: 0 : 13812, 7, 2020/12/02, 10:18:55.726, 45785181064, datacollector.dll, DataCollectionTestCaseEventHandler: Test case starting.
TpTrace Information: 0 : 13812, 7, 2020/12/02, 10:18:55.726, 45785184338, datacollector.dll, Blame Collector : Test Case Start
TpTrace Information: 0 : 13812, 7, 2020/12/02, 10:18:55.726, 45785186145, datacollector.dll, DataCollectionTestCaseEventHandler: Test case 'TestSetterPassword2 - 4c997d85-fa84-ff41-425d-311ec9d146fd' started.
TpTrace Information: 0 : 13812, 7, 2020/12/02, 10:18:55.728, 45785198132, datacollector.dll, DataCollectionTestCaseEventHandler : Test case completing.
TpTrace Information: 0 : 13812, 7, 2020/12/02, 10:18:55.728, 45785202596, datacollector.dll, Blame Collector : Test Case End
TpTrace Error: 0 : 13812, 7, 2020/12/02, 10:18:55.728, 45785205071, datacollector.dll, DataCollectionAttachmentManager.GetAttachments: Fail to get attachments: System.Collections.Generic.KeyNotFoundException: The given key 'Microsoft.VisualStudio.TestPlatform.ObjectModel.DataCollection.DataCollectionContext' was not present in the dictionary.
   at System.Collections.Generic.Dictionary`2.get_Item(TKey key)
   at Microsoft.VisualStudio.TestPlatform.Common.DataCollector.DataCollectionAttachmentManager.GetAttachments(DataCollectionContext dataCollectionContext) 
TpTrace Information: 0 : 13812, 7, 2020/12/02, 10:18:55.728, 45785207175, datacollector.dll, DataCollectionTestCaseEventHandler: Test case 'TestSetterPassword2 - 4c997d85-fa84-ff41-425d-311ec9d146fd' completed
TpTrace Information: 0 : 13812, 7, 2020/12/02, 10:18:55.729, 45785217113, datacollector.dll, DataCollectionTestCaseEventHandler: Test case starting.
TpTrace Information: 0 : 13812, 7, 2020/12/02, 10:18:55.730, 45785220797, datacollector.dll, Blame Collector : Test Case Start
TpTrace Information: 0 : 13812, 7, 2020/12/02, 10:18:55.730, 45785222415, datacollector.dll, DataCollectionTestCaseEventHandler: Test case 'TestSetterPassword3 - c5a63ccf-456e-61ad-2f2f-2ac130721ca7' started.
TpTrace Information: 0 : 13812, 7, 2020/12/02, 10:18:55.731, 45785233984, datacollector.dll, DataCollectionTestCaseEventHandler : Test case completing.
TpTrace Information: 0 : 13812, 7, 2020/12/02, 10:18:55.731, 45785237284, datacollector.dll, Blame Collector : Test Case End
TpTrace Error: 0 : 13812, 7, 2020/12/02, 10:18:55.732, 45785239487, datacollector.dll, DataCollectionAttachmentManager.GetAttachments: Fail to get attachments: System.Collections.Generic.KeyNotFoundException: The given key 'Microsoft.VisualStudio.TestPlatform.ObjectModel.DataCollection.DataCollectionContext' was not present in the dictionary.
   at System.Collections.Generic.Dictionary`2.get_Item(TKey key)
   at Microsoft.VisualStudio.TestPlatform.Common.DataCollector.DataCollectionAttachmentManager.GetAttachments(DataCollectionContext dataCollectionContext) 
TpTrace Information: 0 : 13812, 7, 2020/12/02, 10:18:55.732, 45785241410, datacollector.dll, DataCollectionTestCaseEventHandler: Test case 'TestSetterPassword3 - c5a63ccf-456e-61ad-2f2f-2ac130721ca7' completed
TpTrace Information: 0 : 13812, 7, 2020/12/02, 10:18:55.733, 45785251265, datacollector.dll, DataCollectionTestCaseEventHandler: Test case starting.
TpTrace Information: 0 : 13812, 7, 2020/12/02, 10:18:55.733, 45785254533, datacollector.dll, Blame Collector : Test Case Start
TpTrace Information: 0 : 13812, 7, 2020/12/02, 10:18:55.733, 45785256277, datacollector.dll, DataCollectionTestCaseEventHandler: Test case 'TestSetterPassword4 - 767f7dd5-92f8-4562-b9bb-65672793ec88' started.
TpTrace Information: 0 : 13812, 7, 2020/12/02, 10:18:55.735, 45785273030, datacollector.dll, DataCollectionTestCaseEventHandler : Test case completing.
TpTrace Information: 0 : 13812, 7, 2020/12/02, 10:18:55.735, 45785276883, datacollector.dll, Blame Collector : Test Case End
TpTrace Error: 0 : 13812, 7, 2020/12/02, 10:18:55.736, 45785279292, datacollector.dll, DataCollectionAttachmentManager.GetAttachments: Fail to get attachments: System.Collections.Generic.KeyNotFoundException: The given key 'Microsoft.VisualStudio.TestPlatform.ObjectModel.DataCollection.DataCollectionContext' was not present in the dictionary.
   at System.Collections.Generic.Dictionary`2.get_Item(TKey key)
   at Microsoft.VisualStudio.TestPlatform.Common.DataCollector.DataCollectionAttachmentManager.GetAttachments(DataCollectionContext dataCollectionContext) 
TpTrace Information: 0 : 13812, 7, 2020/12/02, 10:18:55.736, 45785281260, datacollector.dll, DataCollectionTestCaseEventHandler: Test case 'TestSetterPassword4 - 767f7dd5-92f8-4562-b9bb-65672793ec88' completed
TpTrace Information: 0 : 13812, 7, 2020/12/02, 10:18:55.737, 45785293304, datacollector.dll, DataCollectionTestCaseEventHandler: Test case starting.
TpTrace Information: 0 : 13812, 7, 2020/12/02, 10:18:55.738, 45785298257, datacollector.dll, Blame Collector : Test Case Start
TpTrace Information: 0 : 13812, 7, 2020/12/02, 10:18:55.738, 45785302071, datacollector.dll, DataCollectionTestCaseEventHandler: Test case 'TestSetterPassword5 - 77a0eeaa-26f2-cefd-eb82-69a1be25ce69' started.
TpTrace Information: 0 : 13812, 7, 2020/12/02, 10:18:55.740, 45785324193, datacollector.dll, DataCollectionTestCaseEventHandler : Test case completing.
TpTrace Information: 0 : 13812, 7, 2020/12/02, 10:18:55.741, 45785331335, datacollector.dll, Blame Collector : Test Case End
TpTrace Error: 0 : 13812, 7, 2020/12/02, 10:18:55.741, 45785335064, datacollector.dll, DataCollectionAttachmentManager.GetAttachments: Fail to get attachments: System.Collections.Generic.KeyNotFoundException: The given key 'Microsoft.VisualStudio.TestPlatform.ObjectModel.DataCollection.DataCollectionContext' was not present in the dictionary.
   at System.Collections.Generic.Dictionary`2.get_Item(TKey key)
   at Microsoft.VisualStudio.TestPlatform.Common.DataCollector.DataCollectionAttachmentManager.GetAttachments(DataCollectionContext dataCollectionContext) 
TpTrace Information: 0 : 13812, 7, 2020/12/02, 10:18:55.742, 45785337804, datacollector.dll, DataCollectionTestCaseEventHandler: Test case 'TestSetterPassword5 - 77a0eeaa-26f2-cefd-eb82-69a1be25ce69' completed
TpTrace Information: 0 : 13812, 7, 2020/12/02, 10:18:55.743, 45785349679, datacollector.dll, DataCollectionTestCaseEventHandler: Test case starting.
TpTrace Information: 0 : 13812, 7, 2020/12/02, 10:18:55.743, 45785353451, datacollector.dll, Blame Collector : Test Case Start
TpTrace Information: 0 : 13812, 7, 2020/12/02, 10:18:55.743, 45785355810, datacollector.dll, DataCollectionTestCaseEventHandler: Test case 'TestGetterPassword - d9e64e4a-4ce1-2741-9cb1-35f2081b8aec' started.
TpTrace Information: 0 : 13812, 7, 2020/12/02, 10:18:55.744, 45785366592, datacollector.dll, DataCollectionTestCaseEventHandler : Test case completing.
TpTrace Information: 0 : 13812, 7, 2020/12/02, 10:18:55.745, 45785371734, datacollector.dll, Blame Collector : Test Case End
TpTrace Error: 0 : 13812, 7, 2020/12/02, 10:18:55.745, 45785374215, datacollector.dll, DataCollectionAttachmentManager.GetAttachments: Fail to get attachments: System.Collections.Generic.KeyNotFoundException: The given key 'Microsoft.VisualStudio.TestPlatform.ObjectModel.DataCollection.DataCollectionContext' was not present in the dictionary.
   at System.Collections.Generic.Dictionary`2.get_Item(TKey key)
   at Microsoft.VisualStudio.TestPlatform.Common.DataCollector.DataCollectionAttachmentManager.GetAttachments(DataCollectionContext dataCollectionContext) 
TpTrace Information: 0 : 13812, 7, 2020/12/02, 10:18:55.745, 45785376476, datacollector.dll, DataCollectionTestCaseEventHandler: Test case 'TestGetterPassword - d9e64e4a-4ce1-2741-9cb1-35f2081b8aec' completed
TpTrace Information: 0 : 13812, 7, 2020/12/02, 10:18:55.750, 45785424917, datacollector.dll, DataCollectionTestCaseEventHandler: Test case starting.
TpTrace Information: 0 : 13812, 7, 2020/12/02, 10:18:55.751, 45785430156, datacollector.dll, Blame Collector : Test Case Start
TpTrace Information: 0 : 13812, 7, 2020/12/02, 10:18:55.751, 45785432941, datacollector.dll, DataCollectionTestCaseEventHandler: Test case 'TestSetterLokacija - 20adc5e4-bfa3-6cb4-243d-e30f12d48f42' started.
TpTrace Information: 0 : 13812, 7, 2020/12/02, 10:18:55.753, 45785448375, datacollector.dll, DataCollectionTestCaseEventHandler : Test case completing.
TpTrace Information: 0 : 13812, 7, 2020/12/02, 10:18:55.753, 45785455381, datacollector.dll, Blame Collector : Test Case End
TpTrace Error: 0 : 13812, 7, 2020/12/02, 10:18:55.754, 45785459235, datacollector.dll, DataCollectionAttachmentManager.GetAttachments: Fail to get attachments: System.Collections.Generic.KeyNotFoundException: The given key 'Microsoft.VisualStudio.TestPlatform.ObjectModel.DataCollection.DataCollectionContext' was not present in the dictionary.
   at System.Collections.Generic.Dictionary`2.get_Item(TKey key)
   at Microsoft.VisualStudio.TestPlatform.Common.DataCollector.DataCollectionAttachmentManager.GetAttachments(DataCollectionContext dataCollectionContext) 
TpTrace Information: 0 : 13812, 7, 2020/12/02, 10:18:55.754, 45785462921, datacollector.dll, DataCollectionTestCaseEventHandler: Test case 'TestSetterLokacija - 20adc5e4-bfa3-6cb4-243d-e30f12d48f42' completed
TpTrace Information: 0 : 13812, 7, 2020/12/02, 10:18:55.755, 45785476440, datacollector.dll, DataCollectionTestCaseEventHandler: Test case starting.
TpTrace Information: 0 : 13812, 7, 2020/12/02, 10:18:55.756, 45785481167, datacollector.dll, Blame Collector : Test Case Start
TpTrace Information: 0 : 13812, 7, 2020/12/02, 10:18:55.756, 45785483099, datacollector.dll, DataCollectionTestCaseEventHandler: Test case 'TestGetterLokacija - 9ce92457-2f44-b0dc-b7f5-bc43c361eb2e' started.
TpTrace Information: 0 : 13812, 7, 2020/12/02, 10:18:55.757, 45785494073, datacollector.dll, DataCollectionTestCaseEventHandler : Test case completing.
TpTrace Information: 0 : 13812, 7, 2020/12/02, 10:18:55.758, 45785500711, datacollector.dll, Blame Collector : Test Case End
TpTrace Error: 0 : 13812, 7, 2020/12/02, 10:18:55.758, 45785504377, datacollector.dll, DataCollectionAttachmentManager.GetAttachments: Fail to get attachments: System.Collections.Generic.KeyNotFoundException: The given key 'Microsoft.VisualStudio.TestPlatform.ObjectModel.DataCollection.DataCollectionContext' was not present in the dictionary.
   at System.Collections.Generic.Dictionary`2.get_Item(TKey key)
   at Microsoft.VisualStudio.TestPlatform.Common.DataCollector.DataCollectionAttachmentManager.GetAttachments(DataCollectionContext dataCollectionContext) 
TpTrace Information: 0 : 13812, 7, 2020/12/02, 10:18:55.759, 45785507775, datacollector.dll, DataCollectionTestCaseEventHandler: Test case 'TestGetterLokacija - 9ce92457-2f44-b0dc-b7f5-bc43c361eb2e' completed
TpTrace Information: 0 : 13812, 7, 2020/12/02, 10:18:55.760, 45785518749, datacollector.dll, DataCollectionTestCaseEventHandler: Test case starting.
TpTrace Information: 0 : 13812, 7, 2020/12/02, 10:18:55.760, 45785523386, datacollector.dll, Blame Collector : Test Case Start
TpTrace Information: 0 : 13812, 7, 2020/12/02, 10:18:55.760, 45785525712, datacollector.dll, DataCollectionTestCaseEventHandler: Test case 'TestSetterZeljenaLokacija - f1070b8e-f239-bc5b-7537-0060f7de84a7' started.
TpTrace Information: 0 : 13812, 7, 2020/12/02, 10:18:55.761, 45785535929, datacollector.dll, DataCollectionTestCaseEventHandler : Test case completing.
TpTrace Information: 0 : 13812, 7, 2020/12/02, 10:18:55.762, 45785539938, datacollector.dll, Blame Collector : Test Case End
TpTrace Error: 0 : 13812, 7, 2020/12/02, 10:18:55.762, 45785542369, datacollector.dll, DataCollectionAttachmentManager.GetAttachments: Fail to get attachments: System.Collections.Generic.KeyNotFoundException: The given key 'Microsoft.VisualStudio.TestPlatform.ObjectModel.DataCollection.DataCollectionContext' was not present in the dictionary.
   at System.Collections.Generic.Dictionary`2.get_Item(TKey key)
   at Microsoft.VisualStudio.TestPlatform.Common.DataCollector.DataCollectionAttachmentManager.GetAttachments(DataCollectionContext dataCollectionContext) 
TpTrace Information: 0 : 13812, 7, 2020/12/02, 10:18:55.762, 45785544551, datacollector.dll, DataCollectionTestCaseEventHandler: Test case 'TestSetterZeljenaLokacija - f1070b8e-f239-bc5b-7537-0060f7de84a7' completed
TpTrace Information: 0 : 13812, 7, 2020/12/02, 10:18:55.763, 45785555725, datacollector.dll, DataCollectionTestCaseEventHandler: Test case starting.
TpTrace Information: 0 : 13812, 7, 2020/12/02, 10:18:55.764, 45785559778, datacollector.dll, Blame Collector : Test Case Start
TpTrace Information: 0 : 13812, 7, 2020/12/02, 10:18:55.764, 45785561752, datacollector.dll, DataCollectionTestCaseEventHandler: Test case 'TestGetterZeljenaLokacija - 78873ca0-fc24-6afc-601e-0a811bb4323f' started.
TpTrace Information: 0 : 13812, 7, 2020/12/02, 10:18:55.765, 45785571055, datacollector.dll, DataCollectionTestCaseEventHandler : Test case completing.
TpTrace Information: 0 : 13812, 7, 2020/12/02, 10:18:55.765, 45785574686, datacollector.dll, Blame Collector : Test Case End
TpTrace Error: 0 : 13812, 7, 2020/12/02, 10:18:55.765, 45785577033, datacollector.dll, DataCollectionAttachmentManager.GetAttachments: Fail to get attachments: System.Collections.Generic.KeyNotFoundException: The given key 'Microsoft.VisualStudio.TestPlatform.ObjectModel.DataCollection.DataCollectionContext' was not present in the dictionary.
   at System.Collections.Generic.Dictionary`2.get_Item(TKey key)
   at Microsoft.VisualStudio.TestPlatform.Common.DataCollector.DataCollectionAttachmentManager.GetAttachments(DataCollectionContext dataCollectionContext) 
TpTrace Information: 0 : 13812, 7, 2020/12/02, 10:18:55.766, 45785579045, datacollector.dll, DataCollectionTestCaseEventHandler: Test case 'TestGetterZeljenaLokacija - 78873ca0-fc24-6afc-601e-0a811bb4323f' completed
TpTrace Information: 0 : 13812, 7, 2020/12/02, 10:18:55.767, 45785589751, datacollector.dll, DataCollectionTestCaseEventHandler: Test case starting.
TpTrace Information: 0 : 13812, 7, 2020/12/02, 10:18:55.767, 45785593669, datacollector.dll, Blame Collector : Test Case Start
TpTrace Information: 0 : 13812, 7, 2020/12/02, 10:18:55.767, 45785595900, datacollector.dll, DataCollectionTestCaseEventHandler: Test case 'TestSetterGodine - 6b453ff2-4c23-7819-112f-9ff2be37781e' started.
TpTrace Information: 0 : 13812, 7, 2020/12/02, 10:18:55.769, 45785609622, datacollector.dll, DataCollectionTestCaseEventHandler : Test case completing.
TpTrace Information: 0 : 13812, 7, 2020/12/02, 10:18:55.769, 45785613296, datacollector.dll, Blame Collector : Test Case End
TpTrace Error: 0 : 13812, 7, 2020/12/02, 10:18:55.769, 45785615581, datacollector.dll, DataCollectionAttachmentManager.GetAttachments: Fail to get attachments: System.Collections.Generic.KeyNotFoundException: The given key 'Microsoft.VisualStudio.TestPlatform.ObjectModel.DataCollection.DataCollectionContext' was not present in the dictionary.
   at System.Collections.Generic.Dictionary`2.get_Item(TKey key)
   at Microsoft.VisualStudio.TestPlatform.Common.DataCollector.DataCollectionAttachmentManager.GetAttachments(DataCollectionContext dataCollectionContext) 
TpTrace Information: 0 : 13812, 7, 2020/12/02, 10:18:55.772, 45785640135, datacollector.dll, DataCollectionTestCaseEventHandler: Test case 'TestSetterGodine - 6b453ff2-4c23-7819-112f-9ff2be37781e' completed
TpTrace Information: 0 : 13812, 7, 2020/12/02, 10:18:55.773, 45785653493, datacollector.dll, DataCollectionTestCaseEventHandler: Test case starting.
TpTrace Information: 0 : 13812, 7, 2020/12/02, 10:18:55.774, 45785661340, datacollector.dll, Blame Collector : Test Case Start
TpTrace Information: 0 : 13812, 7, 2020/12/02, 10:18:55.774, 45785664192, datacollector.dll, DataCollectionTestCaseEventHandler: Test case 'TestSetterGodine1 - 34f4e3b6-db89-cc05-f92a-2c7d74c7a584' started.
TpTrace Information: 0 : 13812, 7, 2020/12/02, 10:18:55.775, 45785673784, datacollector.dll, DataCollectionTestCaseEventHandler : Test case completing.
TpTrace Information: 0 : 13812, 7, 2020/12/02, 10:18:55.776, 45785678009, datacollector.dll, Blame Collector : Test Case End
TpTrace Error: 0 : 13812, 7, 2020/12/02, 10:18:55.776, 45785680965, datacollector.dll, DataCollectionAttachmentManager.GetAttachments: Fail to get attachments: System.Collections.Generic.KeyNotFoundException: The given key 'Microsoft.VisualStudio.TestPlatform.ObjectModel.DataCollection.DataCollectionContext' was not present in the dictionary.
   at System.Collections.Generic.Dictionary`2.get_Item(TKey key)
   at Microsoft.VisualStudio.TestPlatform.Common.DataCollector.DataCollectionAttachmentManager.GetAttachments(DataCollectionContext dataCollectionContext) 
TpTrace Information: 0 : 13812, 7, 2020/12/02, 10:18:55.776, 45785682934, datacollector.dll, DataCollectionTestCaseEventHandler: Test case 'TestSetterGodine1 - 34f4e3b6-db89-cc05-f92a-2c7d74c7a584' completed
TpTrace Information: 0 : 13812, 7, 2020/12/02, 10:18:55.777, 45785693528, datacollector.dll, DataCollectionTestCaseEventHandler: Test case starting.
TpTrace Information: 0 : 13812, 7, 2020/12/02, 10:18:55.777, 45785696797, datacollector.dll, Blame Collector : Test Case Start
TpTrace Information: 0 : 13812, 7, 2020/12/02, 10:18:55.778, 45785698809, datacollector.dll, DataCollectionTestCaseEventHandler: Test case 'TestGetterGodine - ada827d3-3bf8-e329-5b24-328fc010e863' started.
TpTrace Information: 0 : 13812, 7, 2020/12/02, 10:18:55.779, 45785708093, datacollector.dll, DataCollectionTestCaseEventHandler : Test case completing.
TpTrace Information: 0 : 13812, 7, 2020/12/02, 10:18:55.779, 45785711933, datacollector.dll, Blame Collector : Test Case End
TpTrace Error: 0 : 13812, 7, 2020/12/02, 10:18:55.779, 45785714321, datacollector.dll, DataCollectionAttachmentManager.GetAttachments: Fail to get attachments: System.Collections.Generic.KeyNotFoundException: The given key 'Microsoft.VisualStudio.TestPlatform.ObjectModel.DataCollection.DataCollectionContext' was not present in the dictionary.
   at System.Collections.Generic.Dictionary`2.get_Item(TKey key)
   at Microsoft.VisualStudio.TestPlatform.Common.DataCollector.DataCollectionAttachmentManager.GetAttachments(DataCollectionContext dataCollectionContext) 
TpTrace Information: 0 : 13812, 7, 2020/12/02, 10:18:55.779, 45785716310, datacollector.dll, DataCollectionTestCaseEventHandler: Test case 'TestGetterGodine - ada827d3-3bf8-e329-5b24-328fc010e863' completed
TpTrace Information: 0 : 13812, 7, 2020/12/02, 10:18:55.780, 45785726139, datacollector.dll, DataCollectionTestCaseEventHandler: Test case starting.
TpTrace Information: 0 : 13812, 7, 2020/12/02, 10:18:55.781, 45785729834, datacollector.dll, Blame Collector : Test Case Start
TpTrace Information: 0 : 13812, 7, 2020/12/02, 10:18:55.781, 45785731740, datacollector.dll, DataCollectionTestCaseEventHandler: Test case 'TestSetterZeljeniMinGodina - c4c4d4cf-89e5-1b32-1263-7f1976c20308' started.
TpTrace Information: 0 : 13812, 7, 2020/12/02, 10:18:55.782, 45785740819, datacollector.dll, DataCollectionTestCaseEventHandler : Test case completing.
TpTrace Information: 0 : 13812, 7, 2020/12/02, 10:18:55.782, 45785745099, datacollector.dll, Blame Collector : Test Case End
TpTrace Error: 0 : 13812, 7, 2020/12/02, 10:18:55.783, 45785747885, datacollector.dll, DataCollectionAttachmentManager.GetAttachments: Fail to get attachments: System.Collections.Generic.KeyNotFoundException: The given key 'Microsoft.VisualStudio.TestPlatform.ObjectModel.DataCollection.DataCollectionContext' was not present in the dictionary.
   at System.Collections.Generic.Dictionary`2.get_Item(TKey key)
   at Microsoft.VisualStudio.TestPlatform.Common.DataCollector.DataCollectionAttachmentManager.GetAttachments(DataCollectionContext dataCollectionContext) 
TpTrace Information: 0 : 13812, 7, 2020/12/02, 10:18:55.783, 45785750240, datacollector.dll, DataCollectionTestCaseEventHandler: Test case 'TestSetterZeljeniMinGodina - c4c4d4cf-89e5-1b32-1263-7f1976c20308' completed
TpTrace Information: 0 : 13812, 7, 2020/12/02, 10:18:55.784, 45785760690, datacollector.dll, DataCollectionTestCaseEventHandler: Test case starting.
TpTrace Information: 0 : 13812, 7, 2020/12/02, 10:18:55.784, 45785764422, datacollector.dll, Blame Collector : Test Case Start
TpTrace Information: 0 : 13812, 7, 2020/12/02, 10:18:55.784, 45785766242, datacollector.dll, DataCollectionTestCaseEventHandler: Test case 'TestSetterZeljeniMinGodina1 - 2fc36579-802a-4cf2-5075-dc920b93bde0' started.
TpTrace Information: 0 : 13812, 7, 2020/12/02, 10:18:55.786, 45785781386, datacollector.dll, DataCollectionTestCaseEventHandler : Test case completing.
TpTrace Information: 0 : 13812, 7, 2020/12/02, 10:18:55.786, 45785785002, datacollector.dll, Blame Collector : Test Case End
TpTrace Error: 0 : 13812, 7, 2020/12/02, 10:18:55.787, 45785787485, datacollector.dll, DataCollectionAttachmentManager.GetAttachments: Fail to get attachments: System.Collections.Generic.KeyNotFoundException: The given key 'Microsoft.VisualStudio.TestPlatform.ObjectModel.DataCollection.DataCollectionContext' was not present in the dictionary.
   at System.Collections.Generic.Dictionary`2.get_Item(TKey key)
   at Microsoft.VisualStudio.TestPlatform.Common.DataCollector.DataCollectionAttachmentManager.GetAttachments(DataCollectionContext dataCollectionContext) 
TpTrace Information: 0 : 13812, 7, 2020/12/02, 10:18:55.787, 45785789627, datacollector.dll, DataCollectionTestCaseEventHandler: Test case 'TestSetterZeljeniMinGodina1 - 2fc36579-802a-4cf2-5075-dc920b93bde0' completed
TpTrace Information: 0 : 13812, 7, 2020/12/02, 10:18:55.790, 45785819716, datacollector.dll, DataCollectionTestCaseEventHandler: Test case starting.
TpTrace Information: 0 : 13812, 7, 2020/12/02, 10:18:55.790, 45785823597, datacollector.dll, Blame Collector : Test Case Start
TpTrace Information: 0 : 13812, 7, 2020/12/02, 10:18:55.790, 45785826080, datacollector.dll, DataCollectionTestCaseEventHandler: Test case 'TestSetterZeljeniMinGodina2 - 314af2b5-4e92-2f2c-32cc-c76acd5de825' started.
TpTrace Information: 0 : 13812, 7, 2020/12/02, 10:18:55.792, 45785841613, datacollector.dll, DataCollectionTestCaseEventHandler : Test case completing.
TpTrace Information: 0 : 13812, 7, 2020/12/02, 10:18:55.792, 45785845289, datacollector.dll, Blame Collector : Test Case End
TpTrace Error: 0 : 13812, 7, 2020/12/02, 10:18:55.793, 45785847665, datacollector.dll, DataCollectionAttachmentManager.GetAttachments: Fail to get attachments: System.Collections.Generic.KeyNotFoundException: The given key 'Microsoft.VisualStudio.TestPlatform.ObjectModel.DataCollection.DataCollectionContext' was not present in the dictionary.
   at System.Collections.Generic.Dictionary`2.get_Item(TKey key)
   at Microsoft.VisualStudio.TestPlatform.Common.DataCollector.DataCollectionAttachmentManager.GetAttachments(DataCollectionContext dataCollectionContext) 
TpTrace Information: 0 : 13812, 7, 2020/12/02, 10:18:55.793, 45785849878, datacollector.dll, DataCollectionTestCaseEventHandler: Test case 'TestSetterZeljeniMinGodina2 - 314af2b5-4e92-2f2c-32cc-c76acd5de825' completed
TpTrace Information: 0 : 13812, 7, 2020/12/02, 10:18:55.794, 45785861899, datacollector.dll, DataCollectionTestCaseEventHandler: Test case starting.
TpTrace Information: 0 : 13812, 7, 2020/12/02, 10:18:55.795, 45785867628, datacollector.dll, Blame Collector : Test Case Start
TpTrace Information: 0 : 13812, 7, 2020/12/02, 10:18:55.795, 45785870900, datacollector.dll, DataCollectionTestCaseEventHandler: Test case 'TestGetterZeljeniMinGodina - 577a1904-3dc5-9b3c-4d7c-c96c00a0f852' started.
TpTrace Information: 0 : 13812, 7, 2020/12/02, 10:18:55.796, 45785880447, datacollector.dll, DataCollectionTestCaseEventHandler : Test case completing.
TpTrace Information: 0 : 13812, 7, 2020/12/02, 10:18:55.796, 45785884100, datacollector.dll, Blame Collector : Test Case End
TpTrace Error: 0 : 13812, 7, 2020/12/02, 10:18:55.796, 45785886605, datacollector.dll, DataCollectionAttachmentManager.GetAttachments: Fail to get attachments: System.Collections.Generic.KeyNotFoundException: The given key 'Microsoft.VisualStudio.TestPlatform.ObjectModel.DataCollection.DataCollectionContext' was not present in the dictionary.
   at System.Collections.Generic.Dictionary`2.get_Item(TKey key)
   at Microsoft.VisualStudio.TestPlatform.Common.DataCollector.DataCollectionAttachmentManager.GetAttachments(DataCollectionContext dataCollectionContext) 
TpTrace Information: 0 : 13812, 7, 2020/12/02, 10:18:55.797, 45785888658, datacollector.dll, DataCollectionTestCaseEventHandler: Test case 'TestGetterZeljeniMinGodina - 577a1904-3dc5-9b3c-4d7c-c96c00a0f852' completed
TpTrace Information: 0 : 13812, 7, 2020/12/02, 10:18:55.798, 45785898956, datacollector.dll, DataCollectionTestCaseEventHandler: Test case starting.
TpTrace Information: 0 : 13812, 7, 2020/12/02, 10:18:55.798, 45785902954, datacollector.dll, Blame Collector : Test Case Start
TpTrace Information: 0 : 13812, 7, 2020/12/02, 10:18:55.798, 45785904902, datacollector.dll, DataCollectionTestCaseEventHandler: Test case 'TestSetterZeljeniMaxGodina - ee2263a7-5c9b-b472-3927-c7d4a3253688' started.
TpTrace Information: 0 : 13812, 7, 2020/12/02, 10:18:55.799, 45785913569, datacollector.dll, DataCollectionTestCaseEventHandler : Test case completing.
TpTrace Information: 0 : 13812, 7, 2020/12/02, 10:18:55.799, 45785916849, datacollector.dll, Blame Collector : Test Case End
TpTrace Error: 0 : 13812, 7, 2020/12/02, 10:18:55.800, 45785919107, datacollector.dll, DataCollectionAttachmentManager.GetAttachments: Fail to get attachments: System.Collections.Generic.KeyNotFoundException: The given key 'Microsoft.VisualStudio.TestPlatform.ObjectModel.DataCollection.DataCollectionContext' was not present in the dictionary.
   at System.Collections.Generic.Dictionary`2.get_Item(TKey key)
   at Microsoft.VisualStudio.TestPlatform.Common.DataCollector.DataCollectionAttachmentManager.GetAttachments(DataCollectionContext dataCollectionContext) 
TpTrace Information: 0 : 13812, 7, 2020/12/02, 10:18:55.800, 45785921006, datacollector.dll, DataCollectionTestCaseEventHandler: Test case 'TestSetterZeljeniMaxGodina - ee2263a7-5c9b-b472-3927-c7d4a3253688' completed
TpTrace Information: 0 : 13812, 7, 2020/12/02, 10:18:55.801, 45785930167, datacollector.dll, DataCollectionTestCaseEventHandler: Test case starting.
TpTrace Information: 0 : 13812, 7, 2020/12/02, 10:18:55.801, 45785933579, datacollector.dll, Blame Collector : Test Case Start
TpTrace Information: 0 : 13812, 7, 2020/12/02, 10:18:55.801, 45785935441, datacollector.dll, DataCollectionTestCaseEventHandler: Test case 'TestSetterZeljeniMaxGodina1 - 81bb98b9-3248-a723-d6ce-d0c0e63ec845' started.
TpTrace Information: 0 : 13812, 7, 2020/12/02, 10:18:55.802, 45785947386, datacollector.dll, DataCollectionTestCaseEventHandler : Test case completing.
TpTrace Information: 0 : 13812, 7, 2020/12/02, 10:18:55.803, 45785951641, datacollector.dll, Blame Collector : Test Case End
TpTrace Error: 0 : 13812, 7, 2020/12/02, 10:18:55.803, 45785953972, datacollector.dll, DataCollectionAttachmentManager.GetAttachments: Fail to get attachments: System.Collections.Generic.KeyNotFoundException: The given key 'Microsoft.VisualStudio.TestPlatform.ObjectModel.DataCollection.DataCollectionContext' was not present in the dictionary.
   at System.Collections.Generic.Dictionary`2.get_Item(TKey key)
   at Microsoft.VisualStudio.TestPlatform.Common.DataCollector.DataCollectionAttachmentManager.GetAttachments(DataCollectionContext dataCollectionContext) 
TpTrace Information: 0 : 13812, 7, 2020/12/02, 10:18:55.803, 45785956038, datacollector.dll, DataCollectionTestCaseEventHandler: Test case 'TestSetterZeljeniMaxGodina1 - 81bb98b9-3248-a723-d6ce-d0c0e63ec845' completed
TpTrace Information: 0 : 13812, 7, 2020/12/02, 10:18:55.804, 45785966457, datacollector.dll, DataCollectionTestCaseEventHandler: Test case starting.
TpTrace Information: 0 : 13812, 7, 2020/12/02, 10:18:55.805, 45785970529, datacollector.dll, Blame Collector : Test Case Start
TpTrace Information: 0 : 13812, 7, 2020/12/02, 10:18:55.805, 45785972346, datacollector.dll, DataCollectionTestCaseEventHandler: Test case 'TestSetterZeljeniMaxGodina2 - 9295478c-cbd5-6b90-d8b8-54dbb05073da' started.
TpTrace Information: 0 : 13812, 7, 2020/12/02, 10:18:55.806, 45785984205, datacollector.dll, DataCollectionTestCaseEventHandler : Test case completing.
TpTrace Information: 0 : 13812, 7, 2020/12/02, 10:18:55.807, 45785987606, datacollector.dll, Blame Collector : Test Case End
TpTrace Error: 0 : 13812, 7, 2020/12/02, 10:18:55.807, 45785989824, datacollector.dll, DataCollectionAttachmentManager.GetAttachments: Fail to get attachments: System.Collections.Generic.KeyNotFoundException: The given key 'Microsoft.VisualStudio.TestPlatform.ObjectModel.DataCollection.DataCollectionContext' was not present in the dictionary.
   at System.Collections.Generic.Dictionary`2.get_Item(TKey key)
   at Microsoft.VisualStudio.TestPlatform.Common.DataCollector.DataCollectionAttachmentManager.GetAttachments(DataCollectionContext dataCollectionContext) 
TpTrace Information: 0 : 13812, 7, 2020/12/02, 10:18:55.807, 45785991738, datacollector.dll, DataCollectionTestCaseEventHandler: Test case 'TestSetterZeljeniMaxGodina2 - 9295478c-cbd5-6b90-d8b8-54dbb05073da' completed
TpTrace Information: 0 : 13812, 7, 2020/12/02, 10:18:55.808, 45786002471, datacollector.dll, DataCollectionTestCaseEventHandler: Test case starting.
TpTrace Information: 0 : 13812, 7, 2020/12/02, 10:18:55.808, 45786007253, datacollector.dll, Blame Collector : Test Case Start
TpTrace Information: 0 : 13812, 7, 2020/12/02, 10:18:55.809, 45786009277, datacollector.dll, DataCollectionTestCaseEventHandler: Test case 'TestGetterZeljeniMaxGodina - 8ea52edc-ec0f-64dc-32ce-c8dfa186f995' started.
TpTrace Information: 0 : 13812, 7, 2020/12/02, 10:18:55.810, 45786018096, datacollector.dll, DataCollectionTestCaseEventHandler : Test case completing.
TpTrace Information: 0 : 13812, 7, 2020/12/02, 10:18:55.810, 45786021579, datacollector.dll, Blame Collector : Test Case End
TpTrace Error: 0 : 13812, 7, 2020/12/02, 10:18:55.810, 45786023857, datacollector.dll, DataCollectionAttachmentManager.GetAttachments: Fail to get attachments: System.Collections.Generic.KeyNotFoundException: The given key 'Microsoft.VisualStudio.TestPlatform.ObjectModel.DataCollection.DataCollectionContext' was not present in the dictionary.
   at System.Collections.Generic.Dictionary`2.get_Item(TKey key)
   at Microsoft.VisualStudio.TestPlatform.Common.DataCollector.DataCollectionAttachmentManager.GetAttachments(DataCollectionContext dataCollectionContext) 
TpTrace Information: 0 : 13812, 7, 2020/12/02, 10:18:55.810, 45786025775, datacollector.dll, DataCollectionTestCaseEventHandler: Test case 'TestGetterZeljeniMaxGodina - 8ea52edc-ec0f-64dc-32ce-c8dfa186f995' completed
TpTrace Information: 0 : 13812, 7, 2020/12/02, 10:18:55.811, 45786035165, datacollector.dll, DataCollectionTestCaseEventHandler: Test case starting.
TpTrace Information: 0 : 13812, 7, 2020/12/02, 10:18:55.812, 45786038419, datacollector.dll, Blame Collector : Test Case Start
TpTrace Information: 0 : 13812, 7, 2020/12/02, 10:18:55.812, 45786040336, datacollector.dll, DataCollectionTestCaseEventHandler: Test case 'TestSetterRazvod - d1e20722-46e0-5e70-752d-6b21654f20be' started.
TpTrace Information: 0 : 13812, 7, 2020/12/02, 10:18:55.813, 45786048542, datacollector.dll, DataCollectionTestCaseEventHandler : Test case completing.
TpTrace Information: 0 : 13812, 7, 2020/12/02, 10:18:55.813, 45786052404, datacollector.dll, Blame Collector : Test Case End
TpTrace Error: 0 : 13812, 7, 2020/12/02, 10:18:55.813, 45786054958, datacollector.dll, DataCollectionAttachmentManager.GetAttachments: Fail to get attachments: System.Collections.Generic.KeyNotFoundException: The given key 'Microsoft.VisualStudio.TestPlatform.ObjectModel.DataCollection.DataCollectionContext' was not present in the dictionary.
   at System.Collections.Generic.Dictionary`2.get_Item(TKey key)
   at Microsoft.VisualStudio.TestPlatform.Common.DataCollector.DataCollectionAttachmentManager.GetAttachments(DataCollectionContext dataCollectionContext) 
TpTrace Information: 0 : 13812, 7, 2020/12/02, 10:18:55.813, 45786057330, datacollector.dll, DataCollectionTestCaseEventHandler: Test case 'TestSetterRazvod - d1e20722-46e0-5e70-752d-6b21654f20be' completed
TpTrace Information: 0 : 13812, 7, 2020/12/02, 10:18:55.815, 45786068938, datacollector.dll, DataCollectionTestCaseEventHandler: Test case starting.
TpTrace Information: 0 : 13812, 7, 2020/12/02, 10:18:55.815, 45786073230, datacollector.dll, Blame Collector : Test Case Start
TpTrace Information: 0 : 13812, 7, 2020/12/02, 10:18:55.815, 45786075446, datacollector.dll, DataCollectionTestCaseEventHandler: Test case 'TestGetterRazvod - cb7b89c3-cb48-ad19-7f6b-ecb03201b3c6' started.
TpTrace Information: 0 : 13812, 7, 2020/12/02, 10:18:55.816, 45786084501, datacollector.dll, DataCollectionTestCaseEventHandler : Test case completing.
TpTrace Information: 0 : 13812, 7, 2020/12/02, 10:18:55.817, 45786087758, datacollector.dll, Blame Collector : Test Case End
TpTrace Error: 0 : 13812, 7, 2020/12/02, 10:18:55.817, 45786090014, datacollector.dll, DataCollectionAttachmentManager.GetAttachments: Fail to get attachments: System.Collections.Generic.KeyNotFoundException: The given key 'Microsoft.VisualStudio.TestPlatform.ObjectModel.DataCollection.DataCollectionContext' was not present in the dictionary.
   at System.Collections.Generic.Dictionary`2.get_Item(TKey key)
   at Microsoft.VisualStudio.TestPlatform.Common.DataCollector.DataCollectionAttachmentManager.GetAttachments(DataCollectionContext dataCollectionContext) 
TpTrace Information: 0 : 13812, 7, 2020/12/02, 10:18:55.817, 45786091882, datacollector.dll, DataCollectionTestCaseEventHandler: Test case 'TestGetterRazvod - cb7b89c3-cb48-ad19-7f6b-ecb03201b3c6' completed
TpTrace Information: 0 : 13812, 7, 2020/12/02, 10:18:55.818, 45786104543, datacollector.dll, DataCollectionTestCaseEventHandler: Test case starting.
TpTrace Information: 0 : 13812, 7, 2020/12/02, 10:18:55.819, 45786109450, datacollector.dll, Blame Collector : Test Case Start
TpTrace Information: 0 : 13812, 7, 2020/12/02, 10:18:55.819, 45786111916, datacollector.dll, DataCollectionTestCaseEventHandler: Test case 'TestKonstruktor - 119b0e61-0079-1ddc-da43-204038a07f67' started.
TpTrace Information: 0 : 13812, 7, 2020/12/02, 10:18:55.820, 45786125202, datacollector.dll, DataCollectionTestCaseEventHandler : Test case completing.
TpTrace Information: 0 : 13812, 7, 2020/12/02, 10:18:55.821, 45786128893, datacollector.dll, Blame Collector : Test Case End
TpTrace Error: 0 : 13812, 7, 2020/12/02, 10:18:55.821, 45786131321, datacollector.dll, DataCollectionAttachmentManager.GetAttachments: Fail to get attachments: System.Collections.Generic.KeyNotFoundException: The given key 'Microsoft.VisualStudio.TestPlatform.ObjectModel.DataCollection.DataCollectionContext' was not present in the dictionary.
   at System.Collections.Generic.Dictionary`2.get_Item(TKey key)
   at Microsoft.VisualStudio.TestPlatform.Common.DataCollector.DataCollectionAttachmentManager.GetAttachments(DataCollectionContext dataCollectionContext) 
TpTrace Information: 0 : 13812, 7, 2020/12/02, 10:18:55.821, 45786133304, datacollector.dll, DataCollectionTestCaseEventHandler: Test case 'TestKonstruktor - 119b0e61-0079-1ddc-da43-204038a07f67' completed
TpTrace Information: 0 : 13812, 7, 2020/12/02, 10:18:55.824, 45786161957, datacollector.dll, DataCollectionTestCaseEventHandler: Test case starting.
TpTrace Information: 0 : 13812, 7, 2020/12/02, 10:18:55.825, 45786167554, datacollector.dll, Blame Collector : Test Case Start
TpTrace Information: 0 : 13812, 7, 2020/12/02, 10:18:55.825, 45786169579, datacollector.dll, DataCollectionTestCaseEventHandler: Test case 'TestKonstruktor1 - 31db9402-1766-f4c9-03b3-da1167b736f2' started.
TpTrace Information: 0 : 13812, 7, 2020/12/02, 10:18:55.826, 45786184698, datacollector.dll, DataCollectionTestCaseEventHandler : Test case completing.
TpTrace Information: 0 : 13812, 7, 2020/12/02, 10:18:55.827, 45786188654, datacollector.dll, Blame Collector : Test Case End
TpTrace Error: 0 : 13812, 7, 2020/12/02, 10:18:55.827, 45786191239, datacollector.dll, DataCollectionAttachmentManager.GetAttachments: Fail to get attachments: System.Collections.Generic.KeyNotFoundException: The given key 'Microsoft.VisualStudio.TestPlatform.ObjectModel.DataCollection.DataCollectionContext' was not present in the dictionary.
   at System.Collections.Generic.Dictionary`2.get_Item(TKey key)
   at Microsoft.VisualStudio.TestPlatform.Common.DataCollector.DataCollectionAttachmentManager.GetAttachments(DataCollectionContext dataCollectionContext) 
TpTrace Information: 0 : 13812, 7, 2020/12/02, 10:18:55.827, 45786193297, datacollector.dll, DataCollectionTestCaseEventHandler: Test case 'TestKonstruktor1 - 31db9402-1766-f4c9-03b3-da1167b736f2' completed
TpTrace Information: 0 : 13812, 7, 2020/12/02, 10:18:55.828, 45786204924, datacollector.dll, DataCollectionTestCaseEventHandler: Test case starting.
TpTrace Information: 0 : 13812, 7, 2020/12/02, 10:18:55.829, 45786209624, datacollector.dll, Blame Collector : Test Case Start
TpTrace Information: 0 : 13812, 7, 2020/12/02, 10:18:55.829, 45786211967, datacollector.dll, DataCollectionTestCaseEventHandler: Test case 'TestKonstruktor2 - 612bd1dc-139c-10d6-810f-31290e2eaa08' started.
TpTrace Information: 0 : 13812, 7, 2020/12/02, 10:18:55.830, 45786226287, datacollector.dll, DataCollectionTestCaseEventHandler : Test case completing.
TpTrace Information: 0 : 13812, 7, 2020/12/02, 10:18:55.831, 45786230265, datacollector.dll, Blame Collector : Test Case End
TpTrace Error: 0 : 13812, 7, 2020/12/02, 10:18:55.831, 45786232570, datacollector.dll, DataCollectionAttachmentManager.GetAttachments: Fail to get attachments: System.Collections.Generic.KeyNotFoundException: The given key 'Microsoft.VisualStudio.TestPlatform.ObjectModel.DataCollection.DataCollectionContext' was not present in the dictionary.
   at System.Collections.Generic.Dictionary`2.get_Item(TKey key)
   at Microsoft.VisualStudio.TestPlatform.Common.DataCollector.DataCollectionAttachmentManager.GetAttachments(DataCollectionContext dataCollectionContext) 
TpTrace Information: 0 : 13812, 7, 2020/12/02, 10:18:55.831, 45786234512, datacollector.dll, DataCollectionTestCaseEventHandler: Test case 'TestKonstruktor2 - 612bd1dc-139c-10d6-810f-31290e2eaa08' completed
TpTrace Information: 0 : 13812, 7, 2020/12/02, 10:18:55.832, 45786244335, datacollector.dll, DataCollectionTestCaseEventHandler: Test case starting.
TpTrace Information: 0 : 13812, 7, 2020/12/02, 10:18:55.833, 45786247803, datacollector.dll, Blame Collector : Test Case Start
TpTrace Information: 0 : 13812, 7, 2020/12/02, 10:18:55.833, 45786249616, datacollector.dll, DataCollectionTestCaseEventHandler: Test case 'TestSetterSadrzaj - f0d68655-d883-458c-781b-39189f7f0069' started.
TpTrace Information: 0 : 13812, 7, 2020/12/02, 10:18:55.834, 45786262145, datacollector.dll, DataCollectionTestCaseEventHandler : Test case completing.
TpTrace Information: 0 : 13812, 7, 2020/12/02, 10:18:55.834, 45786267158, datacollector.dll, Blame Collector : Test Case End
TpTrace Error: 0 : 13812, 7, 2020/12/02, 10:18:55.835, 45786269654, datacollector.dll, DataCollectionAttachmentManager.GetAttachments: Fail to get attachments: System.Collections.Generic.KeyNotFoundException: The given key 'Microsoft.VisualStudio.TestPlatform.ObjectModel.DataCollection.DataCollectionContext' was not present in the dictionary.
   at System.Collections.Generic.Dictionary`2.get_Item(TKey key)
   at Microsoft.VisualStudio.TestPlatform.Common.DataCollector.DataCollectionAttachmentManager.GetAttachments(DataCollectionContext dataCollectionContext) 
TpTrace Information: 0 : 13812, 7, 2020/12/02, 10:18:55.835, 45786271710, datacollector.dll, DataCollectionTestCaseEventHandler: Test case 'TestSetterSadrzaj - f0d68655-d883-458c-781b-39189f7f0069' completed
TpTrace Information: 0 : 13812, 7, 2020/12/02, 10:18:55.836, 45786281632, datacollector.dll, DataCollectionTestCaseEventHandler: Test case starting.
TpTrace Information: 0 : 13812, 7, 2020/12/02, 10:18:55.836, 45786284727, datacollector.dll, Blame Collector : Test Case Start
TpTrace Information: 0 : 13812, 7, 2020/12/02, 10:18:55.836, 45786287051, datacollector.dll, DataCollectionTestCaseEventHandler: Test case 'TestSetterSadrzaj1 - f6f68a9a-bb0c-5b9c-96e4-44ac84a5f9cc' started.
TpTrace Information: 0 : 13812, 7, 2020/12/02, 10:18:55.838, 45786299125, datacollector.dll, DataCollectionTestCaseEventHandler : Test case completing.
TpTrace Information: 0 : 13812, 7, 2020/12/02, 10:18:55.838, 45786302623, datacollector.dll, Blame Collector : Test Case End
TpTrace Error: 0 : 13812, 7, 2020/12/02, 10:18:55.838, 45786305016, datacollector.dll, DataCollectionAttachmentManager.GetAttachments: Fail to get attachments: System.Collections.Generic.KeyNotFoundException: The given key 'Microsoft.VisualStudio.TestPlatform.ObjectModel.DataCollection.DataCollectionContext' was not present in the dictionary.
   at System.Collections.Generic.Dictionary`2.get_Item(TKey key)
   at Microsoft.VisualStudio.TestPlatform.Common.DataCollector.DataCollectionAttachmentManager.GetAttachments(DataCollectionContext dataCollectionContext) 
TpTrace Information: 0 : 13812, 7, 2020/12/02, 10:18:55.838, 45786307023, datacollector.dll, DataCollectionTestCaseEventHandler: Test case 'TestSetterSadrzaj1 - f6f68a9a-bb0c-5b9c-96e4-44ac84a5f9cc' completed
TpTrace Information: 0 : 13812, 7, 2020/12/02, 10:18:55.839, 45786316778, datacollector.dll, DataCollectionTestCaseEventHandler: Test case starting.
TpTrace Information: 0 : 13812, 7, 2020/12/02, 10:18:55.840, 45786320053, datacollector.dll, Blame Collector : Test Case Start
TpTrace Information: 0 : 13812, 7, 2020/12/02, 10:18:55.840, 45786321900, datacollector.dll, DataCollectionTestCaseEventHandler: Test case 'TestSetterSadrzaj2 - c2bd5057-a7df-b14e-fe72-1448b8d815d6' started.
TpTrace Information: 0 : 13812, 7, 2020/12/02, 10:18:55.841, 45786331091, datacollector.dll, DataCollectionTestCaseEventHandler : Test case completing.
TpTrace Information: 0 : 13812, 7, 2020/12/02, 10:18:55.841, 45786334382, datacollector.dll, Blame Collector : Test Case End
TpTrace Error: 0 : 13812, 7, 2020/12/02, 10:18:55.841, 45786336726, datacollector.dll, DataCollectionAttachmentManager.GetAttachments: Fail to get attachments: System.Collections.Generic.KeyNotFoundException: The given key 'Microsoft.VisualStudio.TestPlatform.ObjectModel.DataCollection.DataCollectionContext' was not present in the dictionary.
   at System.Collections.Generic.Dictionary`2.get_Item(TKey key)
   at Microsoft.VisualStudio.TestPlatform.Common.DataCollector.DataCollectionAttachmentManager.GetAttachments(DataCollectionContext dataCollectionContext) 
TpTrace Information: 0 : 13812, 7, 2020/12/02, 10:18:55.842, 45786338608, datacollector.dll, DataCollectionTestCaseEventHandler: Test case 'TestSetterSadrzaj2 - c2bd5057-a7df-b14e-fe72-1448b8d815d6' completed
TpTrace Information: 0 : 13812, 7, 2020/12/02, 10:18:55.843, 45786347709, datacollector.dll, DataCollectionTestCaseEventHandler: Test case starting.
TpTrace Information: 0 : 13812, 7, 2020/12/02, 10:18:55.843, 45786350908, datacollector.dll, Blame Collector : Test Case Start
TpTrace Information: 0 : 13812, 7, 2020/12/02, 10:18:55.843, 45786353632, datacollector.dll, DataCollectionTestCaseEventHandler: Test case 'TestGetterSadrzaj - 93118a96-341d-18e5-dfa2-3ef118ce7015' started.
TpTrace Information: 0 : 13812, 7, 2020/12/02, 10:18:55.844, 45786365068, datacollector.dll, DataCollectionTestCaseEventHandler : Test case completing.
TpTrace Information: 0 : 13812, 7, 2020/12/02, 10:18:55.845, 45786369392, datacollector.dll, Blame Collector : Test Case End
TpTrace Error: 0 : 13812, 7, 2020/12/02, 10:18:55.845, 45786372151, datacollector.dll, DataCollectionAttachmentManager.GetAttachments: Fail to get attachments: System.Collections.Generic.KeyNotFoundException: The given key 'Microsoft.VisualStudio.TestPlatform.ObjectModel.DataCollection.DataCollectionContext' was not present in the dictionary.
   at System.Collections.Generic.Dictionary`2.get_Item(TKey key)
   at Microsoft.VisualStudio.TestPlatform.Common.DataCollector.DataCollectionAttachmentManager.GetAttachments(DataCollectionContext dataCollectionContext) 
TpTrace Information: 0 : 13812, 7, 2020/12/02, 10:18:55.845, 45786374251, datacollector.dll, DataCollectionTestCaseEventHandler: Test case 'TestGetterSadrzaj - 93118a96-341d-18e5-dfa2-3ef118ce7015' completed
TpTrace Information: 0 : 13812, 7, 2020/12/02, 10:18:55.846, 45786386074, datacollector.dll, DataCollectionTestCaseEventHandler: Test case starting.
TpTrace Information: 0 : 13812, 7, 2020/12/02, 10:18:55.847, 45786389791, datacollector.dll, Blame Collector : Test Case Start
TpTrace Information: 0 : 13812, 7, 2020/12/02, 10:18:55.847, 45786391777, datacollector.dll, DataCollectionTestCaseEventHandler: Test case 'TestGetterPrimalac - 7723c302-7575-0bb8-0006-5cff2898f6b7' started.
TpTrace Information: 0 : 13812, 7, 2020/12/02, 10:18:55.848, 45786401894, datacollector.dll, DataCollectionTestCaseEventHandler : Test case completing.
TpTrace Information: 0 : 13812, 7, 2020/12/02, 10:18:55.848, 45786406796, datacollector.dll, Blame Collector : Test Case End
TpTrace Error: 0 : 13812, 7, 2020/12/02, 10:18:55.849, 45786409464, datacollector.dll, DataCollectionAttachmentManager.GetAttachments: Fail to get attachments: System.Collections.Generic.KeyNotFoundException: The given key 'Microsoft.VisualStudio.TestPlatform.ObjectModel.DataCollection.DataCollectionContext' was not present in the dictionary.
   at System.Collections.Generic.Dictionary`2.get_Item(TKey key)
   at Microsoft.VisualStudio.TestPlatform.Common.DataCollector.DataCollectionAttachmentManager.GetAttachments(DataCollectionContext dataCollectionContext) 
TpTrace Information: 0 : 13812, 7, 2020/12/02, 10:18:55.849, 45786411909, datacollector.dll, DataCollectionTestCaseEventHandler: Test case 'TestGetterPrimalac - 7723c302-7575-0bb8-0006-5cff2898f6b7' completed
TpTrace Information: 0 : 13812, 7, 2020/12/02, 10:18:55.850, 45786426397, datacollector.dll, DataCollectionTestCaseEventHandler: Test case starting.
TpTrace Information: 0 : 13812, 7, 2020/12/02, 10:18:55.851, 45786430410, datacollector.dll, Blame Collector : Test Case Start
TpTrace Information: 0 : 13812, 7, 2020/12/02, 10:18:55.851, 45786432501, datacollector.dll, DataCollectionTestCaseEventHandler: Test case 'TestGetterPosiljalac - 6b17b345-a83a-609c-ab88-aa6574635bb6' started.
TpTrace Information: 0 : 13812, 7, 2020/12/02, 10:18:55.852, 45786445376, datacollector.dll, DataCollectionTestCaseEventHandler : Test case completing.
TpTrace Information: 0 : 13812, 7, 2020/12/02, 10:18:55.853, 45786451579, datacollector.dll, Blame Collector : Test Case End
TpTrace Error: 0 : 13812, 7, 2020/12/02, 10:18:55.853, 45786455149, datacollector.dll, DataCollectionAttachmentManager.GetAttachments: Fail to get attachments: System.Collections.Generic.KeyNotFoundException: The given key 'Microsoft.VisualStudio.TestPlatform.ObjectModel.DataCollection.DataCollectionContext' was not present in the dictionary.
   at System.Collections.Generic.Dictionary`2.get_Item(TKey key)
   at Microsoft.VisualStudio.TestPlatform.Common.DataCollector.DataCollectionAttachmentManager.GetAttachments(DataCollectionContext dataCollectionContext) 
TpTrace Information: 0 : 13812, 7, 2020/12/02, 10:18:55.854, 45786458357, datacollector.dll, DataCollectionTestCaseEventHandler: Test case 'TestGetterPosiljalac - 6b17b345-a83a-609c-ab88-aa6574635bb6' completed
TpTrace Information: 0 : 13812, 7, 2020/12/02, 10:18:55.855, 45786474294, datacollector.dll, DataCollectionTestCaseEventHandler: Test case starting.
TpTrace Information: 0 : 13812, 7, 2020/12/02, 10:18:55.856, 45786480989, datacollector.dll, Blame Collector : Test Case Start
TpTrace Information: 0 : 13812, 7, 2020/12/02, 10:18:55.856, 45786483868, datacollector.dll, DataCollectionTestCaseEventHandler: Test case 'StoPostoKompatibilnost - 09a36654-bd3c-4461-371c-df34fae8b693' started.
TpTrace Information: 0 : 13812, 7, 2020/12/02, 10:18:55.858, 45786500800, datacollector.dll, DataCollectionTestCaseEventHandler : Test case completing.
TpTrace Information: 0 : 13812, 7, 2020/12/02, 10:18:55.860, 45786522172, datacollector.dll, Blame Collector : Test Case End
TpTrace Error: 0 : 13812, 7, 2020/12/02, 10:18:55.861, 45786532167, datacollector.dll, DataCollectionAttachmentManager.GetAttachments: Fail to get attachments: System.Collections.Generic.KeyNotFoundException: The given key 'Microsoft.VisualStudio.TestPlatform.ObjectModel.DataCollection.DataCollectionContext' was not present in the dictionary.
   at System.Collections.Generic.Dictionary`2.get_Item(TKey key)
   at Microsoft.VisualStudio.TestPlatform.Common.DataCollector.DataCollectionAttachmentManager.GetAttachments(DataCollectionContext dataCollectionContext) 
TpTrace Information: 0 : 13812, 7, 2020/12/02, 10:18:55.862, 45786538893, datacollector.dll, DataCollectionTestCaseEventHandler: Test case 'StoPostoKompatibilnost - 09a36654-bd3c-4461-371c-df34fae8b693' completed
TpTrace Information: 0 : 13812, 7, 2020/12/02, 10:18:55.869, 45786607962, datacollector.dll, DataCollectionTestCaseEventHandler: Test case starting.
TpTrace Information: 0 : 13812, 7, 2020/12/02, 10:18:55.871, 45786630300, datacollector.dll, Blame Collector : Test Case Start
TpTrace Information: 0 : 13812, 7, 2020/12/02, 10:18:55.871, 45786635347, datacollector.dll, DataCollectionTestCaseEventHandler: Test case 'StoPostoKompatibilnost1 - 10d438b3-51af-a956-1c86-54adf2de98d8' started.
TpTrace Information: 0 : 13812, 7, 2020/12/02, 10:18:55.873, 45786655751, datacollector.dll, DataCollectionTestCaseEventHandler : Test case completing.
TpTrace Information: 0 : 13812, 7, 2020/12/02, 10:18:55.875, 45786670569, datacollector.dll, Blame Collector : Test Case End
TpTrace Error: 0 : 13812, 7, 2020/12/02, 10:18:55.876, 45786678349, datacollector.dll, DataCollectionAttachmentManager.GetAttachments: Fail to get attachments: System.Collections.Generic.KeyNotFoundException: The given key 'Microsoft.VisualStudio.TestPlatform.ObjectModel.DataCollection.DataCollectionContext' was not present in the dictionary.
   at System.Collections.Generic.Dictionary`2.get_Item(TKey key)
   at Microsoft.VisualStudio.TestPlatform.Common.DataCollector.DataCollectionAttachmentManager.GetAttachments(DataCollectionContext dataCollectionContext) 
TpTrace Information: 0 : 13812, 7, 2020/12/02, 10:18:55.876, 45786683731, datacollector.dll, DataCollectionTestCaseEventHandler: Test case 'StoPostoKompatibilnost1 - 10d438b3-51af-a956-1c86-54adf2de98d8' completed
TpTrace Information: 0 : 13812, 7, 2020/12/02, 10:18:55.878, 45786702634, datacollector.dll, DataCollectionTestCaseEventHandler: Test case starting.
TpTrace Information: 0 : 13812, 7, 2020/12/02, 10:18:55.879, 45786714343, datacollector.dll, Blame Collector : Test Case Start
TpTrace Information: 0 : 13812, 7, 2020/12/02, 10:18:55.880, 45786718138, datacollector.dll, DataCollectionTestCaseEventHandler: Test case 'StoPostoKompatibilnost2 - cbb4f776-5a1b-a55c-0b9d-e8212c675259' started.
TpTrace Information: 0 : 13812, 7, 2020/12/02, 10:18:55.881, 45786736798, datacollector.dll, DataCollectionTestCaseEventHandler : Test case completing.
TpTrace Information: 0 : 13812, 7, 2020/12/02, 10:18:55.882, 45786745165, datacollector.dll, Blame Collector : Test Case End
TpTrace Error: 0 : 13812, 7, 2020/12/02, 10:18:55.883, 45786750992, datacollector.dll, DataCollectionAttachmentManager.GetAttachments: Fail to get attachments: System.Collections.Generic.KeyNotFoundException: The given key 'Microsoft.VisualStudio.TestPlatform.ObjectModel.DataCollection.DataCollectionContext' was not present in the dictionary.
   at System.Collections.Generic.Dictionary`2.get_Item(TKey key)
   at Microsoft.VisualStudio.TestPlatform.Common.DataCollector.DataCollectionAttachmentManager.GetAttachments(DataCollectionContext dataCollectionContext) 
TpTrace Information: 0 : 13812, 7, 2020/12/02, 10:18:55.883, 45786754630, datacollector.dll, DataCollectionTestCaseEventHandler: Test case 'StoPostoKompatibilnost2 - cbb4f776-5a1b-a55c-0b9d-e8212c675259' completed
TpTrace Information: 0 : 13812, 7, 2020/12/02, 10:18:55.885, 45786771254, datacollector.dll, DataCollectionTestCaseEventHandler: Test case starting.
TpTrace Information: 0 : 13812, 7, 2020/12/02, 10:18:55.885, 45786776648, datacollector.dll, Blame Collector : Test Case Start
TpTrace Information: 0 : 13812, 7, 2020/12/02, 10:18:55.886, 45786779665, datacollector.dll, DataCollectionTestCaseEventHandler: Test case 'Kompatibilnost1 - 13eed2cf-113d-931d-63b6-07684df95181' started.
TpTrace Information: 0 : 13812, 7, 2020/12/02, 10:18:55.887, 45786789889, datacollector.dll, DataCollectionTestCaseEventHandler : Test case completing.
TpTrace Information: 0 : 13812, 7, 2020/12/02, 10:18:55.887, 45786793661, datacollector.dll, Blame Collector : Test Case End
TpTrace Error: 0 : 13812, 7, 2020/12/02, 10:18:55.887, 45786796520, datacollector.dll, DataCollectionAttachmentManager.GetAttachments: Fail to get attachments: System.Collections.Generic.KeyNotFoundException: The given key 'Microsoft.VisualStudio.TestPlatform.ObjectModel.DataCollection.DataCollectionContext' was not present in the dictionary.
   at System.Collections.Generic.Dictionary`2.get_Item(TKey key)
   at Microsoft.VisualStudio.TestPlatform.Common.DataCollector.DataCollectionAttachmentManager.GetAttachments(DataCollectionContext dataCollectionContext) 
TpTrace Information: 0 : 13812, 7, 2020/12/02, 10:18:55.888, 45786798723, datacollector.dll, DataCollectionTestCaseEventHandler: Test case 'Kompatibilnost1 - 13eed2cf-113d-931d-63b6-07684df95181' completed
TpTrace Information: 0 : 13812, 7, 2020/12/02, 10:18:55.895, 45786873230, datacollector.dll, DataCollectionTestCaseEventHandler: Test session ended
TpTrace Information: 0 : 13812, 1, 2020/12/02, 10:18:55.944, 45787365627, datacollector.dll, DataCollectionRequestHandler.ProcessRequests : Datacollector received message: (DataCollection.AfterTestRunEnd) -> false
TpTrace Information: 0 : 13812, 1, 2020/12/02, 10:18:55.945, 45787371663, datacollector.dll, Blame Collector : Session End
TpTrace Error: 0 : 13812, 1, 2020/12/02, 10:18:55.945, 45787374489, datacollector.dll, DataCollectionAttachmentManager.GetAttachments: Fail to get attachments: System.Collections.Generic.KeyNotFoundException: The given key 'Microsoft.VisualStudio.TestPlatform.ObjectModel.DataCollection.DataCollectionContext' was not present in the dictionary.
   at System.Collections.Generic.Dictionary`2.get_Item(TKey key)
   at Microsoft.VisualStudio.TestPlatform.Common.DataCollector.DataCollectionAttachmentManager.GetAttachments(DataCollectionContext dataCollectionContext) 
TpTrace Information: 0 : 13812, 1, 2020/12/02, 10:18:55.945, 45787375980, datacollector.dll, DataCollectionManager.CleanupPlugins: CleanupPlugins called
TpTrace Verbose: 0 : 13812, 1, 2020/12/02, 10:18:55.945, 45787377241, datacollector.dll, DataCollectionManager.CleanupPlugins: Cleaning up 1 plugins
TpTrace Verbose: 0 : 13812, 1, 2020/12/02, 10:18:55.946, 45787378978, datacollector.dll, dataCollectorInfo.DisposeDataCollector: calling Dispose() on Microsoft.TestPlatform.Extensions.BlameDataCollector.BlameCollector
TpTrace Information: 0 : 13812, 1, 2020/12/02, 10:18:55.946, 45787380467, datacollector.dll, DataCollectionManager.CleanupPlugins: CleanupPlugins finished
TpTrace Information: 0 : 13812, 1, 2020/12/02, 10:18:55.946, 45787382321, datacollector.dll, DataCollectionRequestHandler.ProcessRequests : Session End message received from server. Closing the connection.
TpTrace Information: 0 : 13812, 1, 2020/12/02, 10:18:55.946, 45787384441, datacollector.dll, Closing the connection !
TpTrace Information: 0 : 13812, 1, 2020/12/02, 10:18:55.946, 45787385686, datacollector.dll, DataCollectionRequestHandler.ProcessRequests : DataCollection completed
TpTrace Information: 0 : 13812, 1, 2020/12/02, 10:18:55.946, 45787386818, datacollector.dll, Program.Main: exiting datacollector process.
